{"D:\\STUPEN\\latihan-kelas\\Finall-Project\\app\\index.js": {"path":"D:\\STUPEN\\latihan-kelas\\Finall-Project\\app\\index.js","statementMap":{"0":{"start":{"line":1,"column":16},"end":{"line":1,"column":34}},"1":{"start":{"line":2,"column":15},"end":{"line":2,"column":32}},"2":{"start":{"line":3,"column":13},"end":{"line":3,"column":28}},"3":{"start":{"line":5,"column":17},"end":{"line":5,"column":45}},"4":{"start":{"line":6,"column":21},"end":{"line":6,"column":60}},"5":{"start":{"line":7,"column":15},"end":{"line":7,"column":34}},"6":{"start":{"line":9,"column":12},"end":{"line":9,"column":21}},"7":{"start":{"line":11,"column":0},"end":{"line":11,"column":24}},"8":{"start":{"line":12,"column":0},"end":{"line":12,"column":16}},"9":{"start":{"line":13,"column":0},"end":{"line":13,"column":48}},"10":{"start":{"line":15,"column":0},"end":{"line":15,"column":23}},"11":{"start":{"line":16,"column":0},"end":{"line":16,"column":16}},"12":{"start":{"line":18,"column":0},"end":{"line":20,"column":3}},"13":{"start":{"line":19,"column":2},"end":{"line":19,"column":51}},"14":{"start":{"line":22,"column":0},"end":{"line":22,"column":22}},"15":{"start":{"line":24,"column":0},"end":{"line":24,"column":21}}},"fnMap":{"0":{"name":"(anonymous_0)","decl":{"start":{"line":18,"column":13},"end":{"line":18,"column":14}},"loc":{"start":{"line":18,"column":33},"end":{"line":20,"column":1}},"line":18}},"branchMap":{},"s":{"0":2,"1":2,"2":2,"3":2,"4":2,"5":2,"6":2,"7":2,"8":2,"9":2,"10":2,"11":2,"12":2,"13":0,"14":2,"15":2},"f":{"0":0},"b":{},"_coverageSchema":"1a1c01bbd47fc00a2c39e90264f33305004495a9","hash":"9ce50c54098e11628aa097d6e26acdd76a0215f3"}
,"D:\\STUPEN\\latihan-kelas\\Finall-Project\\app\\controller\\OtpConroller.js": {"path":"D:\\STUPEN\\latihan-kelas\\Finall-Project\\app\\controller\\OtpConroller.js","statementMap":{"0":{"start":{"line":1,"column":21},"end":{"line":1,"column":56}},"1":{"start":{"line":2,"column":18},"end":{"line":2,"column":50}},"2":{"start":{"line":3,"column":12},"end":{"line":3,"column":35}},"3":{"start":{"line":5,"column":28},"end":{"line":5,"column":48}},"4":{"start":{"line":6,"column":23},"end":{"line":6,"column":34}},"5":{"start":{"line":7,"column":17},"end":{"line":7,"column":48}},"6":{"start":{"line":8,"column":28},"end":{"line":8,"column":67}},"7":{"start":{"line":9,"column":15},"end":{"line":9,"column":32}},"8":{"start":{"line":11,"column":18},"end":{"line":77,"column":1}},"9":{"start":{"line":12,"column":2},"end":{"line":76,"column":3}},"10":{"start":{"line":13,"column":23},"end":{"line":13,"column":33}},"11":{"start":{"line":14,"column":21},"end":{"line":14,"column":29}},"12":{"start":{"line":16,"column":20},"end":{"line":21,"column":6}},"13":{"start":{"line":23,"column":4},"end":{"line":25,"column":5}},"14":{"start":{"line":24,"column":6},"end":{"line":24,"column":66}},"15":{"start":{"line":27,"column":4},"end":{"line":29,"column":5}},"16":{"start":{"line":28,"column":6},"end":{"line":28,"column":55}},"17":{"start":{"line":31,"column":4},"end":{"line":40,"column":5}},"18":{"start":{"line":42,"column":21},"end":{"line":46,"column":6}},"19":{"start":{"line":48,"column":18},"end":{"line":56,"column":5}},"20":{"start":{"line":58,"column":4},"end":{"line":62,"column":6}},"21":{"start":{"line":64,"column":4},"end":{"line":73,"column":6}},"22":{"start":{"line":75,"column":4},"end":{"line":75,"column":40}},"23":{"start":{"line":79,"column":16},"end":{"line":147,"column":1}},"24":{"start":{"line":80,"column":2},"end":{"line":146,"column":3}},"25":{"start":{"line":81,"column":22},"end":{"line":81,"column":30}},"26":{"start":{"line":83,"column":17},"end":{"line":88,"column":6}},"27":{"start":{"line":90,"column":4},"end":{"line":92,"column":5}},"28":{"start":{"line":91,"column":6},"end":{"line":91,"column":64}},"29":{"start":{"line":94,"column":4},"end":{"line":98,"column":6}},"30":{"start":{"line":100,"column":20},"end":{"line":100,"column":40}},"31":{"start":{"line":101,"column":27},"end":{"line":101,"column":37}},"32":{"start":{"line":102,"column":32},"end":{"line":102,"column":33}},"33":{"start":{"line":103,"column":4},"end":{"line":103,"column":80}},"34":{"start":{"line":104,"column":40},"end":{"line":106,"column":5}},"35":{"start":{"line":108,"column":23},"end":{"line":108,"column":25}},"36":{"start":{"line":109,"column":25},"end":{"line":109,"column":61}},"37":{"start":{"line":111,"column":26},"end":{"line":116,"column":6}},"38":{"start":{"line":118,"column":26},"end":{"line":118,"column":65}},"39":{"start":{"line":119,"column":4},"end":{"line":119,"column":56}},"40":{"start":{"line":121,"column":24},"end":{"line":133,"column":5}},"41":{"start":{"line":134,"column":4},"end":{"line":134,"column":32}},"42":{"start":{"line":136,"column":4},"end":{"line":143,"column":6}},"43":{"start":{"line":145,"column":4},"end":{"line":145,"column":40}},"44":{"start":{"line":149,"column":0},"end":{"line":149,"column":39}}},"fnMap":{"0":{"name":"(anonymous_0)","decl":{"start":{"line":11,"column":18},"end":{"line":11,"column":19}},"loc":{"start":{"line":11,"column":44},"end":{"line":77,"column":1}},"line":11},"1":{"name":"(anonymous_1)","decl":{"start":{"line":79,"column":16},"end":{"line":79,"column":17}},"loc":{"start":{"line":79,"column":42},"end":{"line":147,"column":1}},"line":79}},"branchMap":{"0":{"loc":{"start":{"line":23,"column":4},"end":{"line":25,"column":5}},"type":"if","locations":[{"start":{"line":23,"column":4},"end":{"line":25,"column":5}},{"start":{},"end":{}}],"line":23},"1":{"loc":{"start":{"line":27,"column":4},"end":{"line":29,"column":5}},"type":"if","locations":[{"start":{"line":27,"column":4},"end":{"line":29,"column":5}},{"start":{},"end":{}}],"line":27},"2":{"loc":{"start":{"line":90,"column":4},"end":{"line":92,"column":5}},"type":"if","locations":[{"start":{"line":90,"column":4},"end":{"line":92,"column":5}},{"start":{},"end":{}}],"line":90}},"s":{"0":2,"1":2,"2":2,"3":2,"4":2,"5":2,"6":2,"7":2,"8":2,"9":0,"10":0,"11":0,"12":0,"13":0,"14":0,"15":0,"16":0,"17":0,"18":0,"19":0,"20":0,"21":0,"22":0,"23":2,"24":0,"25":0,"26":0,"27":0,"28":0,"29":0,"30":0,"31":0,"32":0,"33":0,"34":0,"35":0,"36":0,"37":0,"38":0,"39":0,"40":0,"41":0,"42":0,"43":0,"44":2},"f":{"0":0,"1":0},"b":{"0":[0,0],"1":[0,0],"2":[0,0]},"_coverageSchema":"1a1c01bbd47fc00a2c39e90264f33305004495a9","hash":"2475c015091187cb2a129e5eb3e4557fb1e7bd3f"}
,"D:\\STUPEN\\latihan-kelas\\Finall-Project\\app\\controller\\authController.js": {"path":"D:\\STUPEN\\latihan-kelas\\Finall-Project\\app\\controller\\authController.js","statementMap":{"0":{"start":{"line":2,"column":15},"end":{"line":2,"column":32}},"1":{"start":{"line":3,"column":12},"end":{"line":3,"column":35}},"2":{"start":{"line":6,"column":4},"end":{"line":6,"column":24}},"3":{"start":{"line":7,"column":21},"end":{"line":7,"column":56}},"4":{"start":{"line":9,"column":23},"end":{"line":9,"column":34}},"5":{"start":{"line":10,"column":18},"end":{"line":10,"column":50}},"6":{"start":{"line":12,"column":17},"end":{"line":12,"column":48}},"7":{"start":{"line":13,"column":28},"end":{"line":13,"column":67}},"8":{"start":{"line":15,"column":17},"end":{"line":97,"column":1}},"9":{"start":{"line":16,"column":2},"end":{"line":96,"column":3}},"10":{"start":{"line":19,"column":8},"end":{"line":19,"column":16}},"11":{"start":{"line":21,"column":17},"end":{"line":25,"column":6}},"12":{"start":{"line":27,"column":4},"end":{"line":29,"column":5}},"13":{"start":{"line":28,"column":6},"end":{"line":28,"column":71}},"14":{"start":{"line":31,"column":27},"end":{"line":31,"column":46}},"15":{"start":{"line":32,"column":4},"end":{"line":36,"column":5}},"16":{"start":{"line":33,"column":6},"end":{"line":35,"column":8}},"17":{"start":{"line":38,"column":23},"end":{"line":38,"column":25}},"18":{"start":{"line":39,"column":27},"end":{"line":39,"column":64}},"19":{"start":{"line":41,"column":20},"end":{"line":46,"column":6}},"20":{"start":{"line":47,"column":4},"end":{"line":51,"column":7}},"21":{"start":{"line":53,"column":20},"end":{"line":53,"column":40}},"22":{"start":{"line":54,"column":27},"end":{"line":54,"column":37}},"23":{"start":{"line":55,"column":32},"end":{"line":55,"column":33}},"24":{"start":{"line":56,"column":4},"end":{"line":56,"column":81}},"25":{"start":{"line":57,"column":40},"end":{"line":59,"column":5}},"26":{"start":{"line":61,"column":25},"end":{"line":61,"column":61}},"27":{"start":{"line":63,"column":19},"end":{"line":67,"column":6}},"28":{"start":{"line":69,"column":26},"end":{"line":69,"column":65}},"29":{"start":{"line":70,"column":4},"end":{"line":70,"column":50}},"30":{"start":{"line":72,"column":24},"end":{"line":84,"column":5}},"31":{"start":{"line":85,"column":4},"end":{"line":85,"column":33}},"32":{"start":{"line":87,"column":4},"end":{"line":93,"column":7}},"33":{"start":{"line":95,"column":4},"end":{"line":95,"column":41}},"34":{"start":{"line":99,"column":14},"end":{"line":155,"column":1}},"35":{"start":{"line":100,"column":2},"end":{"line":154,"column":3}},"36":{"start":{"line":101,"column":32},"end":{"line":101,"column":40}},"37":{"start":{"line":103,"column":17},"end":{"line":108,"column":6}},"38":{"start":{"line":110,"column":4},"end":{"line":112,"column":5}},"39":{"start":{"line":111,"column":6},"end":{"line":111,"column":62}},"40":{"start":{"line":114,"column":4},"end":{"line":151,"column":5}},"41":{"start":{"line":115,"column":20},"end":{"line":123,"column":7}},"42":{"start":{"line":124,"column":6},"end":{"line":126,"column":7}},"43":{"start":{"line":125,"column":8},"end":{"line":125,"column":70}},"44":{"start":{"line":128,"column":20},"end":{"line":133,"column":8}},"45":{"start":{"line":134,"column":6},"end":{"line":137,"column":9}},"46":{"start":{"line":139,"column":6},"end":{"line":148,"column":9}},"47":{"start":{"line":150,"column":6},"end":{"line":150,"column":57}},"48":{"start":{"line":153,"column":4},"end":{"line":153,"column":41}},"49":{"start":{"line":157,"column":26},"end":{"line":198,"column":1}},"50":{"start":{"line":158,"column":2},"end":{"line":197,"column":3}},"51":{"start":{"line":159,"column":32},"end":{"line":159,"column":40}},"52":{"start":{"line":161,"column":17},"end":{"line":166,"column":6}},"53":{"start":{"line":168,"column":4},"end":{"line":170,"column":5}},"54":{"start":{"line":169,"column":6},"end":{"line":169,"column":62}},"55":{"start":{"line":172,"column":4},"end":{"line":174,"column":5}},"56":{"start":{"line":173,"column":6},"end":{"line":173,"column":69}},"57":{"start":{"line":176,"column":4},"end":{"line":194,"column":5}},"58":{"start":{"line":177,"column":20},"end":{"line":185,"column":7}},"59":{"start":{"line":187,"column":6},"end":{"line":191,"column":9}},"60":{"start":{"line":193,"column":6},"end":{"line":193,"column":57}},"61":{"start":{"line":196,"column":4},"end":{"line":196,"column":41}},"62":{"start":{"line":200,"column":21},"end":{"line":223,"column":1}},"63":{"start":{"line":201,"column":19},"end":{"line":206,"column":4}},"64":{"start":{"line":207,"column":2},"end":{"line":222,"column":3}},"65":{"start":{"line":208,"column":4},"end":{"line":219,"column":7}},"66":{"start":{"line":221,"column":4},"end":{"line":221,"column":41}},"67":{"start":{"line":225,"column":26},"end":{"line":275,"column":1}},"68":{"start":{"line":226,"column":2},"end":{"line":274,"column":3}},"69":{"start":{"line":227,"column":23},"end":{"line":227,"column":33}},"70":{"start":{"line":228,"column":25},"end":{"line":228,"column":33}},"71":{"start":{"line":230,"column":18},"end":{"line":235,"column":6}},"72":{"start":{"line":237,"column":4},"end":{"line":239,"column":5}},"73":{"start":{"line":238,"column":6},"end":{"line":238,"column":68}},"74":{"start":{"line":242,"column":23},"end":{"line":242,"column":25}},"75":{"start":{"line":243,"column":27},"end":{"line":243,"column":66}},"76":{"start":{"line":245,"column":4},"end":{"line":254,"column":5}},"77":{"start":{"line":257,"column":18},"end":{"line":262,"column":6}},"78":{"start":{"line":263,"column":4},"end":{"line":266,"column":6}},"79":{"start":{"line":268,"column":4},"end":{"line":271,"column":7}},"80":{"start":{"line":273,"column":4},"end":{"line":273,"column":41}},"81":{"start":{"line":277,"column":0},"end":{"line":283,"column":2}}},"fnMap":{"0":{"name":"(anonymous_0)","decl":{"start":{"line":15,"column":17},"end":{"line":15,"column":18}},"loc":{"start":{"line":15,"column":43},"end":{"line":97,"column":1}},"line":15},"1":{"name":"(anonymous_1)","decl":{"start":{"line":99,"column":14},"end":{"line":99,"column":15}},"loc":{"start":{"line":99,"column":40},"end":{"line":155,"column":1}},"line":99},"2":{"name":"(anonymous_2)","decl":{"start":{"line":157,"column":26},"end":{"line":157,"column":27}},"loc":{"start":{"line":157,"column":52},"end":{"line":198,"column":1}},"line":157},"3":{"name":"(anonymous_3)","decl":{"start":{"line":200,"column":21},"end":{"line":200,"column":22}},"loc":{"start":{"line":200,"column":47},"end":{"line":223,"column":1}},"line":200},"4":{"name":"(anonymous_4)","decl":{"start":{"line":225,"column":26},"end":{"line":225,"column":27}},"loc":{"start":{"line":225,"column":52},"end":{"line":275,"column":1}},"line":225}},"branchMap":{"0":{"loc":{"start":{"line":27,"column":4},"end":{"line":29,"column":5}},"type":"if","locations":[{"start":{"line":27,"column":4},"end":{"line":29,"column":5}},{"start":{},"end":{}}],"line":27},"1":{"loc":{"start":{"line":32,"column":4},"end":{"line":36,"column":5}},"type":"if","locations":[{"start":{"line":32,"column":4},"end":{"line":36,"column":5}},{"start":{},"end":{}}],"line":32},"2":{"loc":{"start":{"line":110,"column":4},"end":{"line":112,"column":5}},"type":"if","locations":[{"start":{"line":110,"column":4},"end":{"line":112,"column":5}},{"start":{},"end":{}}],"line":110},"3":{"loc":{"start":{"line":114,"column":4},"end":{"line":151,"column":5}},"type":"if","locations":[{"start":{"line":114,"column":4},"end":{"line":151,"column":5}},{"start":{"line":149,"column":11},"end":{"line":151,"column":5}}],"line":114},"4":{"loc":{"start":{"line":114,"column":8},"end":{"line":114,"column":59}},"type":"binary-expr","locations":[{"start":{"line":114,"column":8},"end":{"line":114,"column":12}},{"start":{"line":114,"column":16},"end":{"line":114,"column":59}}],"line":114},"5":{"loc":{"start":{"line":124,"column":6},"end":{"line":126,"column":7}},"type":"if","locations":[{"start":{"line":124,"column":6},"end":{"line":126,"column":7}},{"start":{},"end":{}}],"line":124},"6":{"loc":{"start":{"line":168,"column":4},"end":{"line":170,"column":5}},"type":"if","locations":[{"start":{"line":168,"column":4},"end":{"line":170,"column":5}},{"start":{},"end":{}}],"line":168},"7":{"loc":{"start":{"line":172,"column":4},"end":{"line":174,"column":5}},"type":"if","locations":[{"start":{"line":172,"column":4},"end":{"line":174,"column":5}},{"start":{},"end":{}}],"line":172},"8":{"loc":{"start":{"line":176,"column":4},"end":{"line":194,"column":5}},"type":"if","locations":[{"start":{"line":176,"column":4},"end":{"line":194,"column":5}},{"start":{"line":192,"column":11},"end":{"line":194,"column":5}}],"line":176},"9":{"loc":{"start":{"line":176,"column":8},"end":{"line":176,"column":59}},"type":"binary-expr","locations":[{"start":{"line":176,"column":8},"end":{"line":176,"column":12}},{"start":{"line":176,"column":16},"end":{"line":176,"column":59}}],"line":176},"10":{"loc":{"start":{"line":237,"column":4},"end":{"line":239,"column":5}},"type":"if","locations":[{"start":{"line":237,"column":4},"end":{"line":239,"column":5}},{"start":{},"end":{}}],"line":237}},"s":{"0":2,"1":2,"2":2,"3":2,"4":2,"5":2,"6":2,"7":2,"8":2,"9":1,"10":1,"11":1,"12":1,"13":0,"14":1,"15":1,"16":0,"17":1,"18":1,"19":1,"20":1,"21":1,"22":1,"23":1,"24":1,"25":1,"26":1,"27":1,"28":1,"29":1,"30":1,"31":1,"32":1,"33":0,"34":2,"35":20,"36":20,"37":20,"38":20,"39":0,"40":20,"41":20,"42":20,"43":0,"44":20,"45":20,"46":20,"47":0,"48":0,"49":2,"50":2,"51":2,"52":2,"53":2,"54":0,"55":2,"56":0,"57":2,"58":2,"59":2,"60":0,"61":0,"62":2,"63":0,"64":0,"65":0,"66":0,"67":2,"68":0,"69":0,"70":0,"71":0,"72":0,"73":0,"74":0,"75":0,"76":0,"77":0,"78":0,"79":0,"80":0,"81":2},"f":{"0":1,"1":20,"2":2,"3":0,"4":0},"b":{"0":[0,1],"1":[0,1],"2":[0,20],"3":[20,0],"4":[20,20],"5":[0,20],"6":[0,2],"7":[0,2],"8":[2,0],"9":[2,2],"10":[0,0]},"_coverageSchema":"1a1c01bbd47fc00a2c39e90264f33305004495a9","hash":"faf582a88a2da33b6eebfc2f13d42ba20503f471"}
,"D:\\STUPEN\\latihan-kelas\\Finall-Project\\app\\controller\\categoryController.js": {"path":"D:\\STUPEN\\latihan-kelas\\Finall-Project\\app\\controller\\categoryController.js","statementMap":{"0":{"start":{"line":1,"column":13},"end":{"line":1,"column":28}},"1":{"start":{"line":2,"column":21},"end":{"line":2,"column":41}},"2":{"start":{"line":3,"column":17},"end":{"line":3,"column":48}},"3":{"start":{"line":4,"column":17},"end":{"line":4,"column":44}},"4":{"start":{"line":6,"column":23},"end":{"line":19,"column":1}},"5":{"start":{"line":7,"column":2},"end":{"line":18,"column":3}},"6":{"start":{"line":8,"column":21},"end":{"line":10,"column":6}},"7":{"start":{"line":12,"column":4},"end":{"line":15,"column":7}},"8":{"start":{"line":17,"column":4},"end":{"line":17,"column":41}},"9":{"start":{"line":21,"column":23},"end":{"line":34,"column":1}},"10":{"start":{"line":22,"column":2},"end":{"line":33,"column":3}},"11":{"start":{"line":23,"column":21},"end":{"line":25,"column":6}},"12":{"start":{"line":27,"column":4},"end":{"line":30,"column":7}},"13":{"start":{"line":32,"column":4},"end":{"line":32,"column":41}},"14":{"start":{"line":36,"column":23},"end":{"line":61,"column":1}},"15":{"start":{"line":37,"column":23},"end":{"line":37,"column":31}},"16":{"start":{"line":38,"column":19},"end":{"line":38,"column":22}},"17":{"start":{"line":41,"column":2},"end":{"line":60,"column":3}},"18":{"start":{"line":42,"column":4},"end":{"line":50,"column":5}},"19":{"start":{"line":43,"column":23},"end":{"line":43,"column":40}},"20":{"start":{"line":44,"column":24},"end":{"line":44,"column":46}},"21":{"start":{"line":45,"column":28},"end":{"line":48,"column":8}},"22":{"start":{"line":49,"column":6},"end":{"line":49,"column":32}},"23":{"start":{"line":52,"column":24},"end":{"line":52,"column":73}},"24":{"start":{"line":54,"column":4},"end":{"line":57,"column":7}},"25":{"start":{"line":59,"column":4},"end":{"line":59,"column":41}},"26":{"start":{"line":63,"column":23},"end":{"line":94,"column":1}},"27":{"start":{"line":64,"column":17},"end":{"line":64,"column":27}},"28":{"start":{"line":65,"column":23},"end":{"line":65,"column":31}},"29":{"start":{"line":66,"column":19},"end":{"line":66,"column":22}},"30":{"start":{"line":67,"column":20},"end":{"line":67,"column":54}},"31":{"start":{"line":70,"column":2},"end":{"line":93,"column":3}},"32":{"start":{"line":71,"column":4},"end":{"line":79,"column":5}},"33":{"start":{"line":72,"column":23},"end":{"line":72,"column":40}},"34":{"start":{"line":73,"column":24},"end":{"line":73,"column":46}},"35":{"start":{"line":74,"column":28},"end":{"line":77,"column":8}},"36":{"start":{"line":78,"column":6},"end":{"line":78,"column":32}},"37":{"start":{"line":81,"column":28},"end":{"line":84,"column":5}},"38":{"start":{"line":86,"column":4},"end":{"line":90,"column":7}},"39":{"start":{"line":92,"column":4},"end":{"line":92,"column":41}},"40":{"start":{"line":96,"column":23},"end":{"line":109,"column":1}},"41":{"start":{"line":97,"column":17},"end":{"line":97,"column":27}},"42":{"start":{"line":98,"column":20},"end":{"line":98,"column":37}},"43":{"start":{"line":99,"column":2},"end":{"line":108,"column":3}},"44":{"start":{"line":100,"column":4},"end":{"line":100,"column":38}},"45":{"start":{"line":102,"column":4},"end":{"line":105,"column":7}},"46":{"start":{"line":107,"column":4},"end":{"line":107,"column":41}},"47":{"start":{"line":111,"column":0},"end":{"line":117,"column":2}}},"fnMap":{"0":{"name":"(anonymous_0)","decl":{"start":{"line":6,"column":23},"end":{"line":6,"column":24}},"loc":{"start":{"line":6,"column":49},"end":{"line":19,"column":1}},"line":6},"1":{"name":"(anonymous_1)","decl":{"start":{"line":21,"column":23},"end":{"line":21,"column":24}},"loc":{"start":{"line":21,"column":49},"end":{"line":34,"column":1}},"line":21},"2":{"name":"(anonymous_2)","decl":{"start":{"line":36,"column":23},"end":{"line":36,"column":24}},"loc":{"start":{"line":36,"column":49},"end":{"line":61,"column":1}},"line":36},"3":{"name":"(anonymous_3)","decl":{"start":{"line":63,"column":23},"end":{"line":63,"column":24}},"loc":{"start":{"line":63,"column":49},"end":{"line":94,"column":1}},"line":63},"4":{"name":"(anonymous_4)","decl":{"start":{"line":96,"column":23},"end":{"line":96,"column":24}},"loc":{"start":{"line":96,"column":49},"end":{"line":109,"column":1}},"line":96}},"branchMap":{"0":{"loc":{"start":{"line":42,"column":4},"end":{"line":50,"column":5}},"type":"if","locations":[{"start":{"line":42,"column":4},"end":{"line":50,"column":5}},{"start":{},"end":{}}],"line":42},"1":{"loc":{"start":{"line":71,"column":4},"end":{"line":79,"column":5}},"type":"if","locations":[{"start":{"line":71,"column":4},"end":{"line":79,"column":5}},{"start":{},"end":{}}],"line":71}},"s":{"0":2,"1":2,"2":2,"3":2,"4":2,"5":0,"6":0,"7":0,"8":0,"9":2,"10":0,"11":0,"12":0,"13":0,"14":2,"15":0,"16":0,"17":0,"18":0,"19":0,"20":0,"21":0,"22":0,"23":0,"24":0,"25":0,"26":2,"27":0,"28":0,"29":0,"30":0,"31":0,"32":0,"33":0,"34":0,"35":0,"36":0,"37":0,"38":0,"39":0,"40":2,"41":0,"42":0,"43":0,"44":0,"45":0,"46":0,"47":2},"f":{"0":0,"1":0,"2":0,"3":0,"4":0},"b":{"0":[0,0],"1":[0,0]},"_coverageSchema":"1a1c01bbd47fc00a2c39e90264f33305004495a9","hash":"d30168c1f9526b2178337754322af225f84a581d"}
,"D:\\STUPEN\\latihan-kelas\\Finall-Project\\app\\controller\\chapterController.js": {"path":"D:\\STUPEN\\latihan-kelas\\Finall-Project\\app\\controller\\chapterController.js","statementMap":{"0":{"start":{"line":2,"column":17},"end":{"line":2,"column":48}},"1":{"start":{"line":3,"column":28},"end":{"line":3,"column":48}},"2":{"start":{"line":4,"column":0},"end":{"line":4,"column":27}},"3":{"start":{"line":6,"column":22},"end":{"line":29,"column":1}},"4":{"start":{"line":7,"column":27},"end":{"line":7,"column":35}},"5":{"start":{"line":8,"column":2},"end":{"line":28,"column":3}},"6":{"start":{"line":9,"column":19},"end":{"line":9,"column":55}},"7":{"start":{"line":11,"column":4},"end":{"line":11,"column":79}},"8":{"start":{"line":11,"column":17},"end":{"line":11,"column":79}},"9":{"start":{"line":13,"column":4},"end":{"line":13,"column":87}},"10":{"start":{"line":13,"column":25},"end":{"line":13,"column":85}},"11":{"start":{"line":15,"column":20},"end":{"line":18,"column":6}},"12":{"start":{"line":20,"column":4},"end":{"line":25,"column":7}},"13":{"start":{"line":27,"column":4},"end":{"line":27,"column":41}},"14":{"start":{"line":31,"column":23},"end":{"line":47,"column":1}},"15":{"start":{"line":32,"column":2},"end":{"line":46,"column":3}},"16":{"start":{"line":33,"column":21},"end":{"line":35,"column":6}},"17":{"start":{"line":37,"column":4},"end":{"line":43,"column":7}},"18":{"start":{"line":45,"column":4},"end":{"line":45,"column":41}},"19":{"start":{"line":49,"column":20},"end":{"line":69,"column":1}},"20":{"start":{"line":50,"column":2},"end":{"line":68,"column":3}},"21":{"start":{"line":51,"column":20},"end":{"line":56,"column":6}},"22":{"start":{"line":58,"column":4},"end":{"line":58,"column":81}},"23":{"start":{"line":58,"column":18},"end":{"line":58,"column":81}},"24":{"start":{"line":60,"column":4},"end":{"line":65,"column":7}},"25":{"start":{"line":67,"column":4},"end":{"line":67,"column":41}},"26":{"start":{"line":71,"column":22},"end":{"line":105,"column":1}},"27":{"start":{"line":72,"column":2},"end":{"line":104,"column":3}},"28":{"start":{"line":73,"column":29},"end":{"line":73,"column":37}},"29":{"start":{"line":75,"column":22},"end":{"line":79,"column":6}},"30":{"start":{"line":81,"column":4},"end":{"line":81,"column":87}},"31":{"start":{"line":81,"column":22},"end":{"line":81,"column":85}},"32":{"start":{"line":83,"column":4},"end":{"line":83,"column":87}},"33":{"start":{"line":83,"column":25},"end":{"line":83,"column":85}},"34":{"start":{"line":85,"column":20},"end":{"line":95,"column":5}},"35":{"start":{"line":97,"column":4},"end":{"line":101,"column":7}},"36":{"start":{"line":103,"column":4},"end":{"line":103,"column":41}},"37":{"start":{"line":107,"column":22},"end":{"line":128,"column":1}},"38":{"start":{"line":108,"column":2},"end":{"line":127,"column":3}},"39":{"start":{"line":109,"column":22},"end":{"line":113,"column":6}},"40":{"start":{"line":115,"column":4},"end":{"line":115,"column":87}},"41":{"start":{"line":115,"column":22},"end":{"line":115,"column":85}},"42":{"start":{"line":117,"column":4},"end":{"line":119,"column":7}},"43":{"start":{"line":121,"column":4},"end":{"line":124,"column":7}},"44":{"start":{"line":126,"column":4},"end":{"line":126,"column":41}},"45":{"start":{"line":130,"column":0},"end":{"line":136,"column":2}}},"fnMap":{"0":{"name":"(anonymous_0)","decl":{"start":{"line":6,"column":22},"end":{"line":6,"column":23}},"loc":{"start":{"line":6,"column":48},"end":{"line":29,"column":1}},"line":6},"1":{"name":"(anonymous_1)","decl":{"start":{"line":31,"column":23},"end":{"line":31,"column":24}},"loc":{"start":{"line":31,"column":49},"end":{"line":47,"column":1}},"line":31},"2":{"name":"(anonymous_2)","decl":{"start":{"line":49,"column":20},"end":{"line":49,"column":21}},"loc":{"start":{"line":49,"column":46},"end":{"line":69,"column":1}},"line":49},"3":{"name":"(anonymous_3)","decl":{"start":{"line":71,"column":22},"end":{"line":71,"column":23}},"loc":{"start":{"line":71,"column":48},"end":{"line":105,"column":1}},"line":71},"4":{"name":"(anonymous_4)","decl":{"start":{"line":107,"column":22},"end":{"line":107,"column":23}},"loc":{"start":{"line":107,"column":48},"end":{"line":128,"column":1}},"line":107}},"branchMap":{"0":{"loc":{"start":{"line":11,"column":4},"end":{"line":11,"column":79}},"type":"if","locations":[{"start":{"line":11,"column":4},"end":{"line":11,"column":79}},{"start":{},"end":{}}],"line":11},"1":{"loc":{"start":{"line":13,"column":4},"end":{"line":13,"column":87}},"type":"if","locations":[{"start":{"line":13,"column":4},"end":{"line":13,"column":87}},{"start":{},"end":{}}],"line":13},"2":{"loc":{"start":{"line":58,"column":4},"end":{"line":58,"column":81}},"type":"if","locations":[{"start":{"line":58,"column":4},"end":{"line":58,"column":81}},{"start":{},"end":{}}],"line":58},"3":{"loc":{"start":{"line":81,"column":4},"end":{"line":81,"column":87}},"type":"if","locations":[{"start":{"line":81,"column":4},"end":{"line":81,"column":87}},{"start":{},"end":{}}],"line":81},"4":{"loc":{"start":{"line":83,"column":4},"end":{"line":83,"column":87}},"type":"if","locations":[{"start":{"line":83,"column":4},"end":{"line":83,"column":87}},{"start":{},"end":{}}],"line":83},"5":{"loc":{"start":{"line":115,"column":4},"end":{"line":115,"column":87}},"type":"if","locations":[{"start":{"line":115,"column":4},"end":{"line":115,"column":87}},{"start":{},"end":{}}],"line":115}},"s":{"0":2,"1":2,"2":2,"3":2,"4":0,"5":0,"6":0,"7":0,"8":0,"9":0,"10":0,"11":0,"12":0,"13":0,"14":2,"15":0,"16":0,"17":0,"18":0,"19":2,"20":0,"21":0,"22":0,"23":0,"24":0,"25":0,"26":2,"27":0,"28":0,"29":0,"30":0,"31":0,"32":0,"33":0,"34":0,"35":0,"36":0,"37":2,"38":0,"39":0,"40":0,"41":0,"42":0,"43":0,"44":0,"45":2},"f":{"0":0,"1":0,"2":0,"3":0,"4":0},"b":{"0":[0,0],"1":[0,0],"2":[0,0],"3":[0,0],"4":[0,0],"5":[0,0]},"_coverageSchema":"1a1c01bbd47fc00a2c39e90264f33305004495a9","hash":"11bbaf1960731eb8fb22a699532e7b536146ca09"}
,"D:\\STUPEN\\latihan-kelas\\Finall-Project\\app\\controller\\contentController.js": {"path":"D:\\STUPEN\\latihan-kelas\\Finall-Project\\app\\controller\\contentController.js","statementMap":{"0":{"start":{"line":1,"column":29},"end":{"line":1,"column":49}},"1":{"start":{"line":2,"column":17},"end":{"line":2,"column":48}},"2":{"start":{"line":6,"column":19},"end":{"line":24,"column":1}},"3":{"start":{"line":7,"column":2},"end":{"line":23,"column":3}},"4":{"start":{"line":8,"column":24},"end":{"line":10,"column":6}},"5":{"start":{"line":12,"column":4},"end":{"line":14,"column":5}},"6":{"start":{"line":13,"column":6},"end":{"line":13,"column":59}},"7":{"start":{"line":16,"column":4},"end":{"line":20,"column":7}},"8":{"start":{"line":22,"column":4},"end":{"line":22,"column":41}},"9":{"start":{"line":26,"column":23},"end":{"line":50,"column":1}},"10":{"start":{"line":27,"column":2},"end":{"line":49,"column":3}},"11":{"start":{"line":28,"column":26},"end":{"line":28,"column":36}},"12":{"start":{"line":29,"column":24},"end":{"line":34,"column":6}},"13":{"start":{"line":36,"column":4},"end":{"line":40,"column":5}},"14":{"start":{"line":37,"column":6},"end":{"line":39,"column":8}},"15":{"start":{"line":42,"column":4},"end":{"line":46,"column":7}},"16":{"start":{"line":48,"column":4},"end":{"line":48,"column":41}},"17":{"start":{"line":52,"column":28},"end":{"line":74,"column":1}},"18":{"start":{"line":53,"column":2},"end":{"line":73,"column":3}},"19":{"start":{"line":54,"column":56},"end":{"line":54,"column":64}},"20":{"start":{"line":55,"column":26},"end":{"line":55,"column":36}},"21":{"start":{"line":57,"column":24},"end":{"line":64,"column":6}},"22":{"start":{"line":66,"column":4},"end":{"line":70,"column":7}},"23":{"start":{"line":72,"column":4},"end":{"line":72,"column":41}},"24":{"start":{"line":76,"column":28},"end":{"line":139,"column":1}},"25":{"start":{"line":77,"column":2},"end":{"line":138,"column":3}},"26":{"start":{"line":78,"column":37},"end":{"line":78,"column":45}},"27":{"start":{"line":79,"column":26},"end":{"line":79,"column":36}},"28":{"start":{"line":80,"column":24},"end":{"line":80,"column":39}},"29":{"start":{"line":81,"column":18},"end":{"line":81,"column":26}},"30":{"start":{"line":83,"column":24},"end":{"line":87,"column":6}},"31":{"start":{"line":89,"column":4},"end":{"line":91,"column":5}},"32":{"start":{"line":90,"column":6},"end":{"line":90,"column":70}},"33":{"start":{"line":93,"column":22},"end":{"line":95,"column":5}},"34":{"start":{"line":96,"column":21},"end":{"line":98,"column":5}},"35":{"start":{"line":99,"column":20},"end":{"line":99,"column":52}},"36":{"start":{"line":100,"column":20},"end":{"line":100,"column":44}},"37":{"start":{"line":101,"column":29},"end":{"line":101,"column":53}},"38":{"start":{"line":103,"column":26},"end":{"line":103,"column":58}},"39":{"start":{"line":105,"column":18},"end":{"line":105,"column":47}},"40":{"start":{"line":108,"column":4},"end":{"line":112,"column":5}},"41":{"start":{"line":109,"column":6},"end":{"line":109,"column":28}},"42":{"start":{"line":111,"column":6},"end":{"line":111,"column":32}},"43":{"start":{"line":114,"column":24},"end":{"line":114,"column":54}},"44":{"start":{"line":116,"column":24},"end":{"line":119,"column":6}},"45":{"start":{"line":121,"column":24},"end":{"line":127,"column":6}},"46":{"start":{"line":129,"column":4},"end":{"line":135,"column":7}},"47":{"start":{"line":137,"column":4},"end":{"line":137,"column":41}},"48":{"start":{"line":141,"column":28},"end":{"line":274,"column":1}},"49":{"start":{"line":142,"column":2},"end":{"line":273,"column":3}},"50":{"start":{"line":143,"column":37},"end":{"line":143,"column":47}},"51":{"start":{"line":144,"column":18},"end":{"line":144,"column":26}},"52":{"start":{"line":145,"column":29},"end":{"line":145,"column":37}},"53":{"start":{"line":153,"column":24},"end":{"line":157,"column":6}},"54":{"start":{"line":162,"column":4},"end":{"line":164,"column":5}},"55":{"start":{"line":163,"column":6},"end":{"line":163,"column":69}},"56":{"start":{"line":166,"column":4},"end":{"line":270,"column":5}},"57":{"start":{"line":168,"column":6},"end":{"line":255,"column":7}},"58":{"start":{"line":169,"column":28},"end":{"line":169,"column":58}},"59":{"start":{"line":170,"column":22},"end":{"line":170,"column":51}},"60":{"start":{"line":171,"column":27},"end":{"line":171,"column":35}},"61":{"start":{"line":172,"column":28},"end":{"line":175,"column":10}},"62":{"start":{"line":176,"column":8},"end":{"line":188,"column":10}},"63":{"start":{"line":189,"column":13},"end":{"line":255,"column":7}},"64":{"start":{"line":190,"column":25},"end":{"line":190,"column":69}},"65":{"start":{"line":191,"column":24},"end":{"line":191,"column":74}},"66":{"start":{"line":192,"column":8},"end":{"line":192,"column":74}},"67":{"start":{"line":193,"column":31},"end":{"line":193,"column":49}},"68":{"start":{"line":194,"column":8},"end":{"line":198,"column":11}},"69":{"start":{"line":199,"column":8},"end":{"line":211,"column":10}},"70":{"start":{"line":212,"column":13},"end":{"line":255,"column":7}},"71":{"start":{"line":213,"column":28},"end":{"line":213,"column":58}},"72":{"start":{"line":214,"column":22},"end":{"line":214,"column":51}},"73":{"start":{"line":215,"column":27},"end":{"line":215,"column":35}},"74":{"start":{"line":216,"column":28},"end":{"line":219,"column":10}},"75":{"start":{"line":220,"column":8},"end":{"line":232,"column":10}},"76":{"start":{"line":233,"column":25},"end":{"line":233,"column":69}},"77":{"start":{"line":234,"column":24},"end":{"line":234,"column":74}},"78":{"start":{"line":235,"column":8},"end":{"line":235,"column":74}},"79":{"start":{"line":236,"column":31},"end":{"line":236,"column":49}},"80":{"start":{"line":237,"column":8},"end":{"line":241,"column":11}},"81":{"start":{"line":242,"column":8},"end":{"line":254,"column":10}},"82":{"start":{"line":257,"column":6},"end":{"line":265,"column":9}},"83":{"start":{"line":267,"column":6},"end":{"line":269,"column":8}},"84":{"start":{"line":272,"column":4},"end":{"line":272,"column":41}},"85":{"start":{"line":276,"column":28},"end":{"line":322,"column":1}},"86":{"start":{"line":277,"column":2},"end":{"line":321,"column":3}},"87":{"start":{"line":278,"column":37},"end":{"line":278,"column":47}},"88":{"start":{"line":279,"column":56},"end":{"line":279,"column":64}},"89":{"start":{"line":287,"column":24},"end":{"line":291,"column":6}},"90":{"start":{"line":296,"column":4},"end":{"line":298,"column":5}},"91":{"start":{"line":297,"column":6},"end":{"line":297,"column":69}},"92":{"start":{"line":300,"column":26},"end":{"line":313,"column":5}},"93":{"start":{"line":315,"column":4},"end":{"line":318,"column":7}},"94":{"start":{"line":320,"column":4},"end":{"line":320,"column":41}},"95":{"start":{"line":324,"column":26},"end":{"line":352,"column":1}},"96":{"start":{"line":325,"column":2},"end":{"line":351,"column":3}},"97":{"start":{"line":326,"column":26},"end":{"line":326,"column":36}},"98":{"start":{"line":327,"column":24},"end":{"line":331,"column":6}},"99":{"start":{"line":333,"column":4},"end":{"line":335,"column":5}},"100":{"start":{"line":334,"column":6},"end":{"line":334,"column":69}},"101":{"start":{"line":337,"column":27},"end":{"line":342,"column":6}},"102":{"start":{"line":344,"column":4},"end":{"line":348,"column":7}},"103":{"start":{"line":350,"column":4},"end":{"line":350,"column":41}},"104":{"start":{"line":353,"column":0},"end":{"line":361,"column":2}}},"fnMap":{"0":{"name":"(anonymous_0)","decl":{"start":{"line":6,"column":19},"end":{"line":6,"column":20}},"loc":{"start":{"line":6,"column":45},"end":{"line":24,"column":1}},"line":6},"1":{"name":"(anonymous_1)","decl":{"start":{"line":26,"column":23},"end":{"line":26,"column":24}},"loc":{"start":{"line":26,"column":49},"end":{"line":50,"column":1}},"line":26},"2":{"name":"(anonymous_2)","decl":{"start":{"line":52,"column":28},"end":{"line":52,"column":29}},"loc":{"start":{"line":52,"column":54},"end":{"line":74,"column":1}},"line":52},"3":{"name":"(anonymous_3)","decl":{"start":{"line":76,"column":28},"end":{"line":76,"column":29}},"loc":{"start":{"line":76,"column":54},"end":{"line":139,"column":1}},"line":76},"4":{"name":"(anonymous_4)","decl":{"start":{"line":141,"column":28},"end":{"line":141,"column":29}},"loc":{"start":{"line":141,"column":54},"end":{"line":274,"column":1}},"line":141},"5":{"name":"(anonymous_5)","decl":{"start":{"line":276,"column":28},"end":{"line":276,"column":29}},"loc":{"start":{"line":276,"column":54},"end":{"line":322,"column":1}},"line":276},"6":{"name":"(anonymous_6)","decl":{"start":{"line":324,"column":26},"end":{"line":324,"column":27}},"loc":{"start":{"line":324,"column":52},"end":{"line":352,"column":1}},"line":324}},"branchMap":{"0":{"loc":{"start":{"line":12,"column":4},"end":{"line":14,"column":5}},"type":"if","locations":[{"start":{"line":12,"column":4},"end":{"line":14,"column":5}},{"start":{},"end":{}}],"line":12},"1":{"loc":{"start":{"line":36,"column":4},"end":{"line":40,"column":5}},"type":"if","locations":[{"start":{"line":36,"column":4},"end":{"line":40,"column":5}},{"start":{},"end":{}}],"line":36},"2":{"loc":{"start":{"line":89,"column":4},"end":{"line":91,"column":5}},"type":"if","locations":[{"start":{"line":89,"column":4},"end":{"line":91,"column":5}},{"start":{},"end":{}}],"line":89},"3":{"loc":{"start":{"line":108,"column":4},"end":{"line":112,"column":5}},"type":"if","locations":[{"start":{"line":108,"column":4},"end":{"line":112,"column":5}},{"start":{"line":110,"column":11},"end":{"line":112,"column":5}}],"line":108},"4":{"loc":{"start":{"line":162,"column":4},"end":{"line":164,"column":5}},"type":"if","locations":[{"start":{"line":162,"column":4},"end":{"line":164,"column":5}},{"start":{},"end":{}}],"line":162},"5":{"loc":{"start":{"line":166,"column":4},"end":{"line":270,"column":5}},"type":"if","locations":[{"start":{"line":166,"column":4},"end":{"line":270,"column":5}},{"start":{"line":266,"column":11},"end":{"line":270,"column":5}}],"line":166},"6":{"loc":{"start":{"line":168,"column":6},"end":{"line":255,"column":7}},"type":"if","locations":[{"start":{"line":168,"column":6},"end":{"line":255,"column":7}},{"start":{"line":189,"column":13},"end":{"line":255,"column":7}}],"line":168},"7":{"loc":{"start":{"line":189,"column":13},"end":{"line":255,"column":7}},"type":"if","locations":[{"start":{"line":189,"column":13},"end":{"line":255,"column":7}},{"start":{"line":212,"column":13},"end":{"line":255,"column":7}}],"line":189},"8":{"loc":{"start":{"line":212,"column":13},"end":{"line":255,"column":7}},"type":"if","locations":[{"start":{"line":212,"column":13},"end":{"line":255,"column":7}},{"start":{},"end":{}}],"line":212},"9":{"loc":{"start":{"line":212,"column":17},"end":{"line":212,"column":38}},"type":"binary-expr","locations":[{"start":{"line":212,"column":17},"end":{"line":212,"column":29}},{"start":{"line":212,"column":33},"end":{"line":212,"column":38}}],"line":212},"10":{"loc":{"start":{"line":296,"column":4},"end":{"line":298,"column":5}},"type":"if","locations":[{"start":{"line":296,"column":4},"end":{"line":298,"column":5}},{"start":{},"end":{}}],"line":296},"11":{"loc":{"start":{"line":333,"column":4},"end":{"line":335,"column":5}},"type":"if","locations":[{"start":{"line":333,"column":4},"end":{"line":335,"column":5}},{"start":{},"end":{}}],"line":333}},"s":{"0":2,"1":2,"2":2,"3":0,"4":0,"5":0,"6":0,"7":0,"8":0,"9":2,"10":0,"11":0,"12":0,"13":0,"14":0,"15":0,"16":0,"17":2,"18":0,"19":0,"20":0,"21":0,"22":0,"23":0,"24":2,"25":0,"26":0,"27":0,"28":0,"29":0,"30":0,"31":0,"32":0,"33":0,"34":0,"35":0,"36":0,"37":0,"38":0,"39":0,"40":0,"41":0,"42":0,"43":0,"44":0,"45":0,"46":0,"47":0,"48":2,"49":0,"50":0,"51":0,"52":0,"53":0,"54":0,"55":0,"56":0,"57":0,"58":0,"59":0,"60":0,"61":0,"62":0,"63":0,"64":0,"65":0,"66":0,"67":0,"68":0,"69":0,"70":0,"71":0,"72":0,"73":0,"74":0,"75":0,"76":0,"77":0,"78":0,"79":0,"80":0,"81":0,"82":0,"83":0,"84":0,"85":2,"86":0,"87":0,"88":0,"89":0,"90":0,"91":0,"92":0,"93":0,"94":0,"95":2,"96":0,"97":0,"98":0,"99":0,"100":0,"101":0,"102":0,"103":0,"104":2},"f":{"0":0,"1":0,"2":0,"3":0,"4":0,"5":0,"6":0},"b":{"0":[0,0],"1":[0,0],"2":[0,0],"3":[0,0],"4":[0,0],"5":[0,0],"6":[0,0],"7":[0,0],"8":[0,0],"9":[0,0],"10":[0,0],"11":[0,0]},"_coverageSchema":"1a1c01bbd47fc00a2c39e90264f33305004495a9","hash":"c3b251f266f1527562f896aee8d075738d2c252c"}
,"D:\\STUPEN\\latihan-kelas\\Finall-Project\\app\\controller\\courseController.js": {"path":"D:\\STUPEN\\latihan-kelas\\Finall-Project\\app\\controller\\courseController.js","statementMap":{"0":{"start":{"line":2,"column":15},"end":{"line":2,"column":35}},"1":{"start":{"line":3,"column":13},"end":{"line":3,"column":28}},"2":{"start":{"line":12,"column":4},"end":{"line":12,"column":24}},"3":{"start":{"line":13,"column":17},"end":{"line":13,"column":48}},"4":{"start":{"line":14,"column":17},"end":{"line":14,"column":44}},"5":{"start":{"line":16,"column":21},"end":{"line":157,"column":1}},"6":{"start":{"line":17,"column":2},"end":{"line":156,"column":3}},"7":{"start":{"line":25,"column":8},"end":{"line":25,"column":17}},"8":{"start":{"line":27,"column":19},"end":{"line":27,"column":21}},"9":{"start":{"line":28,"column":18},"end":{"line":28,"column":20}},"10":{"start":{"line":30,"column":4},"end":{"line":32,"column":5}},"11":{"start":{"line":31,"column":6},"end":{"line":31,"column":56}},"12":{"start":{"line":34,"column":4},"end":{"line":36,"column":5}},"13":{"start":{"line":35,"column":6},"end":{"line":35,"column":60}},"14":{"start":{"line":38,"column":4},"end":{"line":44,"column":5}},"15":{"start":{"line":39,"column":20},"end":{"line":39,"column":39}},"16":{"start":{"line":40,"column":6},"end":{"line":42,"column":7}},"17":{"start":{"line":41,"column":8},"end":{"line":41,"column":66}},"18":{"start":{"line":43,"column":6},"end":{"line":43,"column":31}},"19":{"start":{"line":46,"column":4},"end":{"line":52,"column":5}},"20":{"start":{"line":47,"column":21},"end":{"line":47,"column":61}},"21":{"start":{"line":48,"column":6},"end":{"line":50,"column":7}},"22":{"start":{"line":49,"column":8},"end":{"line":49,"column":60}},"23":{"start":{"line":51,"column":6},"end":{"line":51,"column":33}},"24":{"start":{"line":54,"column":4},"end":{"line":56,"column":5}},"25":{"start":{"line":55,"column":6},"end":{"line":55,"column":83}},"26":{"start":{"line":58,"column":4},"end":{"line":60,"column":5}},"27":{"start":{"line":59,"column":6},"end":{"line":59,"column":82}},"28":{"start":{"line":62,"column":4},"end":{"line":67,"column":5}},"29":{"start":{"line":63,"column":6},"end":{"line":65,"column":7}},"30":{"start":{"line":64,"column":8},"end":{"line":64,"column":98}},"31":{"start":{"line":66,"column":6},"end":{"line":66,"column":50}},"32":{"start":{"line":69,"column":23},"end":{"line":95,"column":6}},"33":{"start":{"line":97,"column":4},"end":{"line":99,"column":5}},"34":{"start":{"line":98,"column":6},"end":{"line":98,"column":54}},"35":{"start":{"line":101,"column":22},"end":{"line":141,"column":5}},"36":{"start":{"line":103,"column":35},"end":{"line":103,"column":59}},"37":{"start":{"line":104,"column":25},"end":{"line":107,"column":10}},"38":{"start":{"line":105,"column":37},"end":{"line":105,"column":79}},"39":{"start":{"line":105,"column":71},"end":{"line":105,"column":78}},"40":{"start":{"line":106,"column":10},"end":{"line":106,"column":36}},"41":{"start":{"line":109,"column":40},"end":{"line":118,"column":10}},"42":{"start":{"line":110,"column":30},"end":{"line":116,"column":15}},"43":{"start":{"line":111,"column":29},"end":{"line":111,"column":53}},"44":{"start":{"line":112,"column":28},"end":{"line":112,"column":53}},"45":{"start":{"line":113,"column":27},"end":{"line":113,"column":82}},"46":{"start":{"line":114,"column":26},"end":{"line":114,"column":48}},"47":{"start":{"line":115,"column":12},"end":{"line":115,"column":25}},"48":{"start":{"line":117,"column":10},"end":{"line":117,"column":29}},"49":{"start":{"line":120,"column":39},"end":{"line":120,"column":99}},"50":{"start":{"line":120,"column":85},"end":{"line":120,"column":95}},"51":{"start":{"line":122,"column":32},"end":{"line":126,"column":10}},"52":{"start":{"line":128,"column":27},"end":{"line":128,"column":61}},"53":{"start":{"line":129,"column":25},"end":{"line":129,"column":88}},"54":{"start":{"line":131,"column":8},"end":{"line":139,"column":10}},"55":{"start":{"line":143,"column":28},"end":{"line":143,"column":43}},"56":{"start":{"line":144,"column":20},"end":{"line":148,"column":6}},"57":{"start":{"line":145,"column":25},"end":{"line":145,"column":31}},"58":{"start":{"line":146,"column":6},"end":{"line":146,"column":33}},"59":{"start":{"line":147,"column":6},"end":{"line":147,"column":20}},"60":{"start":{"line":150,"column":4},"end":{"line":153,"column":7}},"61":{"start":{"line":155,"column":4},"end":{"line":155,"column":41}},"62":{"start":{"line":159,"column":21},"end":{"line":270,"column":1}},"63":{"start":{"line":160,"column":2},"end":{"line":269,"column":3}},"64":{"start":{"line":161,"column":29},"end":{"line":163,"column":6}},"65":{"start":{"line":165,"column":22},"end":{"line":186,"column":6}},"66":{"start":{"line":188,"column":19},"end":{"line":188,"column":37}},"67":{"start":{"line":190,"column":28},"end":{"line":194,"column":6}},"68":{"start":{"line":196,"column":25},"end":{"line":199,"column":6}},"69":{"start":{"line":197,"column":24},"end":{"line":197,"column":69}},"70":{"start":{"line":197,"column":58},"end":{"line":197,"column":68}},"71":{"start":{"line":198,"column":6},"end":{"line":198,"column":23}},"72":{"start":{"line":201,"column":31},"end":{"line":216,"column":5}},"73":{"start":{"line":203,"column":25},"end":{"line":206,"column":10}},"74":{"start":{"line":207,"column":30},"end":{"line":213,"column":13}},"75":{"start":{"line":208,"column":27},"end":{"line":208,"column":51}},"76":{"start":{"line":209,"column":26},"end":{"line":209,"column":51}},"77":{"start":{"line":210,"column":26},"end":{"line":210,"column":54}},"78":{"start":{"line":211,"column":24},"end":{"line":211,"column":47}},"79":{"start":{"line":212,"column":10},"end":{"line":212,"column":23}},"80":{"start":{"line":214,"column":8},"end":{"line":214,"column":29}},"81":{"start":{"line":217,"column":28},"end":{"line":217,"column":52}},"82":{"start":{"line":219,"column":32},"end":{"line":219,"column":84}},"83":{"start":{"line":219,"column":70},"end":{"line":219,"column":80}},"84":{"start":{"line":221,"column":23},"end":{"line":247,"column":6}},"85":{"start":{"line":222,"column":23},"end":{"line":222,"column":30}},"86":{"start":{"line":223,"column":6},"end":{"line":240,"column":9}},"87":{"start":{"line":224,"column":25},"end":{"line":224,"column":32}},"88":{"start":{"line":225,"column":8},"end":{"line":225,"column":34}},"89":{"start":{"line":226,"column":8},"end":{"line":226,"column":35}},"90":{"start":{"line":227,"column":8},"end":{"line":229,"column":9}},"91":{"start":{"line":228,"column":10},"end":{"line":228,"column":36}},"92":{"start":{"line":230,"column":8},"end":{"line":238,"column":9}},"93":{"start":{"line":234,"column":10},"end":{"line":234,"column":35}},"94":{"start":{"line":235,"column":10},"end":{"line":237,"column":84}},"95":{"start":{"line":239,"column":8},"end":{"line":239,"column":23}},"96":{"start":{"line":242,"column":6},"end":{"line":246,"column":8}},"97":{"start":{"line":249,"column":21},"end":{"line":249,"column":84}},"98":{"start":{"line":251,"column":4},"end":{"line":253,"column":5}},"99":{"start":{"line":252,"column":6},"end":{"line":252,"column":48}},"100":{"start":{"line":255,"column":4},"end":{"line":266,"column":7}},"101":{"start":{"line":268,"column":4},"end":{"line":268,"column":41}},"102":{"start":{"line":272,"column":21},"end":{"line":316,"column":1}},"103":{"start":{"line":273,"column":37},"end":{"line":273,"column":40}},"104":{"start":{"line":276,"column":2},"end":{"line":315,"column":3}},"105":{"start":{"line":277,"column":4},"end":{"line":291,"column":5}},"106":{"start":{"line":278,"column":23},"end":{"line":278,"column":52}},"107":{"start":{"line":280,"column":6},"end":{"line":282,"column":7}},"108":{"start":{"line":281,"column":8},"end":{"line":281,"column":91}},"109":{"start":{"line":284,"column":23},"end":{"line":284,"column":40}},"110":{"start":{"line":285,"column":24},"end":{"line":285,"column":46}},"111":{"start":{"line":286,"column":28},"end":{"line":289,"column":8}},"112":{"start":{"line":290,"column":6},"end":{"line":290,"column":32}},"113":{"start":{"line":293,"column":65},"end":{"line":293,"column":75}},"114":{"start":{"line":295,"column":4},"end":{"line":297,"column":5}},"115":{"start":{"line":296,"column":6},"end":{"line":296,"column":91}},"116":{"start":{"line":299,"column":22},"end":{"line":303,"column":6}},"117":{"start":{"line":305,"column":4},"end":{"line":308,"column":7}},"118":{"start":{"line":310,"column":4},"end":{"line":313,"column":5}},"119":{"start":{"line":311,"column":20},"end":{"line":311,"column":38}},"120":{"start":{"line":312,"column":6},"end":{"line":312,"column":68}},"121":{"start":{"line":314,"column":4},"end":{"line":314,"column":41}},"122":{"start":{"line":318,"column":21},"end":{"line":363,"column":1}},"123":{"start":{"line":319,"column":17},"end":{"line":319,"column":27}},"124":{"start":{"line":320,"column":37},"end":{"line":320,"column":40}},"125":{"start":{"line":321,"column":20},"end":{"line":321,"column":54}},"126":{"start":{"line":324,"column":2},"end":{"line":362,"column":3}},"127":{"start":{"line":325,"column":4},"end":{"line":339,"column":5}},"128":{"start":{"line":326,"column":23},"end":{"line":326,"column":52}},"129":{"start":{"line":328,"column":6},"end":{"line":330,"column":7}},"130":{"start":{"line":329,"column":8},"end":{"line":329,"column":91}},"131":{"start":{"line":332,"column":23},"end":{"line":332,"column":40}},"132":{"start":{"line":333,"column":24},"end":{"line":333,"column":46}},"133":{"start":{"line":334,"column":28},"end":{"line":337,"column":8}},"134":{"start":{"line":338,"column":6},"end":{"line":338,"column":32}},"135":{"start":{"line":341,"column":65},"end":{"line":341,"column":75}},"136":{"start":{"line":343,"column":4},"end":{"line":345,"column":5}},"137":{"start":{"line":344,"column":6},"end":{"line":344,"column":91}},"138":{"start":{"line":347,"column":26},"end":{"line":349,"column":17}},"139":{"start":{"line":351,"column":4},"end":{"line":355,"column":7}},"140":{"start":{"line":357,"column":4},"end":{"line":360,"column":5}},"141":{"start":{"line":358,"column":20},"end":{"line":358,"column":38}},"142":{"start":{"line":359,"column":6},"end":{"line":359,"column":68}},"143":{"start":{"line":361,"column":4},"end":{"line":361,"column":41}},"144":{"start":{"line":365,"column":21},"end":{"line":397,"column":1}},"145":{"start":{"line":366,"column":17},"end":{"line":366,"column":27}},"146":{"start":{"line":367,"column":20},"end":{"line":367,"column":37}},"147":{"start":{"line":368,"column":2},"end":{"line":396,"column":3}},"148":{"start":{"line":369,"column":21},"end":{"line":379,"column":6}},"149":{"start":{"line":381,"column":4},"end":{"line":385,"column":6}},"150":{"start":{"line":383,"column":8},"end":{"line":383,"column":68}},"151":{"start":{"line":386,"column":4},"end":{"line":386,"column":58}},"152":{"start":{"line":387,"column":4},"end":{"line":387,"column":55}},"153":{"start":{"line":388,"column":4},"end":{"line":388,"column":36}},"154":{"start":{"line":390,"column":4},"end":{"line":393,"column":7}},"155":{"start":{"line":395,"column":4},"end":{"line":395,"column":41}},"156":{"start":{"line":399,"column":0},"end":{"line":405,"column":2}}},"fnMap":{"0":{"name":"(anonymous_0)","decl":{"start":{"line":16,"column":21},"end":{"line":16,"column":22}},"loc":{"start":{"line":16,"column":47},"end":{"line":157,"column":1}},"line":16},"1":{"name":"(anonymous_1)","decl":{"start":{"line":102,"column":21},"end":{"line":102,"column":22}},"loc":{"start":{"line":102,"column":39},"end":{"line":140,"column":7}},"line":102},"2":{"name":"(anonymous_2)","decl":{"start":{"line":104,"column":48},"end":{"line":104,"column":49}},"loc":{"start":{"line":104,"column":61},"end":{"line":107,"column":9}},"line":104},"3":{"name":"(anonymous_3)","decl":{"start":{"line":105,"column":58},"end":{"line":105,"column":59}},"loc":{"start":{"line":105,"column":71},"end":{"line":105,"column":78}},"line":105},"4":{"name":"(anonymous_4)","decl":{"start":{"line":109,"column":53},"end":{"line":109,"column":54}},"loc":{"start":{"line":109,"column":66},"end":{"line":118,"column":9}},"line":109},"5":{"name":"(anonymous_5)","decl":{"start":{"line":110,"column":45},"end":{"line":110,"column":46}},"loc":{"start":{"line":110,"column":60},"end":{"line":116,"column":11}},"line":110},"6":{"name":"(anonymous_6)","decl":{"start":{"line":120,"column":70},"end":{"line":120,"column":71}},"loc":{"start":{"line":120,"column":85},"end":{"line":120,"column":95}},"line":120},"7":{"name":"(anonymous_7)","decl":{"start":{"line":144,"column":40},"end":{"line":144,"column":41}},"loc":{"start":{"line":144,"column":52},"end":{"line":148,"column":5}},"line":144},"8":{"name":"(anonymous_8)","decl":{"start":{"line":159,"column":21},"end":{"line":159,"column":22}},"loc":{"start":{"line":159,"column":47},"end":{"line":270,"column":1}},"line":159},"9":{"name":"(anonymous_9)","decl":{"start":{"line":196,"column":49},"end":{"line":196,"column":50}},"loc":{"start":{"line":196,"column":62},"end":{"line":199,"column":5}},"line":196},"10":{"name":"(anonymous_10)","decl":{"start":{"line":197,"column":45},"end":{"line":197,"column":46}},"loc":{"start":{"line":197,"column":58},"end":{"line":197,"column":68}},"line":197},"11":{"name":"(anonymous_11)","decl":{"start":{"line":202,"column":26},"end":{"line":202,"column":27}},"loc":{"start":{"line":202,"column":45},"end":{"line":215,"column":7}},"line":202},"12":{"name":"(anonymous_12)","decl":{"start":{"line":207,"column":46},"end":{"line":207,"column":47}},"loc":{"start":{"line":207,"column":61},"end":{"line":213,"column":9}},"line":207},"13":{"name":"(anonymous_13)","decl":{"start":{"line":219,"column":55},"end":{"line":219,"column":56}},"loc":{"start":{"line":219,"column":70},"end":{"line":219,"column":80}},"line":219},"14":{"name":"(anonymous_14)","decl":{"start":{"line":221,"column":43},"end":{"line":221,"column":44}},"loc":{"start":{"line":221,"column":59},"end":{"line":247,"column":5}},"line":221},"15":{"name":"(anonymous_15)","decl":{"start":{"line":223,"column":47},"end":{"line":223,"column":48}},"loc":{"start":{"line":223,"column":60},"end":{"line":240,"column":7}},"line":223},"16":{"name":"(anonymous_16)","decl":{"start":{"line":272,"column":21},"end":{"line":272,"column":22}},"loc":{"start":{"line":272,"column":47},"end":{"line":316,"column":1}},"line":272},"17":{"name":"(anonymous_17)","decl":{"start":{"line":318,"column":21},"end":{"line":318,"column":22}},"loc":{"start":{"line":318,"column":47},"end":{"line":363,"column":1}},"line":318},"18":{"name":"(anonymous_18)","decl":{"start":{"line":365,"column":21},"end":{"line":365,"column":22}},"loc":{"start":{"line":365,"column":47},"end":{"line":397,"column":1}},"line":365},"19":{"name":"(anonymous_19)","decl":{"start":{"line":382,"column":23},"end":{"line":382,"column":24}},"loc":{"start":{"line":382,"column":42},"end":{"line":384,"column":7}},"line":382}},"branchMap":{"0":{"loc":{"start":{"line":30,"column":4},"end":{"line":32,"column":5}},"type":"if","locations":[{"start":{"line":30,"column":4},"end":{"line":32,"column":5}},{"start":{},"end":{}}],"line":30},"1":{"loc":{"start":{"line":34,"column":4},"end":{"line":36,"column":5}},"type":"if","locations":[{"start":{"line":34,"column":4},"end":{"line":36,"column":5}},{"start":{},"end":{}}],"line":34},"2":{"loc":{"start":{"line":38,"column":4},"end":{"line":44,"column":5}},"type":"if","locations":[{"start":{"line":38,"column":4},"end":{"line":44,"column":5}},{"start":{},"end":{}}],"line":38},"3":{"loc":{"start":{"line":40,"column":6},"end":{"line":42,"column":7}},"type":"if","locations":[{"start":{"line":40,"column":6},"end":{"line":42,"column":7}},{"start":{},"end":{}}],"line":40},"4":{"loc":{"start":{"line":46,"column":4},"end":{"line":52,"column":5}},"type":"if","locations":[{"start":{"line":46,"column":4},"end":{"line":52,"column":5}},{"start":{},"end":{}}],"line":46},"5":{"loc":{"start":{"line":48,"column":6},"end":{"line":50,"column":7}},"type":"if","locations":[{"start":{"line":48,"column":6},"end":{"line":50,"column":7}},{"start":{},"end":{}}],"line":48},"6":{"loc":{"start":{"line":54,"column":4},"end":{"line":56,"column":5}},"type":"if","locations":[{"start":{"line":54,"column":4},"end":{"line":56,"column":5}},{"start":{},"end":{}}],"line":54},"7":{"loc":{"start":{"line":54,"column":8},"end":{"line":54,"column":26}},"type":"binary-expr","locations":[{"start":{"line":54,"column":8},"end":{"line":54,"column":14}},{"start":{"line":54,"column":18},"end":{"line":54,"column":26}}],"line":54},"8":{"loc":{"start":{"line":58,"column":4},"end":{"line":60,"column":5}},"type":"if","locations":[{"start":{"line":58,"column":4},"end":{"line":60,"column":5}},{"start":{},"end":{}}],"line":58},"9":{"loc":{"start":{"line":58,"column":8},"end":{"line":58,"column":26}},"type":"binary-expr","locations":[{"start":{"line":58,"column":8},"end":{"line":58,"column":15}},{"start":{"line":58,"column":19},"end":{"line":58,"column":26}}],"line":58},"10":{"loc":{"start":{"line":62,"column":4},"end":{"line":67,"column":5}},"type":"if","locations":[{"start":{"line":62,"column":4},"end":{"line":67,"column":5}},{"start":{},"end":{}}],"line":62},"11":{"loc":{"start":{"line":62,"column":8},"end":{"line":62,"column":25}},"type":"binary-expr","locations":[{"start":{"line":62,"column":8},"end":{"line":62,"column":14}},{"start":{"line":62,"column":18},"end":{"line":62,"column":25}}],"line":62},"12":{"loc":{"start":{"line":63,"column":6},"end":{"line":65,"column":7}},"type":"if","locations":[{"start":{"line":63,"column":6},"end":{"line":65,"column":7}},{"start":{},"end":{}}],"line":63},"13":{"loc":{"start":{"line":97,"column":4},"end":{"line":99,"column":5}},"type":"if","locations":[{"start":{"line":97,"column":4},"end":{"line":99,"column":5}},{"start":{},"end":{}}],"line":97},"14":{"loc":{"start":{"line":113,"column":27},"end":{"line":113,"column":82}},"type":"cond-expr","locations":[{"start":{"line":113,"column":50},"end":{"line":113,"column":78}},{"start":{"line":113,"column":81},"end":{"line":113,"column":82}}],"line":113},"15":{"loc":{"start":{"line":227,"column":8},"end":{"line":229,"column":9}},"type":"if","locations":[{"start":{"line":227,"column":8},"end":{"line":229,"column":9}},{"start":{},"end":{}}],"line":227},"16":{"loc":{"start":{"line":227,"column":12},"end":{"line":227,"column":91}},"type":"binary-expr","locations":[{"start":{"line":227,"column":12},"end":{"line":227,"column":28}},{"start":{"line":227,"column":32},"end":{"line":227,"column":91}}],"line":227},"17":{"loc":{"start":{"line":230,"column":8},"end":{"line":238,"column":9}},"type":"if","locations":[{"start":{"line":230,"column":8},"end":{"line":238,"column":9}},{"start":{},"end":{}}],"line":230},"18":{"loc":{"start":{"line":231,"column":10},"end":{"line":232,"column":94}},"type":"binary-expr","locations":[{"start":{"line":231,"column":11},"end":{"line":231,"column":28}},{"start":{"line":231,"column":32},"end":{"line":231,"column":61}},{"start":{"line":232,"column":14},"end":{"line":232,"column":30}},{"start":{"line":232,"column":34},"end":{"line":232,"column":93}}],"line":231},"19":{"loc":{"start":{"line":235,"column":29},"end":{"line":237,"column":83}},"type":"cond-expr","locations":[{"start":{"line":236,"column":14},"end":{"line":236,"column":85}},{"start":{"line":237,"column":14},"end":{"line":237,"column":83}}],"line":235},"20":{"loc":{"start":{"line":251,"column":4},"end":{"line":253,"column":5}},"type":"if","locations":[{"start":{"line":251,"column":4},"end":{"line":253,"column":5}},{"start":{},"end":{}}],"line":251},"21":{"loc":{"start":{"line":277,"column":4},"end":{"line":291,"column":5}},"type":"if","locations":[{"start":{"line":277,"column":4},"end":{"line":291,"column":5}},{"start":{},"end":{}}],"line":277},"22":{"loc":{"start":{"line":280,"column":6},"end":{"line":282,"column":7}},"type":"if","locations":[{"start":{"line":280,"column":6},"end":{"line":282,"column":7}},{"start":{},"end":{}}],"line":280},"23":{"loc":{"start":{"line":295,"column":4},"end":{"line":297,"column":5}},"type":"if","locations":[{"start":{"line":295,"column":4},"end":{"line":297,"column":5}},{"start":{},"end":{}}],"line":295},"24":{"loc":{"start":{"line":310,"column":4},"end":{"line":313,"column":5}},"type":"if","locations":[{"start":{"line":310,"column":4},"end":{"line":313,"column":5}},{"start":{},"end":{}}],"line":310},"25":{"loc":{"start":{"line":325,"column":4},"end":{"line":339,"column":5}},"type":"if","locations":[{"start":{"line":325,"column":4},"end":{"line":339,"column":5}},{"start":{},"end":{}}],"line":325},"26":{"loc":{"start":{"line":328,"column":6},"end":{"line":330,"column":7}},"type":"if","locations":[{"start":{"line":328,"column":6},"end":{"line":330,"column":7}},{"start":{},"end":{}}],"line":328},"27":{"loc":{"start":{"line":343,"column":4},"end":{"line":345,"column":5}},"type":"if","locations":[{"start":{"line":343,"column":4},"end":{"line":345,"column":5}},{"start":{},"end":{}}],"line":343},"28":{"loc":{"start":{"line":357,"column":4},"end":{"line":360,"column":5}},"type":"if","locations":[{"start":{"line":357,"column":4},"end":{"line":360,"column":5}},{"start":{},"end":{}}],"line":357}},"s":{"0":2,"1":2,"2":2,"3":2,"4":2,"5":2,"6":5,"7":5,"8":5,"9":5,"10":5,"11":0,"12":5,"13":0,"14":5,"15":0,"16":0,"17":0,"18":0,"19":5,"20":0,"21":0,"22":0,"23":0,"24":5,"25":0,"26":5,"27":0,"28":5,"29":0,"30":0,"31":0,"32":5,"33":5,"34":0,"35":5,"36":30,"37":30,"38":110,"39":330,"40":110,"41":30,"42":110,"43":330,"44":330,"45":330,"46":330,"47":330,"48":110,"49":30,"50":110,"51":30,"52":30,"53":30,"54":30,"55":5,"56":5,"57":30,"58":30,"59":30,"60":5,"61":0,"62":2,"63":0,"64":0,"65":0,"66":0,"67":0,"68":0,"69":0,"70":0,"71":0,"72":0,"73":0,"74":0,"75":0,"76":0,"77":0,"78":0,"79":0,"80":0,"81":0,"82":0,"83":0,"84":0,"85":0,"86":0,"87":0,"88":0,"89":0,"90":0,"91":0,"92":0,"93":0,"94":0,"95":0,"96":0,"97":0,"98":0,"99":0,"100":0,"101":0,"102":2,"103":0,"104":0,"105":0,"106":0,"107":0,"108":0,"109":0,"110":0,"111":0,"112":0,"113":0,"114":0,"115":0,"116":0,"117":0,"118":0,"119":0,"120":0,"121":0,"122":2,"123":0,"124":0,"125":0,"126":0,"127":0,"128":0,"129":0,"130":0,"131":0,"132":0,"133":0,"134":0,"135":0,"136":0,"137":0,"138":0,"139":0,"140":0,"141":0,"142":0,"143":0,"144":2,"145":0,"146":0,"147":0,"148":0,"149":0,"150":0,"151":0,"152":0,"153":0,"154":0,"155":0,"156":2},"f":{"0":5,"1":30,"2":110,"3":330,"4":110,"5":330,"6":110,"7":30,"8":0,"9":0,"10":0,"11":0,"12":0,"13":0,"14":0,"15":0,"16":0,"17":0,"18":0,"19":0},"b":{"0":[0,5],"1":[0,5],"2":[0,5],"3":[0,0],"4":[0,5],"5":[0,0],"6":[0,5],"7":[5,0],"8":[0,5],"9":[5,5],"10":[0,5],"11":[5,0],"12":[0,0],"13":[0,5],"14":[235,95],"15":[0,0],"16":[0,0],"17":[0,0],"18":[0,0,0,0],"19":[0,0],"20":[0,0],"21":[0,0],"22":[0,0],"23":[0,0],"24":[0,0],"25":[0,0],"26":[0,0],"27":[0,0],"28":[0,0]},"_coverageSchema":"1a1c01bbd47fc00a2c39e90264f33305004495a9","hash":"abafc0e899389ececf4259380ab4e20e884298a3"}
,"D:\\STUPEN\\latihan-kelas\\Finall-Project\\app\\controller\\courseUserController.js": {"path":"D:\\STUPEN\\latihan-kelas\\Finall-Project\\app\\controller\\courseUserController.js","statementMap":{"0":{"start":{"line":12,"column":4},"end":{"line":12,"column":24}},"1":{"start":{"line":13,"column":17},"end":{"line":13,"column":48}},"2":{"start":{"line":15,"column":23},"end":{"line":121,"column":1}},"3":{"start":{"line":16,"column":2},"end":{"line":120,"column":3}},"4":{"start":{"line":17,"column":19},"end":{"line":17,"column":21}},"5":{"start":{"line":18,"column":4},"end":{"line":23,"column":5}},"6":{"start":{"line":19,"column":6},"end":{"line":21,"column":7}},"7":{"start":{"line":20,"column":8},"end":{"line":20,"column":61}},"8":{"start":{"line":22,"column":6},"end":{"line":22,"column":45}},"9":{"start":{"line":24,"column":26},"end":{"line":44,"column":6}},"10":{"start":{"line":46,"column":22},"end":{"line":105,"column":5}},"11":{"start":{"line":48,"column":27},"end":{"line":48,"column":37}},"12":{"start":{"line":49,"column":35},"end":{"line":49,"column":59}},"13":{"start":{"line":50,"column":25},"end":{"line":53,"column":10}},"14":{"start":{"line":51,"column":36},"end":{"line":51,"column":78}},"15":{"start":{"line":51,"column":70},"end":{"line":51,"column":77}},"16":{"start":{"line":52,"column":10},"end":{"line":52,"column":35}},"17":{"start":{"line":55,"column":40},"end":{"line":64,"column":10}},"18":{"start":{"line":56,"column":30},"end":{"line":62,"column":15}},"19":{"start":{"line":57,"column":29},"end":{"line":57,"column":53}},"20":{"start":{"line":58,"column":28},"end":{"line":58,"column":53}},"21":{"start":{"line":59,"column":27},"end":{"line":59,"column":82}},"22":{"start":{"line":60,"column":26},"end":{"line":60,"column":48}},"23":{"start":{"line":61,"column":12},"end":{"line":61,"column":25}},"24":{"start":{"line":63,"column":10},"end":{"line":63,"column":29}},"25":{"start":{"line":66,"column":39},"end":{"line":69,"column":9}},"26":{"start":{"line":67,"column":25},"end":{"line":67,"column":35}},"27":{"start":{"line":71,"column":32},"end":{"line":75,"column":10}},"28":{"start":{"line":77,"column":29},"end":{"line":80,"column":17}},"29":{"start":{"line":78,"column":28},"end":{"line":78,"column":73}},"30":{"start":{"line":78,"column":62},"end":{"line":78,"column":72}},"31":{"start":{"line":79,"column":10},"end":{"line":79,"column":27}},"32":{"start":{"line":82,"column":43},"end":{"line":84,"column":9}},"33":{"start":{"line":86,"column":27},"end":{"line":86,"column":61}},"34":{"start":{"line":87,"column":25},"end":{"line":87,"column":88}},"35":{"start":{"line":89,"column":8},"end":{"line":103,"column":10}},"36":{"start":{"line":107,"column":28},"end":{"line":107,"column":43}},"37":{"start":{"line":108,"column":20},"end":{"line":112,"column":6}},"38":{"start":{"line":109,"column":24},"end":{"line":109,"column":30}},"39":{"start":{"line":110,"column":6},"end":{"line":110,"column":32}},"40":{"start":{"line":111,"column":6},"end":{"line":111,"column":23}},"41":{"start":{"line":114,"column":4},"end":{"line":117,"column":7}},"42":{"start":{"line":119,"column":4},"end":{"line":119,"column":41}},"43":{"start":{"line":123,"column":23},"end":{"line":251,"column":1}},"44":{"start":{"line":124,"column":2},"end":{"line":250,"column":3}},"45":{"start":{"line":125,"column":26},"end":{"line":159,"column":6}},"46":{"start":{"line":160,"column":4},"end":{"line":162,"column":5}},"47":{"start":{"line":161,"column":6},"end":{"line":161,"column":72}},"48":{"start":{"line":163,"column":21},"end":{"line":163,"column":43}},"49":{"start":{"line":165,"column":28},"end":{"line":169,"column":6}},"50":{"start":{"line":171,"column":25},"end":{"line":174,"column":6}},"51":{"start":{"line":172,"column":24},"end":{"line":172,"column":69}},"52":{"start":{"line":172,"column":58},"end":{"line":172,"column":68}},"53":{"start":{"line":173,"column":6},"end":{"line":173,"column":23}},"54":{"start":{"line":176,"column":31},"end":{"line":191,"column":5}},"55":{"start":{"line":178,"column":25},"end":{"line":181,"column":10}},"56":{"start":{"line":182,"column":30},"end":{"line":188,"column":13}},"57":{"start":{"line":183,"column":27},"end":{"line":183,"column":51}},"58":{"start":{"line":184,"column":26},"end":{"line":184,"column":51}},"59":{"start":{"line":185,"column":26},"end":{"line":185,"column":54}},"60":{"start":{"line":186,"column":24},"end":{"line":186,"column":47}},"61":{"start":{"line":187,"column":10},"end":{"line":187,"column":23}},"62":{"start":{"line":189,"column":8},"end":{"line":189,"column":29}},"63":{"start":{"line":192,"column":28},"end":{"line":192,"column":52}},"64":{"start":{"line":194,"column":32},"end":{"line":194,"column":84}},"65":{"start":{"line":194,"column":70},"end":{"line":194,"column":80}},"66":{"start":{"line":196,"column":23},"end":{"line":217,"column":6}},"67":{"start":{"line":197,"column":31},"end":{"line":197,"column":38}},"68":{"start":{"line":198,"column":6},"end":{"line":210,"column":9}},"69":{"start":{"line":199,"column":34},"end":{"line":199,"column":41}},"70":{"start":{"line":200,"column":8},"end":{"line":200,"column":44}},"71":{"start":{"line":201,"column":8},"end":{"line":201,"column":43}},"72":{"start":{"line":202,"column":8},"end":{"line":204,"column":9}},"73":{"start":{"line":203,"column":10},"end":{"line":203,"column":45}},"74":{"start":{"line":205,"column":8},"end":{"line":208,"column":9}},"75":{"start":{"line":206,"column":10},"end":{"line":206,"column":44}},"76":{"start":{"line":207,"column":10},"end":{"line":207,"column":108}},"77":{"start":{"line":209,"column":8},"end":{"line":209,"column":23}},"78":{"start":{"line":212,"column":6},"end":{"line":216,"column":8}},"79":{"start":{"line":218,"column":21},"end":{"line":219,"column":59}},"80":{"start":{"line":221,"column":25},"end":{"line":224,"column":13}},"81":{"start":{"line":222,"column":24},"end":{"line":222,"column":69}},"82":{"start":{"line":222,"column":58},"end":{"line":222,"column":68}},"83":{"start":{"line":223,"column":6},"end":{"line":223,"column":23}},"84":{"start":{"line":226,"column":39},"end":{"line":228,"column":5}},"85":{"start":{"line":229,"column":4},"end":{"line":229,"column":50}},"86":{"start":{"line":230,"column":4},"end":{"line":230,"column":37}},"87":{"start":{"line":232,"column":4},"end":{"line":247,"column":7}},"88":{"start":{"line":249,"column":4},"end":{"line":249,"column":41}},"89":{"start":{"line":253,"column":24},"end":{"line":316,"column":1}},"90":{"start":{"line":254,"column":2},"end":{"line":315,"column":3}},"91":{"start":{"line":255,"column":25},"end":{"line":255,"column":35}},"92":{"start":{"line":256,"column":19},"end":{"line":256,"column":30}},"93":{"start":{"line":258,"column":29},"end":{"line":260,"column":6}},"94":{"start":{"line":262,"column":24},"end":{"line":264,"column":6}},"95":{"start":{"line":266,"column":19},"end":{"line":268,"column":6}},"96":{"start":{"line":270,"column":4},"end":{"line":272,"column":5}},"97":{"start":{"line":271,"column":6},"end":{"line":271,"column":63}},"98":{"start":{"line":274,"column":24},"end":{"line":274,"column":61}},"99":{"start":{"line":275,"column":22},"end":{"line":275,"column":53}},"100":{"start":{"line":277,"column":4},"end":{"line":279,"column":5}},"101":{"start":{"line":278,"column":6},"end":{"line":278,"column":77}},"102":{"start":{"line":281,"column":4},"end":{"line":288,"column":5}},"103":{"start":{"line":282,"column":6},"end":{"line":287,"column":8}},"104":{"start":{"line":289,"column":26},"end":{"line":293,"column":6}},"105":{"start":{"line":294,"column":18},"end":{"line":301,"column":6}},"106":{"start":{"line":303,"column":4},"end":{"line":306,"column":7}},"107":{"start":{"line":308,"column":4},"end":{"line":312,"column":7}},"108":{"start":{"line":314,"column":4},"end":{"line":314,"column":41}},"109":{"start":{"line":318,"column":27},"end":{"line":444,"column":1}},"110":{"start":{"line":319,"column":38},"end":{"line":319,"column":48}},"111":{"start":{"line":320,"column":2},"end":{"line":443,"column":3}},"112":{"start":{"line":321,"column":26},"end":{"line":342,"column":6}},"113":{"start":{"line":344,"column":4},"end":{"line":346,"column":5}},"114":{"start":{"line":345,"column":6},"end":{"line":345,"column":72}},"115":{"start":{"line":348,"column":23},"end":{"line":348,"column":45}},"116":{"start":{"line":350,"column":24},"end":{"line":352,"column":6}},"117":{"start":{"line":354,"column":24},"end":{"line":354,"column":61}},"118":{"start":{"line":355,"column":22},"end":{"line":355,"column":64}},"119":{"start":{"line":357,"column":4},"end":{"line":359,"column":5}},"120":{"start":{"line":358,"column":6},"end":{"line":358,"column":77}},"121":{"start":{"line":361,"column":27},"end":{"line":408,"column":5}},"122":{"start":{"line":362,"column":28},"end":{"line":365,"column":8}},"123":{"start":{"line":363,"column":29},"end":{"line":363,"column":74}},"124":{"start":{"line":363,"column":63},"end":{"line":363,"column":73}},"125":{"start":{"line":364,"column":8},"end":{"line":364,"column":28}},"126":{"start":{"line":367,"column":25},"end":{"line":367,"column":79}},"127":{"start":{"line":367,"column":56},"end":{"line":367,"column":78}},"128":{"start":{"line":369,"column":31},"end":{"line":369,"column":57}},"129":{"start":{"line":371,"column":6},"end":{"line":383,"column":7}},"130":{"start":{"line":372,"column":39},"end":{"line":372,"column":59}},"131":{"start":{"line":373,"column":29},"end":{"line":375,"column":24}},"132":{"start":{"line":376,"column":8},"end":{"line":379,"column":10}},"133":{"start":{"line":380,"column":8},"end":{"line":382,"column":10}},"134":{"start":{"line":384,"column":6},"end":{"line":391,"column":7}},"135":{"start":{"line":385,"column":8},"end":{"line":390,"column":10}},"136":{"start":{"line":392,"column":6},"end":{"line":399,"column":7}},"137":{"start":{"line":393,"column":8},"end":{"line":398,"column":10}},"138":{"start":{"line":400,"column":6},"end":{"line":407,"column":7}},"139":{"start":{"line":401,"column":8},"end":{"line":406,"column":10}},"140":{"start":{"line":410,"column":27},"end":{"line":410,"column":58}},"141":{"start":{"line":412,"column":4},"end":{"line":416,"column":5}},"142":{"start":{"line":413,"column":6},"end":{"line":415,"column":8}},"143":{"start":{"line":419,"column":26},"end":{"line":421,"column":6}},"144":{"start":{"line":422,"column":4},"end":{"line":435,"column":5}},"145":{"start":{"line":423,"column":20},"end":{"line":430,"column":8}},"146":{"start":{"line":431,"column":6},"end":{"line":434,"column":9}},"147":{"start":{"line":437,"column":4},"end":{"line":440,"column":7}},"148":{"start":{"line":442,"column":4},"end":{"line":442,"column":41}},"149":{"start":{"line":446,"column":0},"end":{"line":451,"column":2}}},"fnMap":{"0":{"name":"(anonymous_0)","decl":{"start":{"line":15,"column":23},"end":{"line":15,"column":24}},"loc":{"start":{"line":15,"column":49},"end":{"line":121,"column":1}},"line":15},"1":{"name":"(anonymous_1)","decl":{"start":{"line":47,"column":24},"end":{"line":47,"column":25}},"loc":{"start":{"line":47,"column":46},"end":{"line":104,"column":7}},"line":47},"2":{"name":"(anonymous_2)","decl":{"start":{"line":50,"column":48},"end":{"line":50,"column":49}},"loc":{"start":{"line":50,"column":61},"end":{"line":53,"column":9}},"line":50},"3":{"name":"(anonymous_3)","decl":{"start":{"line":51,"column":57},"end":{"line":51,"column":58}},"loc":{"start":{"line":51,"column":70},"end":{"line":51,"column":77}},"line":51},"4":{"name":"(anonymous_4)","decl":{"start":{"line":55,"column":53},"end":{"line":55,"column":54}},"loc":{"start":{"line":55,"column":66},"end":{"line":64,"column":9}},"line":55},"5":{"name":"(anonymous_5)","decl":{"start":{"line":56,"column":45},"end":{"line":56,"column":46}},"loc":{"start":{"line":56,"column":60},"end":{"line":62,"column":11}},"line":56},"6":{"name":"(anonymous_6)","decl":{"start":{"line":67,"column":10},"end":{"line":67,"column":11}},"loc":{"start":{"line":67,"column":25},"end":{"line":67,"column":35}},"line":67},"7":{"name":"(anonymous_7)","decl":{"start":{"line":77,"column":53},"end":{"line":77,"column":54}},"loc":{"start":{"line":77,"column":66},"end":{"line":80,"column":9}},"line":77},"8":{"name":"(anonymous_8)","decl":{"start":{"line":78,"column":49},"end":{"line":78,"column":50}},"loc":{"start":{"line":78,"column":62},"end":{"line":78,"column":72}},"line":78},"9":{"name":"(anonymous_9)","decl":{"start":{"line":108,"column":40},"end":{"line":108,"column":41}},"loc":{"start":{"line":108,"column":52},"end":{"line":112,"column":5}},"line":108},"10":{"name":"(anonymous_10)","decl":{"start":{"line":123,"column":23},"end":{"line":123,"column":24}},"loc":{"start":{"line":123,"column":49},"end":{"line":251,"column":1}},"line":123},"11":{"name":"(anonymous_11)","decl":{"start":{"line":171,"column":58},"end":{"line":171,"column":59}},"loc":{"start":{"line":171,"column":71},"end":{"line":174,"column":5}},"line":171},"12":{"name":"(anonymous_12)","decl":{"start":{"line":172,"column":45},"end":{"line":172,"column":46}},"loc":{"start":{"line":172,"column":58},"end":{"line":172,"column":68}},"line":172},"13":{"name":"(anonymous_13)","decl":{"start":{"line":177,"column":35},"end":{"line":177,"column":36}},"loc":{"start":{"line":177,"column":54},"end":{"line":190,"column":7}},"line":177},"14":{"name":"(anonymous_14)","decl":{"start":{"line":182,"column":46},"end":{"line":182,"column":47}},"loc":{"start":{"line":182,"column":61},"end":{"line":188,"column":9}},"line":182},"15":{"name":"(anonymous_15)","decl":{"start":{"line":194,"column":55},"end":{"line":194,"column":56}},"loc":{"start":{"line":194,"column":70},"end":{"line":194,"column":80}},"line":194},"16":{"name":"(anonymous_16)","decl":{"start":{"line":196,"column":52},"end":{"line":196,"column":53}},"loc":{"start":{"line":196,"column":68},"end":{"line":217,"column":5}},"line":196},"17":{"name":"(anonymous_17)","decl":{"start":{"line":198,"column":55},"end":{"line":198,"column":56}},"loc":{"start":{"line":198,"column":68},"end":{"line":210,"column":7}},"line":198},"18":{"name":"(anonymous_18)","decl":{"start":{"line":221,"column":58},"end":{"line":221,"column":59}},"loc":{"start":{"line":221,"column":71},"end":{"line":224,"column":5}},"line":221},"19":{"name":"(anonymous_19)","decl":{"start":{"line":222,"column":45},"end":{"line":222,"column":46}},"loc":{"start":{"line":222,"column":58},"end":{"line":222,"column":68}},"line":222},"20":{"name":"(anonymous_20)","decl":{"start":{"line":253,"column":24},"end":{"line":253,"column":25}},"loc":{"start":{"line":253,"column":50},"end":{"line":316,"column":1}},"line":253},"21":{"name":"(anonymous_21)","decl":{"start":{"line":318,"column":27},"end":{"line":318,"column":28}},"loc":{"start":{"line":318,"column":53},"end":{"line":444,"column":1}},"line":318},"22":{"name":"(anonymous_22)","decl":{"start":{"line":361,"column":27},"end":{"line":361,"column":28}},"loc":{"start":{"line":361,"column":41},"end":{"line":408,"column":5}},"line":361},"23":{"name":"(anonymous_23)","decl":{"start":{"line":362,"column":63},"end":{"line":362,"column":64}},"loc":{"start":{"line":362,"column":76},"end":{"line":365,"column":7}},"line":362},"24":{"name":"(anonymous_24)","decl":{"start":{"line":363,"column":50},"end":{"line":363,"column":51}},"loc":{"start":{"line":363,"column":63},"end":{"line":363,"column":73}},"line":363},"25":{"name":"(anonymous_25)","decl":{"start":{"line":367,"column":49},"end":{"line":367,"column":50}},"loc":{"start":{"line":367,"column":56},"end":{"line":367,"column":78}},"line":367}},"branchMap":{"0":{"loc":{"start":{"line":18,"column":4},"end":{"line":23,"column":5}},"type":"if","locations":[{"start":{"line":18,"column":4},"end":{"line":23,"column":5}},{"start":{},"end":{}}],"line":18},"1":{"loc":{"start":{"line":19,"column":6},"end":{"line":21,"column":7}},"type":"if","locations":[{"start":{"line":19,"column":6},"end":{"line":21,"column":7}},{"start":{},"end":{}}],"line":19},"2":{"loc":{"start":{"line":59,"column":27},"end":{"line":59,"column":82}},"type":"cond-expr","locations":[{"start":{"line":59,"column":50},"end":{"line":59,"column":78}},{"start":{"line":59,"column":81},"end":{"line":59,"column":82}}],"line":59},"3":{"loc":{"start":{"line":160,"column":4},"end":{"line":162,"column":5}},"type":"if","locations":[{"start":{"line":160,"column":4},"end":{"line":162,"column":5}},{"start":{},"end":{}}],"line":160},"4":{"loc":{"start":{"line":202,"column":8},"end":{"line":204,"column":9}},"type":"if","locations":[{"start":{"line":202,"column":8},"end":{"line":204,"column":9}},{"start":{},"end":{}}],"line":202},"5":{"loc":{"start":{"line":205,"column":8},"end":{"line":208,"column":9}},"type":"if","locations":[{"start":{"line":205,"column":8},"end":{"line":208,"column":9}},{"start":{},"end":{}}],"line":205},"6":{"loc":{"start":{"line":270,"column":4},"end":{"line":272,"column":5}},"type":"if","locations":[{"start":{"line":270,"column":4},"end":{"line":272,"column":5}},{"start":{},"end":{}}],"line":270},"7":{"loc":{"start":{"line":277,"column":4},"end":{"line":279,"column":5}},"type":"if","locations":[{"start":{"line":277,"column":4},"end":{"line":279,"column":5}},{"start":{},"end":{}}],"
[...]
,"D:\\STUPEN\\latihan-kelas\\Finall-Project\\app\\models\\transaction.js": {"path":"D:\\STUPEN\\latihan-kelas\\Finall-Project\\app\\models\\transaction.js","statementMap":{"0":{"start":{"line":2,"column":18},"end":{"line":2,"column":38}},"1":{"start":{"line":3,"column":0},"end":{"line":48,"column":1}},"2":{"start":{"line":12,"column":6},"end":{"line":17,"column":8}},"3":{"start":{"line":18,"column":6},"end":{"line":23,"column":8}},"4":{"start":{"line":26,"column":2},"end":{"line":46,"column":3}},"5":{"start":{"line":47,"column":2},"end":{"line":47,"column":20}}},"fnMap":{"0":{"name":"(anonymous_0)","decl":{"start":{"line":3,"column":17},"end":{"line":3,"column":18}},"loc":{"start":{"line":3,"column":43},"end":{"line":48,"column":1}},"line":3},"1":{"name":"(anonymous_1)","decl":{"start":{"line":10,"column":4},"end":{"line":10,"column":5}},"loc":{"start":{"line":10,"column":29},"end":{"line":24,"column":5}},"line":10}},"branchMap":{},"s":{"0":2,"1":2,"2":2,"3":2,"4":2,"5":2},"f":{"0":2,"1":2},"b":{},"_coverageSchema":"1a1c01bbd47fc00a2c39e90264f33305004495a9","hash":"dc86cfb9830d0ef3a171110ec8da6ddf1f3fdc7c"}
,"D:\\STUPEN\\latihan-kelas\\Finall-Project\\app\\models\\user.js": {"path":"D:\\STUPEN\\latihan-kelas\\Finall-Project\\app\\models\\user.js","statementMap":{"0":{"start":{"line":2,"column":18},"end":{"line":2,"column":38}},"1":{"start":{"line":3,"column":0},"end":{"line":70,"column":1}},"2":{"start":{"line":6,"column":6},"end":{"line":11,"column":8}},"3":{"start":{"line":12,"column":6},"end":{"line":17,"column":8}},"4":{"start":{"line":18,"column":6},"end":{"line":23,"column":8}},"5":{"start":{"line":24,"column":6},"end":{"line":27,"column":8}},"6":{"start":{"line":28,"column":6},"end":{"line":33,"column":8}},"7":{"start":{"line":34,"column":6},"end":{"line":39,"column":8}},"8":{"start":{"line":40,"column":6},"end":{"line":45,"column":8}},"9":{"start":{"line":48,"column":2},"end":{"line":68,"column":3}},"10":{"start":{"line":69,"column":2},"end":{"line":69,"column":13}}},"fnMap":{"0":{"name":"(anonymous_0)","decl":{"start":{"line":3,"column":17},"end":{"line":3,"column":18}},"loc":{"start":{"line":3,"column":43},"end":{"line":70,"column":1}},"line":3},"1":{"name":"(anonymous_1)","decl":{"start":{"line":5,"column":4},"end":{"line":5,"column":5}},"loc":{"start":{"line":5,"column":29},"end":{"line":46,"column":5}},"line":5}},"branchMap":{},"s":{"0":2,"1":2,"2":2,"3":2,"4":2,"5":2,"6":2,"7":2,"8":2,"9":2,"10":2},"f":{"0":2,"1":2},"b":{},"_coverageSchema":"1a1c01bbd47fc00a2c39e90264f33305004495a9","hash":"365ed4434a170d31e22d5c66e2233fa39780a95a"}
,"D:\\STUPEN\\latihan-kelas\\Finall-Project\\app\\routes\\authRouter.js": {"path":"D:\\STUPEN\\latihan-kelas\\Finall-Project\\app\\routes\\authRouter.js","statementMap":{"0":{"start":{"line":1,"column":15},"end":{"line":1,"column":42}},"1":{"start":{"line":3,"column":13},"end":{"line":3,"column":52}},"2":{"start":{"line":4,"column":12},"end":{"line":4,"column":49}},"3":{"start":{"line":5,"column":15},"end":{"line":5,"column":47}},"4":{"start":{"line":6,"column":22},"end":{"line":6,"column":72}},"5":{"start":{"line":8,"column":0},"end":{"line":8,"column":52}},"6":{"start":{"line":10,"column":0},"end":{"line":10,"column":62}},"7":{"start":{"line":11,"column":0},"end":{"line":11,"column":41}},"8":{"start":{"line":12,"column":0},"end":{"line":12,"column":45}},"9":{"start":{"line":14,"column":0},"end":{"line":14,"column":50}},"10":{"start":{"line":15,"column":0},"end":{"line":15,"column":37}},"11":{"start":{"line":17,"column":0},"end":{"line":17,"column":45}},"12":{"start":{"line":18,"column":0},"end":{"line":18,"column":55}},"13":{"start":{"line":19,"column":0},"end":{"line":19,"column":64}},"14":{"start":{"line":21,"column":0},"end":{"line":21,"column":24}}},"fnMap":{},"branchMap":{},"s":{"0":2,"1":2,"2":2,"3":2,"4":2,"5":2,"6":2,"7":2,"8":2,"9":2,"10":2,"11":2,"12":2,"13":2,"14":2},"f":{},"b":{},"_coverageSchema":"1a1c01bbd47fc00a2c39e90264f33305004495a9","hash":"1618441d7ccefcefce0d4888695183f26f4f5800"}
,"D:\\STUPEN\\latihan-kelas\\Finall-Project\\app\\routes\\categoryRouter.js": {"path":"D:\\STUPEN\\latihan-kelas\\Finall-Project\\app\\routes\\categoryRouter.js","statementMap":{"0":{"start":{"line":1,"column":15},"end":{"line":1,"column":42}},"1":{"start":{"line":2,"column":15},"end":{"line":2,"column":47}},"2":{"start":{"line":3,"column":27},"end":{"line":3,"column":70}},"3":{"start":{"line":4,"column":24},"end":{"line":4,"column":65}},"4":{"start":{"line":5,"column":18},"end":{"line":5,"column":53}},"5":{"start":{"line":6,"column":21},"end":{"line":6,"column":53}},"6":{"start":{"line":8,"column":0},"end":{"line":8,"column":51}},"7":{"start":{"line":9,"column":0},"end":{"line":15,"column":2}},"8":{"start":{"line":16,"column":0},"end":{"line":16,"column":71}},"9":{"start":{"line":17,"column":0},"end":{"line":24,"column":2}},"10":{"start":{"line":25,"column":0},"end":{"line":31,"column":2}},"11":{"start":{"line":33,"column":0},"end":{"line":33,"column":24}}},"fnMap":{},"branchMap":{},"s":{"0":2,"1":2,"2":2,"3":2,"4":2,"5":2,"6":2,"7":2,"8":2,"9":2,"10":2,"11":2},"f":{},"b":{},"_coverageSchema":"1a1c01bbd47fc00a2c39e90264f33305004495a9","hash":"83c76abe50544b366ac76c8dab5ff8363514fcd6"}
,"D:\\STUPEN\\latihan-kelas\\Finall-Project\\app\\routes\\chapterRouter.js": {"path":"D:\\STUPEN\\latihan-kelas\\Finall-Project\\app\\routes\\chapterRouter.js","statementMap":{"0":{"start":{"line":1,"column":15},"end":{"line":1,"column":42}},"1":{"start":{"line":2,"column":15},"end":{"line":2,"column":47}},"2":{"start":{"line":4,"column":16},"end":{"line":4,"column":58}},"3":{"start":{"line":6,"column":0},"end":{"line":6,"column":48}},"4":{"start":{"line":7,"column":0},"end":{"line":7,"column":58}},"5":{"start":{"line":8,"column":0},"end":{"line":8,"column":48}},"6":{"start":{"line":9,"column":0},"end":{"line":9,"column":59}},"7":{"start":{"line":10,"column":0},"end":{"line":10,"column":60}},"8":{"start":{"line":12,"column":0},"end":{"line":12,"column":24}}},"fnMap":{},"branchMap":{},"s":{"0":2,"1":2,"2":2,"3":2,"4":2,"5":2,"6":2,"7":2,"8":2},"f":{},"b":{},"_coverageSchema":"1a1c01bbd47fc00a2c39e90264f33305004495a9","hash":"dc40338c8f3b736d2ccd37f6250a8f83804883a2"}
,"D:\\STUPEN\\latihan-kelas\\Finall-Project\\app\\routes\\contentRouter.js": {"path":"D:\\STUPEN\\latihan-kelas\\Finall-Project\\app\\routes\\contentRouter.js","statementMap":{"0":{"start":{"line":1,"column":15},"end":{"line":1,"column":42}},"1":{"start":{"line":3,"column":16},"end":{"line":3,"column":58}},"2":{"start":{"line":4,"column":15},"end":{"line":4,"column":47}},"3":{"start":{"line":8,"column":0},"end":{"line":8,"column":44}},"4":{"start":{"line":9,"column":0},"end":{"line":9,"column":58}},"5":{"start":{"line":10,"column":0},"end":{"line":10,"column":72}},"6":{"start":{"line":11,"column":0},"end":{"line":11,"column":78}},"7":{"start":{"line":12,"column":0},"end":{"line":16,"column":2}},"8":{"start":{"line":32,"column":0},"end":{"line":32,"column":24}}},"fnMap":{},"branchMap":{},"s":{"0":2,"1":2,"2":2,"3":2,"4":2,"5":2,"6":2,"7":2,"8":2},"f":{},"b":{},"_coverageSchema":"1a1c01bbd47fc00a2c39e90264f33305004495a9","hash":"4fc13f2f846b15f20d89a938c895dcafd90f2b96"}
,"D:\\STUPEN\\latihan-kelas\\Finall-Project\\app\\routes\\courseRouter.js": {"path":"D:\\STUPEN\\latihan-kelas\\Finall-Project\\app\\routes\\courseRouter.js","statementMap":{"0":{"start":{"line":1,"column":15},"end":{"line":1,"column":42}},"1":{"start":{"line":2,"column":15},"end":{"line":2,"column":47}},"2":{"start":{"line":3,"column":25},"end":{"line":3,"column":66}},"3":{"start":{"line":4,"column":22},"end":{"line":4,"column":61}},"4":{"start":{"line":5,"column":15},"end":{"line":5,"column":47}},"5":{"start":{"line":6,"column":18},"end":{"line":6,"column":53}},"6":{"start":{"line":7,"column":24},"end":{"line":7,"column":66}},"7":{"start":{"line":9,"column":0},"end":{"line":9,"column":47}},"8":{"start":{"line":10,"column":0},"end":{"line":17,"column":2}},"9":{"start":{"line":18,"column":0},"end":{"line":18,"column":73}},"10":{"start":{"line":19,"column":0},"end":{"line":27,"column":2}},"11":{"start":{"line":28,"column":0},"end":{"line":34,"column":2}},"12":{"start":{"line":36,"column":0},"end":{"line":36,"column":24}}},"fnMap":{},"branchMap":{},"s":{"0":2,"1":2,"2":2,"3":2,"4":2,"5":2,"6":2,"7":2,"8":2,"9":2,"10":2,"11":2,"12":2},"f":{},"b":{},"_coverageSchema":"1a1c01bbd47fc00a2c39e90264f33305004495a9","hash":"af2c426705c81460a50000367ebe9eed7732659a"}
,"D:\\STUPEN\\latihan-kelas\\Finall-Project\\app\\routes\\courseUserRouter.js": {"path":"D:\\STUPEN\\latihan-kelas\\Finall-Project\\app\\routes\\courseUserRouter.js","statementMap":{"0":{"start":{"line":1,"column":15},"end":{"line":1,"column":42}},"1":{"start":{"line":2,"column":19},"end":{"line":2,"column":64}},"2":{"start":{"line":3,"column":21},"end":{"line":3,"column":53}},"3":{"start":{"line":4,"column":18},"end":{"line":4,"column":53}},"4":{"start":{"line":6,"column":0},"end":{"line":11,"column":2}},"5":{"start":{"line":12,"column":0},"end":{"line":17,"column":2}},"6":{"start":{"line":18,"column":0},"end":{"line":23,"column":2}},"7":{"start":{"line":24,"column":0},"end":{"line":29,"column":2}},"8":{"start":{"line":31,"column":0},"end":{"line":31,"column":24}}},"fnMap":{},"branchMap":{},"s":{"0":2,"1":2,"2":2,"3":2,"4":2,"5":2,"6":2,"7":2,"8":2},"f":{},"b":{},"_coverageSchema":"1a1c01bbd47fc00a2c39e90264f33305004495a9","hash":"ba3c97bcc3c3d6aad5290b28e9287dd4a373cdc1"}
,"D:\\STUPEN\\latihan-kelas\\Finall-Project\\app\\routes\\index.js": {"path":"D:\\STUPEN\\latihan-kelas\\Finall-Project\\app\\routes\\index.js","statementMap":{"0":{"start":{"line":1,"column":15},"end":{"line":1,"column":42}},"1":{"start":{"line":2,"column":18},"end":{"line":2,"column":47}},"2":{"start":{"line":3,"column":24},"end":{"line":3,"column":58}},"3":{"start":{"line":5,"column":0},"end":{"line":5,"column":41}},"4":{"start":{"line":6,"column":0},"end":{"line":6,"column":58}},"5":{"start":{"line":8,"column":13},"end":{"line":8,"column":36}},"6":{"start":{"line":9,"column":13},"end":{"line":9,"column":36}},"7":{"start":{"line":10,"column":19},"end":{"line":10,"column":48}},"8":{"start":{"line":11,"column":16},"end":{"line":11,"column":41}},"9":{"start":{"line":12,"column":16},"end":{"line":12,"column":42}},"10":{"start":{"line":13,"column":16},"end":{"line":13,"column":42}},"11":{"start":{"line":14,"column":17},"end":{"line":14,"column":44}},"12":{"start":{"line":15,"column":20},"end":{"line":15,"column":50}},"13":{"start":{"line":16,"column":21},"end":{"line":16,"column":52}},"14":{"start":{"line":18,"column":0},"end":{"line":18,"column":33}},"15":{"start":{"line":19,"column":0},"end":{"line":19,"column":33}},"16":{"start":{"line":20,"column":0},"end":{"line":20,"column":46}},"17":{"start":{"line":21,"column":0},"end":{"line":21,"column":38}},"18":{"start":{"line":22,"column":0},"end":{"line":22,"column":39}},"19":{"start":{"line":23,"column":0},"end":{"line":23,"column":39}},"20":{"start":{"line":24,"column":0},"end":{"line":24,"column":41}},"21":{"start":{"line":25,"column":0},"end":{"line":25,"column":47}},"22":{"start":{"line":26,"column":0},"end":{"line":26,"column":49}},"23":{"start":{"line":28,"column":0},"end":{"line":28,"column":24}}},"fnMap":{},"branchMap":{},"s":{"0":2,"1":2,"2":2,"3":2,"4":2,"5":2,"6":2,"7":2,"8":2,"9":2,"10":2,"11":2,"12":2,"13":2,"14":2,"15":2,"16":2,"17":2,"18":2,"19":2,"20":2,"21":2,"22":2,"23":2},"f":{},"b":{},"_coverageSchema":"1a1c01bbd47fc00a2c39e90264f33305004495a9","hash":"982639f73a30db0bca1ebfb62f9161e617479495"}
,"D:\\STUPEN\\latihan-kelas\\Finall-Project\\app\\routes\\notificationRouter.js": {"path":"D:\\STUPEN\\latihan-kelas\\Finall-Project\\app\\routes\\notificationRouter.js","statementMap":{"0":{"start":{"line":1,"column":15},"end":{"line":1,"column":42}},"1":{"start":{"line":2,"column":15},"end":{"line":2,"column":47}},"2":{"start":{"line":3,"column":18},"end":{"line":3,"column":53}},"3":{"start":{"line":4,"column":21},"end":{"line":4,"column":68}},"4":{"start":{"line":6,"column":0},"end":{"line":6,"column":59}},"5":{"start":{"line":7,"column":0},"end":{"line":7,"column":70}},"6":{"start":{"line":8,"column":0},"end":{"line":8,"column":75}},"7":{"start":{"line":10,"column":0},"end":{"line":10,"column":23}}},"fnMap":{},"branchMap":{},"s":{"0":2,"1":2,"2":2,"3":2,"4":2,"5":2,"6":2,"7":2},"f":{},"b":{},"_coverageSchema":"1a1c01bbd47fc00a2c39e90264f33305004495a9","hash":"0a62c463e9157284267421972764799f188f4172"}
,"D:\\STUPEN\\latihan-kelas\\Finall-Project\\app\\routes\\transactionRouter.js": {"path":"D:\\STUPEN\\latihan-kelas\\Finall-Project\\app\\routes\\transactionRouter.js","statementMap":{"0":{"start":{"line":1,"column":15},"end":{"line":1,"column":42}},"1":{"start":{"line":3,"column":20},"end":{"line":3,"column":66}},"2":{"start":{"line":4,"column":15},"end":{"line":4,"column":47}},"3":{"start":{"line":5,"column":18},"end":{"line":5,"column":53}},"4":{"start":{"line":7,"column":0},"end":{"line":7,"column":62}},"5":{"start":{"line":8,"column":0},"end":{"line":8,"column":69}},"6":{"start":{"line":10,"column":0},"end":{"line":10,"column":77}},"7":{"start":{"line":11,"column":0},"end":{"line":11,"column":63}},"8":{"start":{"line":12,"column":0},"end":{"line":12,"column":63}},"9":{"start":{"line":14,"column":0},"end":{"line":14,"column":24}}},"fnMap":{},"branchMap":{},"s":{"0":2,"1":2,"2":2,"3":2,"4":2,"5":2,"6":2,"7":2,"8":2,"9":2},"f":{},"b":{},"_coverageSchema":"1a1c01bbd47fc00a2c39e90264f33305004495a9","hash":"a0f77f5e27d93b732ff3cf49865b53ba4b5d344a"}
,"D:\\STUPEN\\latihan-kelas\\Finall-Project\\app\\routes\\userRouter.js": {"path":"D:\\STUPEN\\latihan-kelas\\Finall-Project\\app\\routes\\userRouter.js","statementMap":{"0":{"start":{"line":1,"column":15},"end":{"line":1,"column":42}},"1":{"start":{"line":2,"column":15},"end":{"line":2,"column":47}},"2":{"start":{"line":3,"column":13},"end":{"line":3,"column":52}},"3":{"start":{"line":4,"column":21},"end":{"line":4,"column":53}},"4":{"start":{"line":5,"column":18},"end":{"line":5,"column":53}},"5":{"start":{"line":7,"column":0},"end":{"line":7,"column":31}},"6":{"start":{"line":8,"column":0},"end":{"line":8,"column":40}},"7":{"start":{"line":9,"column":0},"end":{"line":15,"column":2}},"8":{"start":{"line":16,"column":0},"end":{"line":21,"column":2}},"9":{"start":{"line":22,"column":0},"end":{"line":27,"column":2}},"10":{"start":{"line":29,"column":0},"end":{"line":29,"column":24}}},"fnMap":{},"branchMap":{},"s":{"0":2,"1":2,"2":2,"3":2,"4":2,"5":2,"6":2,"7":2,"8":2,"9":2,"10":2},"f":{},"b":{},"_coverageSchema":"1a1c01bbd47fc00a2c39e90264f33305004495a9","hash":"3090eced4f3b079c944b13dbd0b608030d3e1f3d"}
,"D:\\STUPEN\\latihan-kelas\\Finall-Project\\utils\\apiError.js": {"path":"D:\\STUPEN\\latihan-kelas\\Finall-Project\\utils\\apiError.js","statementMap":{"0":{"start":{"line":3,"column":4},"end":{"line":3,"column":18}},"1":{"start":{"line":5,"column":4},"end":{"line":5,"column":32}},"2":{"start":{"line":6,"column":4},"end":{"line":6,"column":70}},"3":{"start":{"line":8,"column":4},"end":{"line":8,"column":51}},"4":{"start":{"line":12,"column":0},"end":{"line":12,"column":25}}},"fnMap":{"0":{"name":"(anonymous_0)","decl":{"start":{"line":2,"column":2},"end":{"line":2,"column":3}},"loc":{"start":{"line":2,"column":35},"end":{"line":9,"column":3}},"line":2}},"branchMap":{"0":{"loc":{"start":{"line":6,"column":18},"end":{"line":6,"column":70}},"type":"cond-expr","locations":[{"start":{"line":6,"column":52},"end":{"line":6,"column":60}},{"start":{"line":6,"column":63},"end":{"line":6,"column":70}}],"line":6}},"s":{"0":21,"1":21,"2":21,"3":21,"4":2},"f":{"0":21},"b":{"0":[18,3]},"_coverageSchema":"1a1c01bbd47fc00a2c39e90264f33305004495a9","hash":"e2c1f527acace5534f5bf78c955d6c368b2371e7"}
,"D:\\STUPEN\\latihan-kelas\\Finall-Project\\utils\\generatedOTP.js": {"path":"D:\\STUPEN\\latihan-kelas\\Finall-Project\\utils\\generatedOTP.js","statementMap":{"0":{"start":{"line":1,"column":21},"end":{"line":7,"column":1}},"1":{"start":{"line":2,"column":2},"end":{"line":6,"column":3}},"2":{"start":{"line":3,"column":4},"end":{"line":3,"column":64}},"3":{"start":{"line":5,"column":4},"end":{"line":5,"column":16}},"4":{"start":{"line":9,"column":0},"end":{"line":9,"column":30}}},"fnMap":{"0":{"name":"(anonymous_0)","decl":{"start":{"line":1,"column":21},"end":{"line":1,"column":22}},"loc":{"start":{"line":1,"column":33},"end":{"line":7,"column":1}},"line":1}},"branchMap":{},"s":{"0":2,"1":1,"2":1,"3":0,"4":2},"f":{"0":1},"b":{},"_coverageSchema":"1a1c01bbd47fc00a2c39e90264f33305004495a9","hash":"ce5516135341ec3c5fa3b7be23e22aec157f88a3"}
,"D:\\STUPEN\\latihan-kelas\\Finall-Project\\utils\\scheduleDeletion.js": {"path":"D:\\STUPEN\\latihan-kelas\\Finall-Project\\utils\\scheduleDeletion.js","statementMap":{"0":{"start":{"line":1,"column":17},"end":{"line":1,"column":52}},"1":{"start":{"line":2,"column":16},"end":{"line":2,"column":40}},"2":{"start":{"line":4,"column":28},"end":{"line":13,"column":1}},"3":{"start":{"line":5,"column":4},"end":{"line":12,"column":14}},"4":{"start":{"line":6,"column":8},"end":{"line":11,"column":9}},"5":{"start":{"line":7,"column":12},"end":{"line":7,"column":56}},"6":{"start":{"line":8,"column":12},"end":{"line":8,"column":66}},"7":{"start":{"line":10,"column":12},"end":{"line":10,"column":56}},"8":{"start":{"line":15,"column":0},"end":{"line":15,"column":37}}},"fnMap":{"0":{"name":"(anonymous_0)","decl":{"start":{"line":4,"column":28},"end":{"line":4,"column":29}},"loc":{"start":{"line":4,"column":46},"end":{"line":13,"column":1}},"line":4},"1":{"name":"(anonymous_1)","decl":{"start":{"line":5,"column":15},"end":{"line":5,"column":16}},"loc":{"start":{"line":5,"column":27},"end":{"line":12,"column":5}},"line":5}},"branchMap":{},"s":{"0":2,"1":2,"2":2,"3":1,"4":0,"5":0,"6":0,"7":0,"8":2},"f":{"0":1,"1":0},"b":{},"_coverageSchema":"1a1c01bbd47fc00a2c39e90264f33305004495a9","hash":"b6f22a74a95b01780b4d37893102a4eed893d94e"}
,"D:\\STUPEN\\latihan-kelas\\Finall-Project\\utils\\sendEmail.js": {"path":"D:\\STUPEN\\latihan-kelas\\Finall-Project\\utils\\sendEmail.js","statementMap":{"0":{"start":{"line":1,"column":28},"end":{"line":1,"column":60}},"1":{"start":{"line":2,"column":15},"end":{"line":2,"column":32}},"2":{"start":{"line":3,"column":19},"end":{"line":3,"column":40}},"3":{"start":{"line":4,"column":20},"end":{"line":4,"column":45}},"4":{"start":{"line":5,"column":16},"end":{"line":5,"column":40}},"5":{"start":{"line":6,"column":19},"end":{"line":6,"column":42}},"6":{"start":{"line":7,"column":0},"end":{"line":7,"column":16}},"7":{"start":{"line":8,"column":38},"end":{"line":8,"column":49}},"8":{"start":{"line":10,"column":18},"end":{"line":20,"column":2}},"9":{"start":{"line":22,"column":18},"end":{"line":29,"column":1}},"10":{"start":{"line":23,"column":4},"end":{"line":28,"column":5}},"11":{"start":{"line":24,"column":8},"end":{"line":24,"column":48}},"12":{"start":{"line":25,"column":8},"end":{"line":25,"column":15}},"13":{"start":{"line":27,"column":8},"end":{"line":27,"column":18}},"14":{"start":{"line":31,"column":0},"end":{"line":31,"column":27}}},"fnMap":{"0":{"name":"(anonymous_0)","decl":{"start":{"line":22,"column":18},"end":{"line":22,"column":19}},"loc":{"start":{"line":22,"column":41},"end":{"line":29,"column":1}},"line":22}},"branchMap":{},"s":{"0":2,"1":2,"2":2,"3":2,"4":2,"5":2,"6":2,"7":2,"8":2,"9":2,"10":1,"11":1,"12":1,"13":0,"14":2},"f":{"0":1},"b":{},"_coverageSchema":"1a1c01bbd47fc00a2c39e90264f33305004495a9","hash":"80091837f13878697f122485426c1169910f2a6e"}
}
