{"D:\\STUPEN\\latihan-kelas\\Finall-Project\\app\\index.js": {"path":"D:\\STUPEN\\latihan-kelas\\Finall-Project\\app\\index.js","statementMap":{"0":{"start":{"line":1,"column":16},"end":{"line":1,"column":34}},"1":{"start":{"line":2,"column":15},"end":{"line":2,"column":32}},"2":{"start":{"line":3,"column":13},"end":{"line":3,"column":28}},"3":{"start":{"line":5,"column":17},"end":{"line":5,"column":45}},"4":{"start":{"line":6,"column":21},"end":{"line":6,"column":60}},"5":{"start":{"line":7,"column":15},"end":{"line":7,"column":34}},"6":{"start":{"line":9,"column":12},"end":{"line":9,"column":21}},"7":{"start":{"line":11,"column":0},"end":{"line":11,"column":24}},"8":{"start":{"line":12,"column":0},"end":{"line":12,"column":16}},"9":{"start":{"line":13,"column":0},"end":{"line":13,"column":48}},"10":{"start":{"line":15,"column":0},"end":{"line":15,"column":23}},"11":{"start":{"line":16,"column":0},"end":{"line":16,"column":16}},"12":{"start":{"line":18,"column":0},"end":{"line":20,"column":3}},"13":{"start":{"line":19,"column":2},"end":{"line":19,"column":51}},"14":{"start":{"line":22,"column":0},"end":{"line":22,"column":22}},"15":{"start":{"line":24,"column":0},"end":{"line":24,"column":21}}},"fnMap":{"0":{"name":"(anonymous_0)","decl":{"start":{"line":18,"column":13},"end":{"line":18,"column":14}},"loc":{"start":{"line":18,"column":33},"end":{"line":20,"column":1}},"line":18}},"branchMap":{},"s":{"0":8,"1":8,"2":8,"3":8,"4":8,"5":8,"6":8,"7":8,"8":8,"9":8,"10":8,"11":8,"12":8,"13":0,"14":8,"15":8},"f":{"0":0},"b":{},"_coverageSchema":"1a1c01bbd47fc00a2c39e90264f33305004495a9","hash":"9ce50c54098e11628aa097d6e26acdd76a0215f3"}
,"D:\\STUPEN\\latihan-kelas\\Finall-Project\\app\\controller\\OtpConroller.js": {"path":"D:\\STUPEN\\latihan-kelas\\Finall-Project\\app\\controller\\OtpConroller.js","statementMap":{"0":{"start":{"line":1,"column":21},"end":{"line":1,"column":56}},"1":{"start":{"line":2,"column":18},"end":{"line":2,"column":50}},"2":{"start":{"line":3,"column":12},"end":{"line":3,"column":35}},"3":{"start":{"line":5,"column":28},"end":{"line":5,"column":48}},"4":{"start":{"line":6,"column":23},"end":{"line":6,"column":34}},"5":{"start":{"line":7,"column":17},"end":{"line":7,"column":48}},"6":{"start":{"line":8,"column":28},"end":{"line":8,"column":67}},"7":{"start":{"line":9,"column":15},"end":{"line":9,"column":32}},"8":{"start":{"line":11,"column":18},"end":{"line":77,"column":1}},"9":{"start":{"line":12,"column":2},"end":{"line":76,"column":3}},"10":{"start":{"line":13,"column":23},"end":{"line":13,"column":33}},"11":{"start":{"line":14,"column":21},"end":{"line":14,"column":29}},"12":{"start":{"line":16,"column":20},"end":{"line":21,"column":6}},"13":{"start":{"line":23,"column":4},"end":{"line":25,"column":5}},"14":{"start":{"line":24,"column":6},"end":{"line":24,"column":66}},"15":{"start":{"line":27,"column":4},"end":{"line":29,"column":5}},"16":{"start":{"line":28,"column":6},"end":{"line":28,"column":55}},"17":{"start":{"line":31,"column":4},"end":{"line":40,"column":5}},"18":{"start":{"line":42,"column":21},"end":{"line":46,"column":6}},"19":{"start":{"line":48,"column":18},"end":{"line":56,"column":5}},"20":{"start":{"line":58,"column":4},"end":{"line":62,"column":6}},"21":{"start":{"line":64,"column":4},"end":{"line":73,"column":6}},"22":{"start":{"line":75,"column":4},"end":{"line":75,"column":40}},"23":{"start":{"line":79,"column":16},"end":{"line":147,"column":1}},"24":{"start":{"line":80,"column":2},"end":{"line":146,"column":3}},"25":{"start":{"line":81,"column":22},"end":{"line":81,"column":30}},"26":{"start":{"line":83,"column":17},"end":{"line":88,"column":6}},"27":{"start":{"line":90,"column":4},"end":{"line":92,"column":5}},"28":{"start":{"line":91,"column":6},"end":{"line":91,"column":64}},"29":{"start":{"line":94,"column":4},"end":{"line":98,"column":6}},"30":{"start":{"line":100,"column":20},"end":{"line":100,"column":40}},"31":{"start":{"line":101,"column":27},"end":{"line":101,"column":37}},"32":{"start":{"line":102,"column":32},"end":{"line":102,"column":33}},"33":{"start":{"line":103,"column":4},"end":{"line":103,"column":80}},"34":{"start":{"line":104,"column":40},"end":{"line":106,"column":5}},"35":{"start":{"line":108,"column":23},"end":{"line":108,"column":25}},"36":{"start":{"line":109,"column":25},"end":{"line":109,"column":61}},"37":{"start":{"line":111,"column":26},"end":{"line":116,"column":6}},"38":{"start":{"line":118,"column":26},"end":{"line":118,"column":65}},"39":{"start":{"line":119,"column":4},"end":{"line":119,"column":56}},"40":{"start":{"line":121,"column":24},"end":{"line":133,"column":5}},"41":{"start":{"line":134,"column":4},"end":{"line":134,"column":32}},"42":{"start":{"line":136,"column":4},"end":{"line":143,"column":6}},"43":{"start":{"line":145,"column":4},"end":{"line":145,"column":40}},"44":{"start":{"line":149,"column":0},"end":{"line":149,"column":39}}},"fnMap":{"0":{"name":"(anonymous_0)","decl":{"start":{"line":11,"column":18},"end":{"line":11,"column":19}},"loc":{"start":{"line":11,"column":44},"end":{"line":77,"column":1}},"line":11},"1":{"name":"(anonymous_1)","decl":{"start":{"line":79,"column":16},"end":{"line":79,"column":17}},"loc":{"start":{"line":79,"column":42},"end":{"line":147,"column":1}},"line":79}},"branchMap":{"0":{"loc":{"start":{"line":23,"column":4},"end":{"line":25,"column":5}},"type":"if","locations":[{"start":{"line":23,"column":4},"end":{"line":25,"column":5}},{"start":{},"end":{}}],"line":23},"1":{"loc":{"start":{"line":27,"column":4},"end":{"line":29,"column":5}},"type":"if","locations":[{"start":{"line":27,"column":4},"end":{"line":29,"column":5}},{"start":{},"end":{}}],"line":27},"2":{"loc":{"start":{"line":90,"column":4},"end":{"line":92,"column":5}},"type":"if","locations":[{"start":{"line":90,"column":4},"end":{"line":92,"column":5}},{"start":{},"end":{}}],"line":90}},"s":{"0":8,"1":8,"2":8,"3":8,"4":8,"5":8,"6":8,"7":8,"8":8,"9":3,"10":3,"11":3,"12":3,"13":3,"14":1,"15":2,"16":1,"17":1,"18":1,"19":1,"20":1,"21":1,"22":0,"23":8,"24":5,"25":5,"26":5,"27":5,"28":1,"29":4,"30":4,"31":4,"32":4,"33":4,"34":4,"35":4,"36":4,"37":4,"38":4,"39":4,"40":4,"41":4,"42":4,"43":0,"44":8},"f":{"0":3,"1":5},"b":{"0":[1,2],"1":[1,1],"2":[1,4]},"_coverageSchema":"1a1c01bbd47fc00a2c39e90264f33305004495a9","hash":"2475c015091187cb2a129e5eb3e4557fb1e7bd3f"}
,"D:\\STUPEN\\latihan-kelas\\Finall-Project\\app\\controller\\authController.js": {"path":"D:\\STUPEN\\latihan-kelas\\Finall-Project\\app\\controller\\authController.js","statementMap":{"0":{"start":{"line":2,"column":15},"end":{"line":2,"column":32}},"1":{"start":{"line":3,"column":12},"end":{"line":3,"column":35}},"2":{"start":{"line":6,"column":4},"end":{"line":6,"column":24}},"3":{"start":{"line":7,"column":21},"end":{"line":7,"column":56}},"4":{"start":{"line":9,"column":23},"end":{"line":9,"column":34}},"5":{"start":{"line":10,"column":18},"end":{"line":10,"column":50}},"6":{"start":{"line":12,"column":17},"end":{"line":12,"column":48}},"7":{"start":{"line":13,"column":28},"end":{"line":13,"column":67}},"8":{"start":{"line":15,"column":17},"end":{"line":97,"column":1}},"9":{"start":{"line":16,"column":2},"end":{"line":96,"column":3}},"10":{"start":{"line":19,"column":8},"end":{"line":19,"column":16}},"11":{"start":{"line":21,"column":17},"end":{"line":25,"column":6}},"12":{"start":{"line":27,"column":4},"end":{"line":29,"column":5}},"13":{"start":{"line":28,"column":6},"end":{"line":28,"column":71}},"14":{"start":{"line":31,"column":27},"end":{"line":31,"column":46}},"15":{"start":{"line":32,"column":4},"end":{"line":36,"column":5}},"16":{"start":{"line":33,"column":6},"end":{"line":35,"column":8}},"17":{"start":{"line":38,"column":23},"end":{"line":38,"column":25}},"18":{"start":{"line":39,"column":27},"end":{"line":39,"column":64}},"19":{"start":{"line":41,"column":20},"end":{"line":46,"column":6}},"20":{"start":{"line":47,"column":4},"end":{"line":51,"column":7}},"21":{"start":{"line":53,"column":20},"end":{"line":53,"column":40}},"22":{"start":{"line":54,"column":27},"end":{"line":54,"column":37}},"23":{"start":{"line":55,"column":32},"end":{"line":55,"column":33}},"24":{"start":{"line":56,"column":4},"end":{"line":56,"column":81}},"25":{"start":{"line":57,"column":40},"end":{"line":59,"column":5}},"26":{"start":{"line":61,"column":25},"end":{"line":61,"column":61}},"27":{"start":{"line":63,"column":19},"end":{"line":67,"column":6}},"28":{"start":{"line":69,"column":26},"end":{"line":69,"column":65}},"29":{"start":{"line":70,"column":4},"end":{"line":70,"column":50}},"30":{"start":{"line":72,"column":24},"end":{"line":84,"column":5}},"31":{"start":{"line":85,"column":4},"end":{"line":85,"column":33}},"32":{"start":{"line":87,"column":4},"end":{"line":93,"column":7}},"33":{"start":{"line":95,"column":4},"end":{"line":95,"column":41}},"34":{"start":{"line":99,"column":14},"end":{"line":155,"column":1}},"35":{"start":{"line":100,"column":2},"end":{"line":154,"column":3}},"36":{"start":{"line":101,"column":32},"end":{"line":101,"column":40}},"37":{"start":{"line":103,"column":17},"end":{"line":108,"column":6}},"38":{"start":{"line":110,"column":4},"end":{"line":112,"column":5}},"39":{"start":{"line":111,"column":6},"end":{"line":111,"column":62}},"40":{"start":{"line":114,"column":4},"end":{"line":151,"column":5}},"41":{"start":{"line":115,"column":20},"end":{"line":123,"column":7}},"42":{"start":{"line":124,"column":6},"end":{"line":126,"column":7}},"43":{"start":{"line":125,"column":8},"end":{"line":125,"column":70}},"44":{"start":{"line":128,"column":20},"end":{"line":133,"column":8}},"45":{"start":{"line":134,"column":6},"end":{"line":137,"column":9}},"46":{"start":{"line":139,"column":6},"end":{"line":148,"column":9}},"47":{"start":{"line":150,"column":6},"end":{"line":150,"column":57}},"48":{"start":{"line":153,"column":4},"end":{"line":153,"column":41}},"49":{"start":{"line":157,"column":26},"end":{"line":198,"column":1}},"50":{"start":{"line":158,"column":2},"end":{"line":197,"column":3}},"51":{"start":{"line":159,"column":32},"end":{"line":159,"column":40}},"52":{"start":{"line":161,"column":17},"end":{"line":166,"column":6}},"53":{"start":{"line":168,"column":4},"end":{"line":170,"column":5}},"54":{"start":{"line":169,"column":6},"end":{"line":169,"column":62}},"55":{"start":{"line":172,"column":4},"end":{"line":174,"column":5}},"56":{"start":{"line":173,"column":6},"end":{"line":173,"column":69}},"57":{"start":{"line":176,"column":4},"end":{"line":194,"column":5}},"58":{"start":{"line":177,"column":20},"end":{"line":185,"column":7}},"59":{"start":{"line":187,"column":6},"end":{"line":191,"column":9}},"60":{"start":{"line":193,"column":6},"end":{"line":193,"column":57}},"61":{"start":{"line":196,"column":4},"end":{"line":196,"column":41}},"62":{"start":{"line":200,"column":21},"end":{"line":223,"column":1}},"63":{"start":{"line":201,"column":19},"end":{"line":206,"column":4}},"64":{"start":{"line":207,"column":2},"end":{"line":222,"column":3}},"65":{"start":{"line":208,"column":4},"end":{"line":219,"column":7}},"66":{"start":{"line":221,"column":4},"end":{"line":221,"column":41}},"67":{"start":{"line":225,"column":26},"end":{"line":263,"column":1}},"68":{"start":{"line":226,"column":2},"end":{"line":262,"column":3}},"69":{"start":{"line":227,"column":23},"end":{"line":227,"column":33}},"70":{"start":{"line":228,"column":25},"end":{"line":228,"column":33}},"71":{"start":{"line":230,"column":18},"end":{"line":235,"column":6}},"72":{"start":{"line":237,"column":4},"end":{"line":239,"column":5}},"73":{"start":{"line":238,"column":6},"end":{"line":238,"column":68}},"74":{"start":{"line":242,"column":23},"end":{"line":242,"column":25}},"75":{"start":{"line":243,"column":27},"end":{"line":243,"column":66}},"76":{"start":{"line":245,"column":4},"end":{"line":254,"column":6}},"77":{"start":{"line":256,"column":4},"end":{"line":259,"column":7}},"78":{"start":{"line":261,"column":4},"end":{"line":261,"column":41}},"79":{"start":{"line":265,"column":0},"end":{"line":271,"column":2}}},"fnMap":{"0":{"name":"(anonymous_0)","decl":{"start":{"line":15,"column":17},"end":{"line":15,"column":18}},"loc":{"start":{"line":15,"column":43},"end":{"line":97,"column":1}},"line":15},"1":{"name":"(anonymous_1)","decl":{"start":{"line":99,"column":14},"end":{"line":99,"column":15}},"loc":{"start":{"line":99,"column":40},"end":{"line":155,"column":1}},"line":99},"2":{"name":"(anonymous_2)","decl":{"start":{"line":157,"column":26},"end":{"line":157,"column":27}},"loc":{"start":{"line":157,"column":52},"end":{"line":198,"column":1}},"line":157},"3":{"name":"(anonymous_3)","decl":{"start":{"line":200,"column":21},"end":{"line":200,"column":22}},"loc":{"start":{"line":200,"column":47},"end":{"line":223,"column":1}},"line":200},"4":{"name":"(anonymous_4)","decl":{"start":{"line":225,"column":26},"end":{"line":225,"column":27}},"loc":{"start":{"line":225,"column":52},"end":{"line":263,"column":1}},"line":225}},"branchMap":{"0":{"loc":{"start":{"line":27,"column":4},"end":{"line":29,"column":5}},"type":"if","locations":[{"start":{"line":27,"column":4},"end":{"line":29,"column":5}},{"start":{},"end":{}}],"line":27},"1":{"loc":{"start":{"line":32,"column":4},"end":{"line":36,"column":5}},"type":"if","locations":[{"start":{"line":32,"column":4},"end":{"line":36,"column":5}},{"start":{},"end":{}}],"line":32},"2":{"loc":{"start":{"line":110,"column":4},"end":{"line":112,"column":5}},"type":"if","locations":[{"start":{"line":110,"column":4},"end":{"line":112,"column":5}},{"start":{},"end":{}}],"line":110},"3":{"loc":{"start":{"line":114,"column":4},"end":{"line":151,"column":5}},"type":"if","locations":[{"start":{"line":114,"column":4},"end":{"line":151,"column":5}},{"start":{"line":149,"column":11},"end":{"line":151,"column":5}}],"line":114},"4":{"loc":{"start":{"line":114,"column":8},"end":{"line":114,"column":59}},"type":"binary-expr","locations":[{"start":{"line":114,"column":8},"end":{"line":114,"column":12}},{"start":{"line":114,"column":16},"end":{"line":114,"column":59}}],"line":114},"5":{"loc":{"start":{"line":124,"column":6},"end":{"line":126,"column":7}},"type":"if","locations":[{"start":{"line":124,"column":6},"end":{"line":126,"column":7}},{"start":{},"end":{}}],"line":124},"6":{"loc":{"start":{"line":168,"column":4},"end":{"line":170,"column":5}},"type":"if","locations":[{"start":{"line":168,"column":4},"end":{"line":170,"column":5}},{"start":{},"end":{}}],"line":168},"7":{"loc":{"start":{"line":172,"column":4},"end":{"line":174,"column":5}},"type":"if","locations":[{"start":{"line":172,"column":4},"end":{"line":174,"column":5}},{"start":{},"end":{}}],"line":172},"8":{"loc":{"start":{"line":176,"column":4},"end":{"line":194,"column":5}},"type":"if","locations":[{"start":{"line":176,"column":4},"end":{"line":194,"column":5}},{"start":{"line":192,"column":11},"end":{"line":194,"column":5}}],"line":176},"9":{"loc":{"start":{"line":176,"column":8},"end":{"line":176,"column":59}},"type":"binary-expr","locations":[{"start":{"line":176,"column":8},"end":{"line":176,"column":12}},{"start":{"line":176,"column":16},"end":{"line":176,"column":59}}],"line":176},"10":{"loc":{"start":{"line":237,"column":4},"end":{"line":239,"column":5}},"type":"if","locations":[{"start":{"line":237,"column":4},"end":{"line":239,"column":5}},{"start":{},"end":{}}],"line":237}},"s":{"0":8,"1":8,"2":8,"3":8,"4":8,"5":8,"6":8,"7":8,"8":8,"9":4,"10":4,"11":4,"12":4,"13":1,"14":3,"15":3,"16":1,"17":2,"18":2,"19":2,"20":2,"21":2,"22":2,"23":2,"24":2,"25":2,"26":2,"27":2,"28":2,"29":2,"30":2,"31":2,"32":2,"33":0,"34":8,"35":38,"36":38,"37":38,"38":38,"39":1,"40":37,"41":36,"42":36,"43":1,"44":35,"45":35,"46":35,"47":1,"48":0,"49":8,"50":40,"51":40,"52":40,"53":40,"54":1,"55":39,"56":1,"57":38,"58":37,"59":37,"60":1,"61":0,"62":8,"63":1,"64":1,"65":1,"66":0,"67":8,"68":2,"69":2,"70":2,"71":2,"72":2,"73":1,"74":1,"75":1,"76":1,"77":1,"78":0,"79":8},"f":{"0":4,"1":38,"2":40,"3":1,"4":2},"b":{"0":[1,3],"1":[1,2],"2":[1,37],"3":[36,1],"4":[37,37],"5":[1,35],"6":[1,39],"7":[1,38],"8":[37,1],"9":[38,38],"10":[1,1]},"_coverageSchema":"1a1c01bbd47fc00a2c39e90264f33305004495a9","hash":"8799e7c9f2e463afb8b63a9e126fd30ec2413501"}
,"D:\\STUPEN\\latihan-kelas\\Finall-Project\\app\\controller\\categoryController.js": {"path":"D:\\STUPEN\\latihan-kelas\\Finall-Project\\app\\controller\\categoryController.js","statementMap":{"0":{"start":{"line":1,"column":13},"end":{"line":1,"column":28}},"1":{"start":{"line":2,"column":21},"end":{"line":2,"column":41}},"2":{"start":{"line":3,"column":17},"end":{"line":3,"column":48}},"3":{"start":{"line":4,"column":17},"end":{"line":4,"column":44}},"4":{"start":{"line":6,"column":23},"end":{"line":19,"column":1}},"5":{"start":{"line":7,"column":2},"end":{"line":18,"column":3}},"6":{"start":{"line":8,"column":21},"end":{"line":10,"column":6}},"7":{"start":{"line":12,"column":4},"end":{"line":15,"column":7}},"8":{"start":{"line":17,"column":4},"end":{"line":17,"column":41}},"9":{"start":{"line":21,"column":23},"end":{"line":34,"column":1}},"10":{"start":{"line":22,"column":2},"end":{"line":33,"column":3}},"11":{"start":{"line":23,"column":21},"end":{"line":25,"column":6}},"12":{"start":{"line":27,"column":4},"end":{"line":30,"column":7}},"13":{"start":{"line":32,"column":4},"end":{"line":32,"column":41}},"14":{"start":{"line":36,"column":23},"end":{"line":61,"column":1}},"15":{"start":{"line":37,"column":23},"end":{"line":37,"column":31}},"16":{"start":{"line":38,"column":19},"end":{"line":38,"column":22}},"17":{"start":{"line":41,"column":2},"end":{"line":60,"column":3}},"18":{"start":{"line":42,"column":4},"end":{"line":50,"column":5}},"19":{"start":{"line":43,"column":23},"end":{"line":43,"column":40}},"20":{"start":{"line":44,"column":24},"end":{"line":44,"column":46}},"21":{"start":{"line":45,"column":28},"end":{"line":48,"column":8}},"22":{"start":{"line":49,"column":6},"end":{"line":49,"column":32}},"23":{"start":{"line":52,"column":24},"end":{"line":52,"column":73}},"24":{"start":{"line":54,"column":4},"end":{"line":57,"column":7}},"25":{"start":{"line":59,"column":4},"end":{"line":59,"column":41}},"26":{"start":{"line":63,"column":23},"end":{"line":94,"column":1}},"27":{"start":{"line":64,"column":17},"end":{"line":64,"column":27}},"28":{"start":{"line":65,"column":23},"end":{"line":65,"column":31}},"29":{"start":{"line":66,"column":19},"end":{"line":66,"column":22}},"30":{"start":{"line":67,"column":20},"end":{"line":67,"column":54}},"31":{"start":{"line":70,"column":2},"end":{"line":93,"column":3}},"32":{"start":{"line":71,"column":4},"end":{"line":79,"column":5}},"33":{"start":{"line":72,"column":23},"end":{"line":72,"column":40}},"34":{"start":{"line":73,"column":24},"end":{"line":73,"column":46}},"35":{"start":{"line":74,"column":28},"end":{"line":77,"column":8}},"36":{"start":{"line":78,"column":6},"end":{"line":78,"column":32}},"37":{"start":{"line":81,"column":28},"end":{"line":84,"column":5}},"38":{"start":{"line":86,"column":4},"end":{"line":90,"column":7}},"39":{"start":{"line":92,"column":4},"end":{"line":92,"column":41}},"40":{"start":{"line":96,"column":23},"end":{"line":109,"column":1}},"41":{"start":{"line":97,"column":17},"end":{"line":97,"column":27}},"42":{"start":{"line":98,"column":20},"end":{"line":98,"column":37}},"43":{"start":{"line":99,"column":2},"end":{"line":108,"column":3}},"44":{"start":{"line":100,"column":4},"end":{"line":100,"column":38}},"45":{"start":{"line":102,"column":4},"end":{"line":105,"column":7}},"46":{"start":{"line":107,"column":4},"end":{"line":107,"column":41}},"47":{"start":{"line":111,"column":0},"end":{"line":117,"column":2}}},"fnMap":{"0":{"name":"(anonymous_0)","decl":{"start":{"line":6,"column":23},"end":{"line":6,"column":24}},"loc":{"start":{"line":6,"column":49},"end":{"line":19,"column":1}},"line":6},"1":{"name":"(anonymous_1)","decl":{"start":{"line":21,"column":23},"end":{"line":21,"column":24}},"loc":{"start":{"line":21,"column":49},"end":{"line":34,"column":1}},"line":21},"2":{"name":"(anonymous_2)","decl":{"start":{"line":36,"column":23},"end":{"line":36,"column":24}},"loc":{"start":{"line":36,"column":49},"end":{"line":61,"column":1}},"line":36},"3":{"name":"(anonymous_3)","decl":{"start":{"line":63,"column":23},"end":{"line":63,"column":24}},"loc":{"start":{"line":63,"column":49},"end":{"line":94,"column":1}},"line":63},"4":{"name":"(anonymous_4)","decl":{"start":{"line":96,"column":23},"end":{"line":96,"column":24}},"loc":{"start":{"line":96,"column":49},"end":{"line":109,"column":1}},"line":96}},"branchMap":{"0":{"loc":{"start":{"line":42,"column":4},"end":{"line":50,"column":5}},"type":"if","locations":[{"start":{"line":42,"column":4},"end":{"line":50,"column":5}},{"start":{},"end":{}}],"line":42},"1":{"loc":{"start":{"line":71,"column":4},"end":{"line":79,"column":5}},"type":"if","locations":[{"start":{"line":71,"column":4},"end":{"line":79,"column":5}},{"start":{},"end":{}}],"line":71}},"s":{"0":8,"1":8,"2":8,"3":8,"4":8,"5":1,"6":1,"7":1,"8":0,"9":8,"10":1,"11":1,"12":1,"13":0,"14":8,"15":2,"16":2,"17":2,"18":2,"19":0,"20":0,"21":0,"22":0,"23":2,"24":2,"25":0,"26":8,"27":1,"28":1,"29":1,"30":1,"31":1,"32":1,"33":0,"34":0,"35":0,"36":0,"37":1,"38":1,"39":0,"40":8,"41":1,"42":1,"43":1,"44":1,"45":1,"46":0,"47":8},"f":{"0":1,"1":1,"2":2,"3":1,"4":1},"b":{"0":[0,2],"1":[0,1]},"_coverageSchema":"1a1c01bbd47fc00a2c39e90264f33305004495a9","hash":"d30168c1f9526b2178337754322af225f84a581d"}
,"D:\\STUPEN\\latihan-kelas\\Finall-Project\\app\\controller\\chapterController.js": {"path":"D:\\STUPEN\\latihan-kelas\\Finall-Project\\app\\controller\\chapterController.js","statementMap":{"0":{"start":{"line":2,"column":17},"end":{"line":2,"column":48}},"1":{"start":{"line":3,"column":28},"end":{"line":3,"column":48}},"2":{"start":{"line":4,"column":0},"end":{"line":4,"column":27}},"3":{"start":{"line":6,"column":22},"end":{"line":29,"column":1}},"4":{"start":{"line":7,"column":27},"end":{"line":7,"column":35}},"5":{"start":{"line":8,"column":2},"end":{"line":28,"column":3}},"6":{"start":{"line":9,"column":19},"end":{"line":9,"column":55}},"7":{"start":{"line":11,"column":4},"end":{"line":11,"column":79}},"8":{"start":{"line":11,"column":17},"end":{"line":11,"column":79}},"9":{"start":{"line":13,"column":4},"end":{"line":13,"column":87}},"10":{"start":{"line":13,"column":25},"end":{"line":13,"column":85}},"11":{"start":{"line":15,"column":20},"end":{"line":18,"column":6}},"12":{"start":{"line":20,"column":4},"end":{"line":25,"column":7}},"13":{"start":{"line":27,"column":4},"end":{"line":27,"column":41}},"14":{"start":{"line":31,"column":23},"end":{"line":47,"column":1}},"15":{"start":{"line":32,"column":2},"end":{"line":46,"column":3}},"16":{"start":{"line":33,"column":21},"end":{"line":35,"column":6}},"17":{"start":{"line":37,"column":4},"end":{"line":43,"column":7}},"18":{"start":{"line":45,"column":4},"end":{"line":45,"column":41}},"19":{"start":{"line":49,"column":20},"end":{"line":69,"column":1}},"20":{"start":{"line":50,"column":2},"end":{"line":68,"column":3}},"21":{"start":{"line":51,"column":20},"end":{"line":56,"column":6}},"22":{"start":{"line":58,"column":4},"end":{"line":58,"column":81}},"23":{"start":{"line":58,"column":18},"end":{"line":58,"column":81}},"24":{"start":{"line":60,"column":4},"end":{"line":65,"column":7}},"25":{"start":{"line":67,"column":4},"end":{"line":67,"column":41}},"26":{"start":{"line":71,"column":22},"end":{"line":105,"column":1}},"27":{"start":{"line":72,"column":2},"end":{"line":104,"column":3}},"28":{"start":{"line":73,"column":29},"end":{"line":73,"column":37}},"29":{"start":{"line":75,"column":22},"end":{"line":79,"column":6}},"30":{"start":{"line":81,"column":4},"end":{"line":81,"column":87}},"31":{"start":{"line":81,"column":22},"end":{"line":81,"column":85}},"32":{"start":{"line":83,"column":4},"end":{"line":83,"column":87}},"33":{"start":{"line":83,"column":25},"end":{"line":83,"column":85}},"34":{"start":{"line":85,"column":20},"end":{"line":95,"column":5}},"35":{"start":{"line":97,"column":4},"end":{"line":101,"column":7}},"36":{"start":{"line":103,"column":4},"end":{"line":103,"column":41}},"37":{"start":{"line":107,"column":22},"end":{"line":128,"column":1}},"38":{"start":{"line":108,"column":2},"end":{"line":127,"column":3}},"39":{"start":{"line":109,"column":22},"end":{"line":113,"column":6}},"40":{"start":{"line":115,"column":4},"end":{"line":115,"column":87}},"41":{"start":{"line":115,"column":22},"end":{"line":115,"column":85}},"42":{"start":{"line":117,"column":4},"end":{"line":119,"column":7}},"43":{"start":{"line":121,"column":4},"end":{"line":124,"column":7}},"44":{"start":{"line":126,"column":4},"end":{"line":126,"column":41}},"45":{"start":{"line":130,"column":0},"end":{"line":136,"column":2}}},"fnMap":{"0":{"name":"(anonymous_0)","decl":{"start":{"line":6,"column":22},"end":{"line":6,"column":23}},"loc":{"start":{"line":6,"column":48},"end":{"line":29,"column":1}},"line":6},"1":{"name":"(anonymous_1)","decl":{"start":{"line":31,"column":23},"end":{"line":31,"column":24}},"loc":{"start":{"line":31,"column":49},"end":{"line":47,"column":1}},"line":31},"2":{"name":"(anonymous_2)","decl":{"start":{"line":49,"column":20},"end":{"line":49,"column":21}},"loc":{"start":{"line":49,"column":46},"end":{"line":69,"column":1}},"line":49},"3":{"name":"(anonymous_3)","decl":{"start":{"line":71,"column":22},"end":{"line":71,"column":23}},"loc":{"start":{"line":71,"column":48},"end":{"line":105,"column":1}},"line":71},"4":{"name":"(anonymous_4)","decl":{"start":{"line":107,"column":22},"end":{"line":107,"column":23}},"loc":{"start":{"line":107,"column":48},"end":{"line":128,"column":1}},"line":107}},"branchMap":{"0":{"loc":{"start":{"line":11,"column":4},"end":{"line":11,"column":79}},"type":"if","locations":[{"start":{"line":11,"column":4},"end":{"line":11,"column":79}},{"start":{},"end":{}}],"line":11},"1":{"loc":{"start":{"line":13,"column":4},"end":{"line":13,"column":87}},"type":"if","locations":[{"start":{"line":13,"column":4},"end":{"line":13,"column":87}},{"start":{},"end":{}}],"line":13},"2":{"loc":{"start":{"line":58,"column":4},"end":{"line":58,"column":81}},"type":"if","locations":[{"start":{"line":58,"column":4},"end":{"line":58,"column":81}},{"start":{},"end":{}}],"line":58},"3":{"loc":{"start":{"line":81,"column":4},"end":{"line":81,"column":87}},"type":"if","locations":[{"start":{"line":81,"column":4},"end":{"line":81,"column":87}},{"start":{},"end":{}}],"line":81},"4":{"loc":{"start":{"line":83,"column":4},"end":{"line":83,"column":87}},"type":"if","locations":[{"start":{"line":83,"column":4},"end":{"line":83,"column":87}},{"start":{},"end":{}}],"line":83},"5":{"loc":{"start":{"line":115,"column":4},"end":{"line":115,"column":87}},"type":"if","locations":[{"start":{"line":115,"column":4},"end":{"line":115,"column":87}},{"start":{},"end":{}}],"line":115}},"s":{"0":8,"1":8,"2":8,"3":8,"4":4,"5":4,"6":4,"7":4,"8":1,"9":3,"10":1,"11":2,"12":2,"13":0,"14":8,"15":1,"16":1,"17":1,"18":0,"19":8,"20":1,"21":1,"22":1,"23":0,"24":1,"25":0,"26":8,"27":1,"28":1,"29":1,"30":1,"31":0,"32":1,"33":0,"34":1,"35":1,"36":0,"37":8,"38":1,"39":1,"40":1,"41":0,"42":1,"43":1,"44":0,"45":8},"f":{"0":4,"1":1,"2":1,"3":1,"4":1},"b":{"0":[1,3],"1":[1,2],"2":[0,1],"3":[0,1],"4":[0,1],"5":[0,1]},"_coverageSchema":"1a1c01bbd47fc00a2c39e90264f33305004495a9","hash":"11bbaf1960731eb8fb22a699532e7b536146ca09"}
,"D:\\STUPEN\\latihan-kelas\\Finall-Project\\app\\controller\\contentController.js": {"path":"D:\\STUPEN\\latihan-kelas\\Finall-Project\\app\\controller\\contentController.js","statementMap":{"0":{"start":{"line":4,"column":29},"end":{"line":4,"column":49}},"1":{"start":{"line":5,"column":17},"end":{"line":5,"column":48}},"2":{"start":{"line":10,"column":19},"end":{"line":28,"column":1}},"3":{"start":{"line":11,"column":2},"end":{"line":27,"column":3}},"4":{"start":{"line":12,"column":24},"end":{"line":14,"column":6}},"5":{"start":{"line":16,"column":4},"end":{"line":18,"column":5}},"6":{"start":{"line":17,"column":6},"end":{"line":17,"column":59}},"7":{"start":{"line":20,"column":4},"end":{"line":24,"column":7}},"8":{"start":{"line":26,"column":4},"end":{"line":26,"column":41}},"9":{"start":{"line":31,"column":23},"end":{"line":55,"column":1}},"10":{"start":{"line":32,"column":2},"end":{"line":54,"column":3}},"11":{"start":{"line":33,"column":26},"end":{"line":33,"column":36}},"12":{"start":{"line":34,"column":24},"end":{"line":39,"column":6}},"13":{"start":{"line":41,"column":4},"end":{"line":45,"column":5}},"14":{"start":{"line":42,"column":6},"end":{"line":44,"column":8}},"15":{"start":{"line":47,"column":4},"end":{"line":51,"column":7}},"16":{"start":{"line":53,"column":4},"end":{"line":53,"column":41}},"17":{"start":{"line":57,"column":28},"end":{"line":79,"column":1}},"18":{"start":{"line":58,"column":2},"end":{"line":78,"column":3}},"19":{"start":{"line":59,"column":56},"end":{"line":59,"column":64}},"20":{"start":{"line":60,"column":26},"end":{"line":60,"column":36}},"21":{"start":{"line":62,"column":24},"end":{"line":69,"column":6}},"22":{"start":{"line":71,"column":4},"end":{"line":75,"column":7}},"23":{"start":{"line":77,"column":4},"end":{"line":77,"column":41}},"24":{"start":{"line":281,"column":28},"end":{"line":327,"column":1}},"25":{"start":{"line":282,"column":2},"end":{"line":326,"column":3}},"26":{"start":{"line":283,"column":37},"end":{"line":283,"column":47}},"27":{"start":{"line":284,"column":56},"end":{"line":284,"column":64}},"28":{"start":{"line":292,"column":24},"end":{"line":296,"column":6}},"29":{"start":{"line":301,"column":4},"end":{"line":303,"column":5}},"30":{"start":{"line":302,"column":6},"end":{"line":302,"column":69}},"31":{"start":{"line":305,"column":26},"end":{"line":318,"column":5}},"32":{"start":{"line":320,"column":4},"end":{"line":323,"column":7}},"33":{"start":{"line":325,"column":4},"end":{"line":325,"column":41}},"34":{"start":{"line":329,"column":26},"end":{"line":357,"column":1}},"35":{"start":{"line":330,"column":2},"end":{"line":356,"column":3}},"36":{"start":{"line":331,"column":26},"end":{"line":331,"column":36}},"37":{"start":{"line":332,"column":24},"end":{"line":336,"column":6}},"38":{"start":{"line":338,"column":4},"end":{"line":340,"column":5}},"39":{"start":{"line":339,"column":6},"end":{"line":339,"column":69}},"40":{"start":{"line":342,"column":27},"end":{"line":347,"column":6}},"41":{"start":{"line":349,"column":4},"end":{"line":353,"column":7}},"42":{"start":{"line":355,"column":4},"end":{"line":355,"column":41}},"43":{"start":{"line":358,"column":0},"end":{"line":366,"column":2}}},"fnMap":{"0":{"name":"(anonymous_0)","decl":{"start":{"line":10,"column":19},"end":{"line":10,"column":20}},"loc":{"start":{"line":10,"column":45},"end":{"line":28,"column":1}},"line":10},"1":{"name":"(anonymous_1)","decl":{"start":{"line":31,"column":23},"end":{"line":31,"column":24}},"loc":{"start":{"line":31,"column":49},"end":{"line":55,"column":1}},"line":31},"2":{"name":"(anonymous_2)","decl":{"start":{"line":57,"column":28},"end":{"line":57,"column":29}},"loc":{"start":{"line":57,"column":54},"end":{"line":79,"column":1}},"line":57},"3":{"name":"(anonymous_3)","decl":{"start":{"line":281,"column":28},"end":{"line":281,"column":29}},"loc":{"start":{"line":281,"column":54},"end":{"line":327,"column":1}},"line":281},"4":{"name":"(anonymous_4)","decl":{"start":{"line":329,"column":26},"end":{"line":329,"column":27}},"loc":{"start":{"line":329,"column":52},"end":{"line":357,"column":1}},"line":329}},"branchMap":{"0":{"loc":{"start":{"line":16,"column":4},"end":{"line":18,"column":5}},"type":"if","locations":[{"start":{"line":16,"column":4},"end":{"line":18,"column":5}},{"start":{},"end":{}}],"line":16},"1":{"loc":{"start":{"line":41,"column":4},"end":{"line":45,"column":5}},"type":"if","locations":[{"start":{"line":41,"column":4},"end":{"line":45,"column":5}},{"start":{},"end":{}}],"line":41},"2":{"loc":{"start":{"line":301,"column":4},"end":{"line":303,"column":5}},"type":"if","locations":[{"start":{"line":301,"column":4},"end":{"line":303,"column":5}},{"start":{},"end":{}}],"line":301},"3":{"loc":{"start":{"line":338,"column":4},"end":{"line":340,"column":5}},"type":"if","locations":[{"start":{"line":338,"column":4},"end":{"line":340,"column":5}},{"start":{},"end":{}}],"line":338}},"s":{"0":8,"1":8,"2":8,"3":2,"4":2,"5":2,"6":1,"7":1,"8":0,"9":8,"10":2,"11":2,"12":2,"13":2,"14":1,"15":1,"16":0,"17":8,"18":1,"19":1,"20":1,"21":1,"22":1,"23":0,"24":8,"25":2,"26":2,"27":2,"28":2,"29":2,"30":1,"31":1,"32":1,"33":0,"34":8,"35":2,"36":2,"37":2,"38":2,"39":1,"40":1,"41":1,"42":0,"43":8},"f":{"0":2,"1":2,"2":1,"3":2,"4":2},"b":{"0":[1,1],"1":[1,1],"2":[1,1],"3":[1,1]},"_coverageSchema":"1a1c01bbd47fc00a2c39e90264f33305004495a9","hash":"9fa4ca6f53e0ccb551bb5185c397a8f6d2d7ef40"}
,"D:\\STUPEN\\latihan-kelas\\Finall-Project\\app\\controller\\courseController.js": {"path":"D:\\STUPEN\\latihan-kelas\\Finall-Project\\app\\controller\\courseController.js","statementMap":{"0":{"start":{"line":2,"column":15},"end":{"line":2,"column":35}},"1":{"start":{"line":3,"column":13},"end":{"line":3,"column":28}},"2":{"start":{"line":12,"column":4},"end":{"line":12,"column":24}},"3":{"start":{"line":13,"column":17},"end":{"line":13,"column":48}},"4":{"start":{"line":14,"column":17},"end":{"line":14,"column":44}},"5":{"start":{"line":16,"column":21},"end":{"line":153,"column":1}},"6":{"start":{"line":17,"column":2},"end":{"line":152,"column":3}},"7":{"start":{"line":25,"column":8},"end":{"line":25,"column":17}},"8":{"start":{"line":27,"column":19},"end":{"line":27,"column":21}},"9":{"start":{"line":28,"column":18},"end":{"line":28,"column":20}},"10":{"start":{"line":30,"column":4},"end":{"line":32,"column":5}},"11":{"start":{"line":31,"column":6},"end":{"line":31,"column":56}},"12":{"start":{"line":34,"column":4},"end":{"line":36,"column":5}},"13":{"start":{"line":35,"column":6},"end":{"line":35,"column":35}},"14":{"start":{"line":38,"column":4},"end":{"line":44,"column":5}},"15":{"start":{"line":39,"column":20},"end":{"line":39,"column":39}},"16":{"start":{"line":40,"column":6},"end":{"line":42,"column":7}},"17":{"start":{"line":41,"column":8},"end":{"line":41,"column":66}},"18":{"start":{"line":43,"column":6},"end":{"line":43,"column":31}},"19":{"start":{"line":46,"column":4},"end":{"line":52,"column":5}},"20":{"start":{"line":47,"column":21},"end":{"line":47,"column":61}},"21":{"start":{"line":48,"column":6},"end":{"line":50,"column":7}},"22":{"start":{"line":49,"column":8},"end":{"line":49,"column":60}},"23":{"start":{"line":51,"column":6},"end":{"line":51,"column":33}},"24":{"start":{"line":54,"column":4},"end":{"line":56,"column":5}},"25":{"start":{"line":55,"column":6},"end":{"line":55,"column":83}},"26":{"start":{"line":58,"column":4},"end":{"line":60,"column":5}},"27":{"start":{"line":59,"column":6},"end":{"line":59,"column":82}},"28":{"start":{"line":62,"column":4},"end":{"line":67,"column":5}},"29":{"start":{"line":63,"column":6},"end":{"line":65,"column":7}},"30":{"start":{"line":64,"column":8},"end":{"line":64,"column":98}},"31":{"start":{"line":66,"column":6},"end":{"line":66,"column":50}},"32":{"start":{"line":69,"column":23},"end":{"line":95,"column":6}},"33":{"start":{"line":97,"column":22},"end":{"line":137,"column":5}},"34":{"start":{"line":99,"column":35},"end":{"line":99,"column":59}},"35":{"start":{"line":100,"column":25},"end":{"line":103,"column":10}},"36":{"start":{"line":101,"column":37},"end":{"line":101,"column":79}},"37":{"start":{"line":101,"column":71},"end":{"line":101,"column":78}},"38":{"start":{"line":102,"column":10},"end":{"line":102,"column":36}},"39":{"start":{"line":105,"column":40},"end":{"line":114,"column":10}},"40":{"start":{"line":106,"column":30},"end":{"line":112,"column":15}},"41":{"start":{"line":107,"column":29},"end":{"line":107,"column":53}},"42":{"start":{"line":108,"column":28},"end":{"line":108,"column":53}},"43":{"start":{"line":109,"column":27},"end":{"line":109,"column":82}},"44":{"start":{"line":110,"column":26},"end":{"line":110,"column":48}},"45":{"start":{"line":111,"column":12},"end":{"line":111,"column":25}},"46":{"start":{"line":113,"column":10},"end":{"line":113,"column":29}},"47":{"start":{"line":116,"column":39},"end":{"line":116,"column":99}},"48":{"start":{"line":116,"column":85},"end":{"line":116,"column":95}},"49":{"start":{"line":118,"column":32},"end":{"line":122,"column":10}},"50":{"start":{"line":124,"column":27},"end":{"line":124,"column":61}},"51":{"start":{"line":125,"column":25},"end":{"line":125,"column":88}},"52":{"start":{"line":127,"column":8},"end":{"line":135,"column":10}},"53":{"start":{"line":139,"column":28},"end":{"line":139,"column":43}},"54":{"start":{"line":140,"column":20},"end":{"line":144,"column":6}},"55":{"start":{"line":141,"column":25},"end":{"line":141,"column":31}},"56":{"start":{"line":142,"column":6},"end":{"line":142,"column":33}},"57":{"start":{"line":143,"column":6},"end":{"line":143,"column":20}},"58":{"start":{"line":146,"column":4},"end":{"line":149,"column":7}},"59":{"start":{"line":151,"column":4},"end":{"line":151,"column":41}},"60":{"start":{"line":155,"column":21},"end":{"line":262,"column":1}},"61":{"start":{"line":156,"column":2},"end":{"line":261,"column":3}},"62":{"start":{"line":157,"column":29},"end":{"line":159,"column":6}},"63":{"start":{"line":161,"column":22},"end":{"line":182,"column":6}},"64":{"start":{"line":184,"column":19},"end":{"line":184,"column":37}},"65":{"start":{"line":186,"column":28},"end":{"line":190,"column":6}},"66":{"start":{"line":192,"column":25},"end":{"line":195,"column":6}},"67":{"start":{"line":193,"column":24},"end":{"line":193,"column":69}},"68":{"start":{"line":193,"column":58},"end":{"line":193,"column":68}},"69":{"start":{"line":194,"column":6},"end":{"line":194,"column":23}},"70":{"start":{"line":197,"column":31},"end":{"line":212,"column":5}},"71":{"start":{"line":199,"column":25},"end":{"line":202,"column":10}},"72":{"start":{"line":203,"column":30},"end":{"line":209,"column":13}},"73":{"start":{"line":204,"column":27},"end":{"line":204,"column":51}},"74":{"start":{"line":205,"column":26},"end":{"line":205,"column":51}},"75":{"start":{"line":206,"column":26},"end":{"line":206,"column":54}},"76":{"start":{"line":207,"column":24},"end":{"line":207,"column":47}},"77":{"start":{"line":208,"column":10},"end":{"line":208,"column":23}},"78":{"start":{"line":210,"column":8},"end":{"line":210,"column":29}},"79":{"start":{"line":213,"column":28},"end":{"line":213,"column":52}},"80":{"start":{"line":215,"column":32},"end":{"line":215,"column":84}},"81":{"start":{"line":215,"column":70},"end":{"line":215,"column":80}},"82":{"start":{"line":217,"column":23},"end":{"line":243,"column":6}},"83":{"start":{"line":218,"column":23},"end":{"line":218,"column":30}},"84":{"start":{"line":219,"column":6},"end":{"line":236,"column":9}},"85":{"start":{"line":220,"column":25},"end":{"line":220,"column":32}},"86":{"start":{"line":221,"column":8},"end":{"line":221,"column":34}},"87":{"start":{"line":222,"column":8},"end":{"line":222,"column":35}},"88":{"start":{"line":223,"column":8},"end":{"line":225,"column":9}},"89":{"start":{"line":224,"column":10},"end":{"line":224,"column":36}},"90":{"start":{"line":226,"column":8},"end":{"line":234,"column":9}},"91":{"start":{"line":230,"column":10},"end":{"line":230,"column":35}},"92":{"start":{"line":231,"column":10},"end":{"line":233,"column":84}},"93":{"start":{"line":235,"column":8},"end":{"line":235,"column":23}},"94":{"start":{"line":238,"column":6},"end":{"line":242,"column":8}},"95":{"start":{"line":245,"column":21},"end":{"line":245,"column":84}},"96":{"start":{"line":247,"column":4},"end":{"line":258,"column":7}},"97":{"start":{"line":260,"column":4},"end":{"line":260,"column":41}},"98":{"start":{"line":264,"column":21},"end":{"line":302,"column":1}},"99":{"start":{"line":265,"column":37},"end":{"line":265,"column":40}},"100":{"start":{"line":268,"column":2},"end":{"line":301,"column":3}},"101":{"start":{"line":269,"column":4},"end":{"line":277,"column":5}},"102":{"start":{"line":270,"column":23},"end":{"line":270,"column":40}},"103":{"start":{"line":271,"column":24},"end":{"line":271,"column":46}},"104":{"start":{"line":272,"column":28},"end":{"line":275,"column":8}},"105":{"start":{"line":276,"column":6},"end":{"line":276,"column":32}},"106":{"start":{"line":279,"column":53},"end":{"line":279,"column":63}},"107":{"start":{"line":281,"column":4},"end":{"line":283,"column":5}},"108":{"start":{"line":282,"column":6},"end":{"line":282,"column":91}},"109":{"start":{"line":285,"column":22},"end":{"line":289,"column":6}},"110":{"start":{"line":291,"column":4},"end":{"line":294,"column":7}},"111":{"start":{"line":296,"column":4},"end":{"line":299,"column":5}},"112":{"start":{"line":297,"column":20},"end":{"line":297,"column":38}},"113":{"start":{"line":298,"column":6},"end":{"line":298,"column":68}},"114":{"start":{"line":300,"column":4},"end":{"line":300,"column":41}},"115":{"start":{"line":304,"column":21},"end":{"line":343,"column":1}},"116":{"start":{"line":305,"column":17},"end":{"line":305,"column":27}},"117":{"start":{"line":306,"column":37},"end":{"line":306,"column":40}},"118":{"start":{"line":307,"column":20},"end":{"line":307,"column":54}},"119":{"start":{"line":310,"column":2},"end":{"line":342,"column":3}},"120":{"start":{"line":311,"column":4},"end":{"line":319,"column":5}},"121":{"start":{"line":312,"column":23},"end":{"line":312,"column":40}},"122":{"start":{"line":313,"column":24},"end":{"line":313,"column":46}},"123":{"start":{"line":314,"column":28},"end":{"line":317,"column":8}},"124":{"start":{"line":318,"column":6},"end":{"line":318,"column":32}},"125":{"start":{"line":321,"column":53},"end":{"line":321,"column":63}},"126":{"start":{"line":323,"column":4},"end":{"line":325,"column":5}},"127":{"start":{"line":324,"column":6},"end":{"line":324,"column":91}},"128":{"start":{"line":327,"column":26},"end":{"line":329,"column":17}},"129":{"start":{"line":331,"column":4},"end":{"line":335,"column":7}},"130":{"start":{"line":337,"column":4},"end":{"line":340,"column":5}},"131":{"start":{"line":338,"column":20},"end":{"line":338,"column":38}},"132":{"start":{"line":339,"column":6},"end":{"line":339,"column":68}},"133":{"start":{"line":341,"column":4},"end":{"line":341,"column":41}},"134":{"start":{"line":345,"column":21},"end":{"line":377,"column":1}},"135":{"start":{"line":346,"column":17},"end":{"line":346,"column":27}},"136":{"start":{"line":347,"column":20},"end":{"line":347,"column":37}},"137":{"start":{"line":348,"column":2},"end":{"line":376,"column":3}},"138":{"start":{"line":349,"column":21},"end":{"line":359,"column":6}},"139":{"start":{"line":361,"column":4},"end":{"line":365,"column":6}},"140":{"start":{"line":363,"column":8},"end":{"line":363,"column":68}},"141":{"start":{"line":366,"column":4},"end":{"line":366,"column":58}},"142":{"start":{"line":367,"column":4},"end":{"line":367,"column":55}},"143":{"start":{"line":368,"column":4},"end":{"line":368,"column":36}},"144":{"start":{"line":370,"column":4},"end":{"line":373,"column":7}},"145":{"start":{"line":375,"column":4},"end":{"line":375,"column":41}},"146":{"start":{"line":379,"column":0},"end":{"line":385,"column":2}}},"fnMap":{"0":{"name":"(anonymous_0)","decl":{"start":{"line":16,"column":21},"end":{"line":16,"column":22}},"loc":{"start":{"line":16,"column":47},"end":{"line":153,"column":1}},"line":16},"1":{"name":"(anonymous_1)","decl":{"start":{"line":98,"column":21},"end":{"line":98,"column":22}},"loc":{"start":{"line":98,"column":39},"end":{"line":136,"column":7}},"line":98},"2":{"name":"(anonymous_2)","decl":{"start":{"line":100,"column":48},"end":{"line":100,"column":49}},"loc":{"start":{"line":100,"column":61},"end":{"line":103,"column":9}},"line":100},"3":{"name":"(anonymous_3)","decl":{"start":{"line":101,"column":58},"end":{"line":101,"column":59}},"loc":{"start":{"line":101,"column":71},"end":{"line":101,"column":78}},"line":101},"4":{"name":"(anonymous_4)","decl":{"start":{"line":105,"column":53},"end":{"line":105,"column":54}},"loc":{"start":{"line":105,"column":66},"end":{"line":114,"column":9}},"line":105},"5":{"name":"(anonymous_5)","decl":{"start":{"line":106,"column":45},"end":{"line":106,"column":46}},"loc":{"start":{"line":106,"column":60},"end":{"line":112,"column":11}},"line":106},"6":{"name":"(anonymous_6)","decl":{"start":{"line":116,"column":70},"end":{"line":116,"column":71}},"loc":{"start":{"line":116,"column":85},"end":{"line":116,"column":95}},"line":116},"7":{"name":"(anonymous_7)","decl":{"start":{"line":140,"column":40},"end":{"line":140,"column":41}},"loc":{"start":{"line":140,"column":52},"end":{"line":144,"column":5}},"line":140},"8":{"name":"(anonymous_8)","decl":{"start":{"line":155,"column":21},"end":{"line":155,"column":22}},"loc":{"start":{"line":155,"column":47},"end":{"line":262,"column":1}},"line":155},"9":{"name":"(anonymous_9)","decl":{"start":{"line":192,"column":49},"end":{"line":192,"column":50}},"loc":{"start":{"line":192,"column":62},"end":{"line":195,"column":5}},"line":192},"10":{"name":"(anonymous_10)","decl":{"start":{"line":193,"column":45},"end":{"line":193,"column":46}},"loc":{"start":{"line":193,"column":58},"end":{"line":193,"column":68}},"line":193},"11":{"name":"(anonymous_11)","decl":{"start":{"line":198,"column":26},"end":{"line":198,"column":27}},"loc":{"start":{"line":198,"column":45},"end":{"line":211,"column":7}},"line":198},"12":{"name":"(anonymous_12)","decl":{"start":{"line":203,"column":46},"end":{"line":203,"column":47}},"loc":{"start":{"line":203,"column":61},"end":{"line":209,"column":9}},"line":203},"13":{"name":"(anonymous_13)","decl":{"start":{"line":215,"column":55},"end":{"line":215,"column":56}},"loc":{"start":{"line":215,"column":70},"end":{"line":215,"column":80}},"line":215},"14":{"name":"(anonymous_14)","decl":{"start":{"line":217,"column":43},"end":{"line":217,"column":44}},"loc":{"start":{"line":217,"column":59},"end":{"line":243,"column":5}},"line":217},"15":{"name":"(anonymous_15)","decl":{"start":{"line":219,"column":47},"end":{"line":219,"column":48}},"loc":{"start":{"line":219,"column":60},"end":{"line":236,"column":7}},"line":219},"16":{"name":"(anonymous_16)","decl":{"start":{"line":264,"column":21},"end":{"line":264,"column":22}},"loc":{"start":{"line":264,"column":47},"end":{"line":302,"column":1}},"line":264},"17":{"name":"(anonymous_17)","decl":{"start":{"line":304,"column":21},"end":{"line":304,"column":22}},"loc":{"start":{"line":304,"column":47},"end":{"line":343,"column":1}},"line":304},"18":{"name":"(anonymous_18)","decl":{"start":{"line":345,"column":21},"end":{"line":345,"column":22}},"loc":{"start":{"line":345,"column":47},"end":{"line":377,"column":1}},"line":345},"19":{"name":"(anonymous_19)","decl":{"start":{"line":362,"column":23},"end":{"line":362,"column":24}},"loc":{"start":{"line":362,"column":42},"end":{"line":364,"column":7}},"line":362}},"branchMap":{"0":{"loc":{"start":{"line":30,"column":4},"end":{"line":32,"column":5}},"type":"if","locations":[{"start":{"line":30,"column":4},"end":{"line":32,"column":5}},{"start":{},"end":{}}],"line":30},"1":{"loc":{"start":{"line":34,"column":4},"end":{"line":36,"column":5}},"type":"if","locations":[{"start":{"line":34,"column":4},"end":{"line":36,"column":5}},{"start":{},"end":{}}],"line":34},"2":{"loc":{"start":{"line":38,"column":4},"end":{"line":44,"column":5}},"type":"if","locations":[{"start":{"line":38,"column":4},"end":{"line":44,"column":5}},{"start":{},"end":{}}],"line":38},"3":{"loc":{"start":{"line":40,"column":6},"end":{"line":42,"column":7}},"type":"if","locations":[{"start":{"line":40,"column":6},"end":{"line":42,"column":7}},{"start":{},"end":{}}],"line":40},"4":{"loc":{"start":{"line":46,"column":4},"end":{"line":52,"column":5}},"type":"if","locations":[{"start":{"line":46,"column":4},"end":{"line":52,"column":5}},{"start":{},"end":{}}],"line":46},"5":{"loc":{"start":{"line":48,"column":6},"end":{"line":50,"column":7}},"type":"if","locations":[{"start":{"line":48,"column":6},"end":{"line":50,"column":7}},{"start":{},"end":{}}],"line":48},"6":{"loc":{"start":{"line":54,"column":4},"end":{"line":56,"column":5}},"type":"if","locations":[{"start":{"line":54,"column":4},"end":{"line":56,"column":5}},{"start":{},"end":{}}],"line":54},"7":{"loc":{"start":{"line":54,"column":8},"end":{"line":54,"column":26}},"type":"binary-expr","locations":[{"start":{"line":54,"column":8},"end":{"line":54,"column":14}},{"start":{"line":54,"column":18},"end":{"line":54,"column":26}}],"line":54},"8":{"loc":{"start":{"line":58,"column":4},"end":{"line":60,"column":5}},"type":"if","locations":[{"start":{"line":58,"column":4},"end":{"line":60,"column":5}},{"start":{},"end":{}}],"line":58},"9":{"loc":{"start":{"line":58,"column":8},"end":{"line":58,"column":26}},"type":"binary-expr","locations":[{"start":{"line":58,"column":8},"end":{"line":58,"column":15}},{"start":{"line":58,"column":19},"end":{"line":58,"column":26}}],"line":58},"10":{"loc":{"start":{"line":62,"column":4},"end":{"line":67,"column":5}},"type":"if","locations":[{"start":{"line":62,"column":4},"end":{"line":67,"column":5}},{"start":{},"end":{}}],"line":62},"11":{"loc":{"start":{"line":62,"column":8},"end":{"line":62,"column":25}},"type":"binary-expr","locations":[{"start":{"line":62,"column":8},"end":{"line":62,"column":14}},{"start":{"line":62,"column":18},"end":{"line":62,"column":25}}],"line":62},"12":{"loc":{"start":{"line":63,"column":6},"end":{"line":65,"column":7}},"type":"if","locations":[{"start":{"line":63,"column":6},"end":{"line":65,"column":7}},{"start":{},"end":{}}],"line":63},"13":{"loc":{"start":{"line":109,"column":27},"end":{"line":109,"column":82}},"type":"cond-expr","locations":[{"start":{"line":109,"column":50},"end":{"line":109,"column":78}},{"start":{"line":109,"column":81},"end":{"line":109,"column":82}}],"line":109},"14":{"loc":{"start":{"line":223,"column":8},"end":{"line":225,"column":9}},"type":"if","locations":[{"start":{"line":223,"column":8},"end":{"line":225,"column":9}},{"start":{},"end":{}}],"line":223},"15":{"loc":{"start":{"line":223,"column":12},"end":{"line":223,"column":91}},"type":"binary-expr","locations":[{"start":{"line":223,"column":12},"end":{"line":223,"column":28}},{"start":{"line":223,"column":32},"end":{"line":223,"column":91}}],"line":223},"16":{"loc":{"start":{"line":226,"column":8},"end":{"line":234,"column":9}},"type":"if","locations":[{"start":{"line":226,"column":8},"end":{"line":234,"column":9}},{"start":{},"end":{}}],"line":226},"17":{"loc":{"start":{"line":227,"column":10},"end":{"line":228,"column":94}},"type":"binary-expr","locations":[{"start":{"line":227,"column":11},"end":{"line":227,"column":28}},{"start":{"line":227,"column":32},"end":{"line":227,"column":61}},{"start":{"line":228,"column":14},"end":{"line":228,"column":30}},{"start":{"line":228,"column":34},"end":{"line":228,"column":93}}],"line":227},"18":{"loc":{"start":{"line":231,"column":29},"end":{"line":233,"column":83}},"type":"cond-expr","locations":[{"start":{"line":232,"column":14},"end":{"line":232,"column":85}},{"start":{"line":233,"column":14},"end":{"line":233,"column":83}}],"line":231},"19":{"loc":{"start":{"line":269,"column":4},"end":{"line":277,"column":5}},"type":"if","locations":[{"start":{"line":269,"column":4},"end":{"line":277,"column":5}},{"start":{},"end":{}}],"line":269},"20":{"loc":{"start":{"line":281,"column":4},"end":{"line":283,"column":5}},"type":"if","locations":[{"start":{"line":281,"column":4},"end":{"line":283,"column":5}},{"start":{},"end":{}}],"line":281},"21":{"loc":{"start":{"line":296,"column":4},"end":{"line":299,"column":5}},"type":"if","locations":[{"start":{"line":296,"column":4},"end":{"line":299,"column":5}},{"start":{},"end":{}}],"line":296},"22":{"loc":{"start":{"line":311,"column":4},"end":{"line":319,"column":5}},"type":"if","locations":[{"start":{"line":311,"column":4},"end":{"line":319,"column":5}},{"start":{},"end":{}}],"line":311},"23":{"loc":{"start":{"line":323,"column":4},"end":{"line":325,"column":5}},"type":"if","locations":[{"start":{"line":323,"column":4},"end":{"line":325,"column":5}},{"start":{},"end":{}}],"line":323},"24":{"loc":{"start":{"line":337,"column":4},"end":{"line":340,"column":5}},"type":"if","locations":[{"start":{"line":337,"column":4},"end":{"line":340,"column":5}},{"start":{},"end":{}}],"line":337}},"s":{"0":8,"1":8,"2":8,"3":8,"4":8,"5":8,"6":16,"7":16,"8":16,"9":16,"10":16,"11":2,"12":16,"13":2,"14":16,"15":2,"16":2,"17":1,"18":1,"19":15,"20":1,"21":1,"22":0,"23":1,"24":15,"25":0,"26":15,"27":0,"28":15,"29":2,"30":1,"31":1,"32":14,"33":14,"34":85,"35":85,"36":291,"37":873,"38":291,"39":85,"40":291,"41":873,"42":873,"43":873,"44":873,"45":873,"46":291,"47":85,"48":291,"49":85,"50":85,"51":85,"52":85,"53":14,"54":14,"55":85,"56":85,"57":85,"58":14,"59":0,"60":8,"61":1,"62":1,"63":1,"64":1,"65":1,"66":1,"67":5,"68":15,"69":5,"70":1,"71":5,"72":5,"73":15,"74":15,"75":15,"76":15,"77":15,"78":5,"79":1,"80":1,"81":5,"82":1,"83":5,"84":5,"85":15,"86":15,"87":15,"88":15,"89":0,"90":15,"91":14,"92":14,"93":15,"94":5,"95":1,"96":1,"97":0,"98":8,"99":2,"100":2,"101":2,"102":0,"103":0,"104":0,"105":0,"106":2,"107":2,"108":0,"109":2,"110":1,"111":1,"112":1,"113":1,"114":0,"115":8,"116":1,"117":1,"118":1,"119":1,"120":1,"121":0,"122":0,"123":0,"124":0,"125":1,"126":1,"127":0,"128":1,"129":1,"130":0,"131":0,"132":0,"133":0,"134":8,"135":1,"136":1,"137":1,"138":1,"139":1,"140":0,"141":1,"142":1,"143":1,"144":1,"145":0,"146":8},"f":{"0":16,"1":85,"2":291,"3":873,"4":291,"5":873,"6":291,"7":85,"8":1,"9":5,"10":15,"11":5,"12":15,"13":5,"14":5,"15":15,"16":2,"17":1,"18":1,"19":0},"b":{"0":[2,14],"1":[2,14],"2":[2,14],"3":[1,1],"4":[1,14],"5":[0,1],"6":[0,15],"7":[15,2],"8":[0,15],"9":[15,13],"10":[2,13],"11":[15,2],"12":[1,1],"13":[611,262],"14":[0,15],"15":[15,0],"16":[14,1],"17":[15,15,1,0],"18":[14,0],"19":[0,2],"20":[0,2],"21":[1,0],"22":[0,1],"23":[0,1],"24":[0,0]},"_coverageSchema":"1a1c01bbd47fc00a2c39e90264f33305004495a9","hash":"2155cdac0f86b74b6d8362574b081ffd882e4e5e"}
,"D:\\STUPEN\\latihan-kelas\\Finall-Project\\app\\controller\\courseUserController.js": {"path":"D:\\STUPEN\\latihan-kelas\\Finall-Project\\app\\controller\\courseUserController.js","statementMap":{"0":{"start":{"line":9,"column":4},"end":{"line":9,"column":24}},"1":{"start":{"line":10,"column":17},"end":{"line":10,"column":48}},"2":{"start":{"line":12,"column":23},"end":{"line":111,"column":1}},"3":{"start":{"line":13,"column":2},"end":{"line":110,"column":3}},"4":{"start":{"line":14,"column":19},"end":{"line":14,"column":21}},"5":{"start":{"line":15,"column":4},"end":{"line":20,"column":5}},"6":{"start":{"line":16,"column":6},"end":{"line":18,"column":7}},"7":{"start":{"line":17,"column":8},"end":{"line":17,"column":61}},"8":{"start":{"line":19,"column":6},"end":{"line":19,"column":45}},"9":{"start":{"line":21,"column":26},"end":{"line":41,"column":6}},"10":{"start":{"line":43,"column":22},"end":{"line":96,"column":5}},"11":{"start":{"line":45,"column":27},"end":{"line":45,"column":37}},"12":{"start":{"line":46,"column":35},"end":{"line":46,"column":59}},"13":{"start":{"line":47,"column":25},"end":{"line":50,"column":10}},"14":{"start":{"line":48,"column":27},"end":{"line":48,"column":69}},"15":{"start":{"line":48,"column":61},"end":{"line":48,"column":68}},"16":{"start":{"line":49,"column":10},"end":{"line":49,"column":26}},"17":{"start":{"line":52,"column":40},"end":{"line":60,"column":10}},"18":{"start":{"line":53,"column":30},"end":{"line":58,"column":15}},"19":{"start":{"line":54,"column":29},"end":{"line":54,"column":53}},"20":{"start":{"line":55,"column":28},"end":{"line":55,"column":49}},"21":{"start":{"line":56,"column":27},"end":{"line":56,"column":82}},"22":{"start":{"line":57,"column":12},"end":{"line":57,"column":45}},"23":{"start":{"line":59,"column":10},"end":{"line":59,"column":29}},"24":{"start":{"line":62,"column":39},"end":{"line":65,"column":9}},"25":{"start":{"line":63,"column":25},"end":{"line":63,"column":35}},"26":{"start":{"line":67,"column":32},"end":{"line":71,"column":10}},"27":{"start":{"line":72,"column":29},"end":{"line":72,"column":119}},"28":{"start":{"line":72,"column":66},"end":{"line":72,"column":111}},"29":{"start":{"line":72,"column":100},"end":{"line":72,"column":110}},"30":{"start":{"line":74,"column":43},"end":{"line":76,"column":9}},"31":{"start":{"line":77,"column":27},"end":{"line":77,"column":61}},"32":{"start":{"line":78,"column":25},"end":{"line":78,"column":88}},"33":{"start":{"line":80,"column":8},"end":{"line":94,"column":10}},"34":{"start":{"line":98,"column":28},"end":{"line":98,"column":43}},"35":{"start":{"line":99,"column":20},"end":{"line":102,"column":6}},"36":{"start":{"line":100,"column":6},"end":{"line":100,"column":29}},"37":{"start":{"line":101,"column":6},"end":{"line":101,"column":20}},"38":{"start":{"line":104,"column":4},"end":{"line":107,"column":7}},"39":{"start":{"line":109,"column":4},"end":{"line":109,"column":41}},"40":{"start":{"line":113,"column":23},"end":{"line":233,"column":1}},"41":{"start":{"line":114,"column":2},"end":{"line":232,"column":3}},"42":{"start":{"line":115,"column":26},"end":{"line":149,"column":6}},"43":{"start":{"line":150,"column":4},"end":{"line":152,"column":5}},"44":{"start":{"line":151,"column":6},"end":{"line":151,"column":72}},"45":{"start":{"line":153,"column":21},"end":{"line":153,"column":43}},"46":{"start":{"line":155,"column":28},"end":{"line":159,"column":6}},"47":{"start":{"line":161,"column":25},"end":{"line":161,"column":117}},"48":{"start":{"line":161,"column":71},"end":{"line":161,"column":116}},"49":{"start":{"line":161,"column":105},"end":{"line":161,"column":115}},"50":{"start":{"line":163,"column":31},"end":{"line":177,"column":5}},"51":{"start":{"line":165,"column":25},"end":{"line":168,"column":10}},"52":{"start":{"line":169,"column":30},"end":{"line":174,"column":13}},"53":{"start":{"line":170,"column":27},"end":{"line":170,"column":51}},"54":{"start":{"line":171,"column":26},"end":{"line":171,"column":47}},"55":{"start":{"line":172,"column":26},"end":{"line":172,"column":54}},"56":{"start":{"line":173,"column":10},"end":{"line":173,"column":44}},"57":{"start":{"line":175,"column":8},"end":{"line":175,"column":29}},"58":{"start":{"line":178,"column":28},"end":{"line":178,"column":52}},"59":{"start":{"line":180,"column":32},"end":{"line":180,"column":84}},"60":{"start":{"line":180,"column":70},"end":{"line":180,"column":80}},"61":{"start":{"line":182,"column":23},"end":{"line":201,"column":6}},"62":{"start":{"line":183,"column":6},"end":{"line":194,"column":9}},"63":{"start":{"line":184,"column":8},"end":{"line":184,"column":34}},"64":{"start":{"line":185,"column":8},"end":{"line":185,"column":33}},"65":{"start":{"line":186,"column":8},"end":{"line":188,"column":9}},"66":{"start":{"line":187,"column":10},"end":{"line":187,"column":35}},"67":{"start":{"line":189,"column":8},"end":{"line":192,"column":9}},"68":{"start":{"line":190,"column":10},"end":{"line":190,"column":34}},"69":{"start":{"line":191,"column":10},"end":{"line":191,"column":98}},"70":{"start":{"line":193,"column":8},"end":{"line":193,"column":23}},"71":{"start":{"line":196,"column":6},"end":{"line":200,"column":8}},"72":{"start":{"line":202,"column":21},"end":{"line":203,"column":59}},"73":{"start":{"line":205,"column":25},"end":{"line":205,"column":124}},"74":{"start":{"line":205,"column":71},"end":{"line":205,"column":116}},"75":{"start":{"line":205,"column":105},"end":{"line":205,"column":115}},"76":{"start":{"line":207,"column":39},"end":{"line":209,"column":5}},"77":{"start":{"line":211,"column":4},"end":{"line":229,"column":7}},"78":{"start":{"line":231,"column":4},"end":{"line":231,"column":41}},"79":{"start":{"line":235,"column":24},"end":{"line":285,"column":1}},"80":{"start":{"line":236,"column":2},"end":{"line":284,"column":3}},"81":{"start":{"line":237,"column":25},"end":{"line":237,"column":35}},"82":{"start":{"line":238,"column":19},"end":{"line":238,"column":30}},"83":{"start":{"line":240,"column":29},"end":{"line":242,"column":6}},"84":{"start":{"line":244,"column":24},"end":{"line":246,"column":6}},"85":{"start":{"line":248,"column":19},"end":{"line":250,"column":6}},"86":{"start":{"line":252,"column":4},"end":{"line":254,"column":5}},"87":{"start":{"line":253,"column":6},"end":{"line":253,"column":63}},"88":{"start":{"line":256,"column":24},"end":{"line":256,"column":60}},"89":{"start":{"line":257,"column":22},"end":{"line":257,"column":52}},"90":{"start":{"line":259,"column":4},"end":{"line":261,"column":5}},"91":{"start":{"line":260,"column":6},"end":{"line":260,"column":77}},"92":{"start":{"line":263,"column":4},"end":{"line":270,"column":5}},"93":{"start":{"line":264,"column":6},"end":{"line":269,"column":8}},"94":{"start":{"line":271,"column":26},"end":{"line":275,"column":6}},"95":{"start":{"line":277,"column":4},"end":{"line":281,"column":7}},"96":{"start":{"line":283,"column":4},"end":{"line":283,"column":41}},"97":{"start":{"line":287,"column":27},"end":{"line":393,"column":1}},"98":{"start":{"line":288,"column":38},"end":{"line":288,"column":48}},"99":{"start":{"line":289,"column":2},"end":{"line":392,"column":3}},"100":{"start":{"line":290,"column":26},"end":{"line":311,"column":6}},"101":{"start":{"line":313,"column":4},"end":{"line":315,"column":5}},"102":{"start":{"line":314,"column":6},"end":{"line":314,"column":72}},"103":{"start":{"line":317,"column":23},"end":{"line":317,"column":45}},"104":{"start":{"line":319,"column":24},"end":{"line":321,"column":6}},"105":{"start":{"line":323,"column":24},"end":{"line":323,"column":60}},"106":{"start":{"line":324,"column":22},"end":{"line":324,"column":63}},"107":{"start":{"line":326,"column":4},"end":{"line":328,"column":5}},"108":{"start":{"line":327,"column":6},"end":{"line":327,"column":77}},"109":{"start":{"line":330,"column":27},"end":{"line":376,"column":5}},"110":{"start":{"line":331,"column":28},"end":{"line":331,"column":122}},"111":{"start":{"line":331,"column":76},"end":{"line":331,"column":121}},"112":{"start":{"line":331,"column":110},"end":{"line":331,"column":120}},"113":{"start":{"line":333,"column":25},"end":{"line":335,"column":7}},"114":{"start":{"line":334,"column":15},"end":{"line":334,"column":40}},"115":{"start":{"line":337,"column":29},"end":{"line":337,"column":55}},"116":{"start":{"line":339,"column":6},"end":{"line":351,"column":7}},"117":{"start":{"line":340,"column":40},"end":{"line":340,"column":61}},"118":{"start":{"line":341,"column":29},"end":{"line":343,"column":24}},"119":{"start":{"line":344,"column":8},"end":{"line":347,"column":10}},"120":{"start":{"line":348,"column":8},"end":{"line":350,"column":10}},"121":{"start":{"line":352,"column":6},"end":{"line":359,"column":7}},"122":{"start":{"line":353,"column":8},"end":{"line":358,"column":10}},"123":{"start":{"line":360,"column":6},"end":{"line":367,"column":7}},"124":{"start":{"line":361,"column":8},"end":{"line":366,"column":10}},"125":{"start":{"line":368,"column":6},"end":{"line":375,"column":7}},"126":{"start":{"line":369,"column":8},"end":{"line":374,"column":10}},"127":{"start":{"line":378,"column":27},"end":{"line":378,"column":58}},"128":{"start":{"line":380,"column":4},"end":{"line":384,"column":5}},"129":{"start":{"line":381,"column":6},"end":{"line":383,"column":8}},"130":{"start":{"line":386,"column":4},"end":{"line":389,"column":7}},"131":{"start":{"line":391,"column":4},"end":{"line":391,"column":41}},"132":{"start":{"line":395,"column":0},"end":{"line":400,"column":2}}},"fnMap":{"0":{"name":"(anonymous_0)","decl":{"start":{"line":12,"column":23},"end":{"line":12,"column":24}},"loc":{"start":{"line":12,"column":49},"end":{"line":111,"column":1}},"line":12},"1":{"name":"(anonymous_1)","decl":{"start":{"line":44,"column":24},"end":{"line":44,"column":25}},"loc":{"start":{"line":44,"column":46},"end":{"line":95,"column":7}},"line":44},"2":{"name":"(anonymous_2)","decl":{"start":{"line":47,"column":48},"end":{"line":47,"column":49}},"loc":{"start":{"line":47,"column":61},"end":{"line":50,"column":9}},"line":47},"3":{"name":"(anonymous_3)","decl":{"start":{"line":48,"column":48},"end":{"line":48,"column":49}},"loc":{"start":{"line":48,"column":61},"end":{"line":48,"column":68}},"line":48},"4":{"name":"(anonymous_4)","decl":{"start":{"line":52,"column":53},"end":{"line":52,"column":54}},"loc":{"start":{"line":52,"column":66},"end":{"line":60,"column":9}},"line":52},"5":{"name":"(anonymous_5)","decl":{"start":{"line":53,"column":45},"end":{"line":53,"column":46}},"loc":{"start":{"line":53,"column":60},"end":{"line":58,"column":11}},"line":53},"6":{"name":"(anonymous_6)","decl":{"start":{"line":63,"column":10},"end":{"line":63,"column":11}},"loc":{"start":{"line":63,"column":25},"end":{"line":63,"column":35}},"line":63},"7":{"name":"(anonymous_7)","decl":{"start":{"line":72,"column":53},"end":{"line":72,"column":54}},"loc":{"start":{"line":72,"column":66},"end":{"line":72,"column":111}},"line":72},"8":{"name":"(anonymous_8)","decl":{"start":{"line":72,"column":87},"end":{"line":72,"column":88}},"loc":{"start":{"line":72,"column":100},"end":{"line":72,"column":110}},"line":72},"9":{"name":"(anonymous_9)","decl":{"start":{"line":99,"column":40},"end":{"line":99,"column":41}},"loc":{"start":{"line":99,"column":52},"end":{"line":102,"column":5}},"line":99},"10":{"name":"(anonymous_10)","decl":{"start":{"line":113,"column":23},"end":{"line":113,"column":24}},"loc":{"start":{"line":113,"column":49},"end":{"line":233,"column":1}},"line":113},"11":{"name":"(anonymous_11)","decl":{"start":{"line":161,"column":58},"end":{"line":161,"column":59}},"loc":{"start":{"line":161,"column":71},"end":{"line":161,"column":116}},"line":161},"12":{"name":"(anonymous_12)","decl":{"start":{"line":161,"column":92},"end":{"line":161,"column":93}},"loc":{"start":{"line":161,"column":105},"end":{"line":161,"column":115}},"line":161},"13":{"name":"(anonymous_13)","decl":{"start":{"line":164,"column":35},"end":{"line":164,"column":36}},"loc":{"start":{"line":164,"column":54},"end":{"line":176,"column":7}},"line":164},"14":{"name":"(anonymous_14)","decl":{"start":{"line":169,"column":46},"end":{"line":169,"column":47}},"loc":{"start":{"line":169,"column":61},"end":{"line":174,"column":9}},"line":169},"15":{"name":"(anonymous_15)","decl":{"start":{"line":180,"column":55},"end":{"line":180,"column":56}},"loc":{"start":{"line":180,"column":70},"end":{"line":180,"column":80}},"line":180},"16":{"name":"(anonymous_16)","decl":{"start":{"line":182,"column":52},"end":{"line":182,"column":53}},"loc":{"start":{"line":182,"column":68},"end":{"line":201,"column":5}},"line":182},"17":{"name":"(anonymous_17)","decl":{"start":{"line":183,"column":46},"end":{"line":183,"column":47}},"loc":{"start":{"line":183,"column":59},"end":{"line":194,"column":7}},"line":183},"18":{"name":"(anonymous_18)","decl":{"start":{"line":205,"column":58},"end":{"line":205,"column":59}},"loc":{"start":{"line":205,"column":71},"end":{"line":205,"column":116}},"line":205},"19":{"name":"(anonymous_19)","decl":{"start":{"line":205,"column":92},"end":{"line":205,"column":93}},"loc":{"start":{"line":205,"column":105},"end":{"line":205,"column":115}},"line":205},"20":{"name":"(anonymous_20)","decl":{"start":{"line":235,"column":24},"end":{"line":235,"column":25}},"loc":{"start":{"line":235,"column":50},"end":{"line":285,"column":1}},"line":235},"21":{"name":"(anonymous_21)","decl":{"start":{"line":287,"column":27},"end":{"line":287,"column":28}},"loc":{"start":{"line":287,"column":53},"end":{"line":393,"column":1}},"line":287},"22":{"name":"(anonymous_22)","decl":{"start":{"line":330,"column":27},"end":{"line":330,"column":28}},"loc":{"start":{"line":330,"column":48},"end":{"line":376,"column":5}},"line":330},"23":{"name":"(anonymous_23)","decl":{"start":{"line":331,"column":63},"end":{"line":331,"column":64}},"loc":{"start":{"line":331,"column":76},"end":{"line":331,"column":121}},"line":331},"24":{"name":"(anonymous_24)","decl":{"start":{"line":331,"column":97},"end":{"line":331,"column":98}},"loc":{"start":{"line":331,"column":110},"end":{"line":331,"column":120}},"line":331},"25":{"name":"(anonymous_25)","decl":{"start":{"line":334,"column":8},"end":{"line":334,"column":9}},"loc":{"start":{"line":334,"column":15},"end":{"line":334,"column":40}},"line":334}},"branchMap":{"0":{"loc":{"start":{"line":15,"column":4},"end":{"line":20,"column":5}},"type":"if","locations":[{"start":{"line":15,"column":4},"end":{"line":20,"column":5}},{"start":{},"end":{}}],"line":15},"1":{"loc":{"start":{"line":16,"column":6},"end":{"line":18,"column":7}},"type":"if","locations":[{"start":{"line":16,"column":6},"end":{"line":18,"column":7}},{"start":{},"end":{}}],"line":16},"2":{"loc":{"start":{"line":56,"column":27},"end":{"line":56,"column":82}},"type":"cond-expr","locations":[{"start":{"line":56,"column":50},"end":{"line":56,"column":78}},{"start":{"line":56,"column":81},"end":{"line":56,"column":82}}],"line":56},"3":{"loc":{"start":{"line":150,"column":4},"end":{"line":152,"column":5}},"type":"if","locations":[{"start":{"line":150,"column":4},"end":{"line":152,"column":5}},{"start":{},"end":{}}],"line":150},"4":{"loc":{"start":{"line":186,"column":8},"end":{"line":188,"column":9}},"type":"if","locations":[{"start":{"line":186,"column":8},"end":{"line":188,"column":9}},{"start":{},"end":{}}],"line":186},"5":{"loc":{"start":{"line":189,"column":8},"end":{"line":192,"column":9}},"type":"if","locations":[{"start":{"line":189,"column":8},"end":{"line":192,"column":9}},{"start":{},"end":{}}],"line":189},"6":{"loc":{"start":{"line":252,"column":4},"end":{"line":254,"column":5}},"type":"if","locations":[{"start":{"line":252,"column":4},"end":{"line":254,"column":5}},{"start":{},"end":{}}],"line":252},"7":{"loc":{"start":{"line":259,"column":4},"end":{"line":261,"column":5}},"type":"if","locations":[{"start":{"line":259,"column":4},"end":{"line":261,"column":5}},{"start":{},"end":{}}],"line":259},"8":{"loc":{"start":{"line":259,"column":8},"end":{"line":259,"column":33}},"type":"binary-expr","locations":[{"start":{"line":259,"column":8},"end":{"line":259,"column":20}},{"start":{"line":259,"column":24},"end":{"line":259,"column":33}}],"line":259},"9":{"loc":{"start":{"line":263,"column":4},"end":{"line":270,"column":5}},"type":"if","locations":[{"start":{"line":263,"column":4},"end":{"line":270,"column":5}},{"start":{},"end":{}}],"line":263},"10":{"loc":{"start":{"line":313,"column":4},"end":{"line":315,"column":5}},"type":"if","locations":[{"start":{"line":313,"column":4},"end":{"line":315,"column":5}},{"start":{},"end":{}}],"line":313},"11":{"loc":{"start":{"line":326,"column":4},"end":{"line":328,"column":5}},"type":"if","locations":[{"start":{"line":326,"column":4},"end":{"line":328,"column":5}},{"start":{},"end":{}}],"line":326},"12":{"loc":{"start":{"line":326,"column":8},"end":{"line":326,"column":33}},"type":"binary-expr","locations":[{"start":{"line":326,"column":8},"end":{"line":326,"column":20}},{"start":{"line":326,"column":24},"end":{"line":326,"column":33}}],"line":326},"13":{"loc":{"start":{"line":339,"column":6},"end":{"line":351,"column":7}},"type":"if","locations":[{"start":{"line":339,"column":6},"end":{"line":351,"column":7}},{"start":{},"end":{}}],"line":339},"14":{"loc":{"start":{"line":341,"column":29},"end":{"line":343,"column":24}},"type":"cond-expr","locations":[{"start":{"line":342,"column":12},"end":{"line":342,"column":21}},{"start":{"line":343,"column":12},"end":{"line":343,"column":24}}],"line":341},"15":{"loc":{"start":{"line":352,"column":6},"end":{"line":359,"column":7}},"type":"if","locations":[{"start":{"line":352,"column":6},"end":{"line":359,"column":7}},{"start":{},"end":{}}],"line":352},"16":{"loc":{"start":{"line":360,"column":6},"end":{"line":367,"column":7}},"type":"if","locations":[{"start":{"line":360,"column":6},"end":{"line":367,"column":7}},{"start":{},"end":{}}],"line":360},"17":{"loc":{"start":{"line":368,"column":6},"end":{"line":375,"column":7}},"type":"if","locations":[{"start":{"line":368,"column":6},"end":{"line":375,"column":7}},{"start":{},"end":{}}],"line":368},"18":{"loc":{"start":{"line":380,"column":4},"end":{"line":384,"column":5}},"type":"if","locations":[{"start":{"line":380,"column":4},"end":{"line":384,"column":5}},{"start":{},"end":{}}],"line":380}},"s":{"0":8,"1":8,"2":8,"3":5,"4":5,"5":5,"6":1,"7":1,"8":0,"9":4,"10":4,"11":3,"12":3,"13":3,"14":15,"15":45,"16":15,"17":3,"18":15,"19":45,"20":45,"21":45,"22":45,"23":15,"24":3,"25":15,"26":3,"27":3,"28":15,"29":45,"30":3,"31":3,"32":3,"33":3,"34":4,"35":4,"36":3,"37":3,"38":4,"39":0,"40":8,"41":4,"42":4,"43":4,"44":1,"45":3,"46":3,"47":3,"48":15,"49":45,"50":3,"51":15,"52":15,"53":45,"54":45,"55":45,"56":45,"57":15,"58":3,"59":3,"60":15,"61":3,"62":15,"63":45,"64":45,"65":45,"66":1,"67":45,"68":41,"69":41,"70":45,"71":15,"72":3,"73":3,"74":15,"75":45,"76":3,"77":3,"78":0,"79":8,"80":4,"81":4,"82":4,"83":4,"84":4,"85":4,"86":4,"87":1,"88":3,"89":3,"90":3,"91":1,"92":2,"93":1,"94":1,"95":1,"96":0,"97":8,"98":3,"99":3,"100":3,"101":3,"102":1,"103":2,"104":2,"105":2,"106":2,"107":2,"108":0,"109":2,"110":2,"111":10,"112":30,"113":2,"114":5,"115":2,"116":2,"117":1,"118":1,"119":1,"120":1,"121":1,"122":1,"123":0,"124":0,"125":0,"126":0,"127":2,"128":2,"129":1,"130":1,"131":0,"132":8},"f":{"0":5,"1":3,"2":15,"3":45,"4":15,"5":45,"6":15,"7":15,"8":45,"9":3,"10":4,"11":15,"12":45,"13":15,"14":45,"15":15,"16":15,"17":45,"18":15,"19":45,"20":4,"21":3,"22":2,"23":10,"24":30,"25":5},"b":{"0":[1,4],"1":[1,0],"2":[0,45],"3":[1,3],"4":[1,44],"5":[41,4],"6":[1,3],"7":[1,2],"8":[3,3],"9":[1,1],"10":[1,2],"11":[0,2],"12":[2,2],"13":[1,1],"14":[0,1],"15":[1,0],"16":[0,0],"17":[0,0],"18":[1,1]},"_coverageSchema":"1a1c01bbd47fc00a2c39e90264f33305004495a9","hash":"df352438d6a3c5744fdd684507ac8c910368ba3f"}
,"D:\\STUPEN\\latihan-kelas\\Finall-Project\\app\\controller\\errorController.js": {"path":"D:\\STUPEN\\latihan-kelas\\Finall-Project\\app\\controller\\errorController.js","statementMap":{"0":{"start":{"line":1,"column":0},"end":{"line":10,"column":2}},"1":{"start":{"line":2,"column":2},"end":{"line":2,"column":41}},"2":{"start":{"line":3,"column":2},"end":{"line":3,"column":26}},"3":{"start":{"line":4,"column":2},"end":{"line":4,"column":28}},"4":{"start":{"line":6,"column":2},"end":{"line":9,"column":5}}},"fnMap":{"0":{"name":"(anonymous_0)","decl":{"start":{"line":1,"column":17},"end":{"line":1,"column":18}},"loc":{"start":{"line":1,"column":42},"end":{"line":10,"column":1}},"line":1}},"branchMap":{"0":{"loc":{"start":{"line":2,"column":19},"end":{"line":2,"column":40}},"type":"binary-expr","locations":[{"start":{"line":2,"column":19},"end":{"line":2,"column":33}},{"start":{"line":2,"column":37},"end":{"line":2,"column":40}}],"line":2}},"s":{"0":8,"1":58,"2":58,"3":58,"4":58},"f":{"0":58},"b":{"0":[58,0]},"_coverageSchema":"1a1c01bbd47fc00a2c39e90264f33305004495a9","hash":"f830aa8a21e6aface43b15f70dbe56ba1ee762e1"}
,"D:\\STUPEN\\latihan-kelas\\Finall-Project\\app\\controller\\notificationController.js": {"path":"D:\\STUPEN\\latihan-kelas\\Finall-Project\\app\\controller\\notificationController.js","statementMap":{"0":{"start":{"line":1,"column":17},"end":{"line":1,"column":48}},"1":{"start":{"line":8,"column":4},"end":{"line":8,"column":24}},"2":{"start":{"line":9,"column":15},"end":{"line":9,"column":35}},"3":{"start":{"line":10,"column":0},"end":{"line":10,"column":26}},"4":{"start":{"line":12,"column":27},"end":{"line":35,"column":1}},"5":{"start":{"line":13,"column":2},"end":{"line":34,"column":3}},"6":{"start":{"line":14,"column":25},"end":{"line":25,"column":6}},"7":{"start":{"line":27,"column":4},"end":{"line":31,"column":6}},"8":{"start":{"line":33,"column":4},"end":{"line":33,"column":40}},"9":{"start":{"line":37,"column":25},"end":{"line":69,"column":1}},"10":{"start":{"line":38,"column":2},"end":{"line":68,"column":3}},"11":{"start":{"line":39,"column":19},"end":{"line":39,"column":30}},"12":{"start":{"line":41,"column":25},"end":{"line":60,"column":6}},"13":{"start":{"line":61,"column":4},"end":{"line":65,"column":6}},"14":{"start":{"line":67,"column":4},"end":{"line":67,"column":40}},"15":{"start":{"line":70,"column":23},"end":{"line":115,"column":1}},"16":{"start":{"line":71,"column":2},"end":{"line":114,"column":3}},"17":{"start":{"line":72,"column":19},"end":{"line":72,"column":30}},"18":{"start":{"line":73,"column":20},"end":{"line":73,"column":38}},"19":{"start":{"line":75,"column":25},"end":{"line":87,"column":6}},"20":{"start":{"line":89,"column":4},"end":{"line":90,"column":66}},"21":{"start":{"line":90,"column":6},"end":{"line":90,"column":66}},"22":{"start":{"line":92,"column":29},"end":{"line":102,"column":5}},"23":{"start":{"line":104,"column":4},"end":{"line":111,"column":6}},"24":{"start":{"line":113,"column":4},"end":{"line":113,"column":40}},"25":{"start":{"line":117,"column":16},"end":{"line":129,"column":1}},"26":{"start":{"line":118,"column":2},"end":{"line":128,"column":3}},"27":{"start":{"line":119,"column":17},"end":{"line":119,"column":49}},"28":{"start":{"line":121,"column":4},"end":{"line":125,"column":6}},"29":{"start":{"line":127,"column":4},"end":{"line":127,"column":40}},"30":{"start":{"line":131,"column":0},"end":{"line":136,"column":1}}},"fnMap":{"0":{"name":"(anonymous_0)","decl":{"start":{"line":12,"column":27},"end":{"line":12,"column":28}},"loc":{"start":{"line":12,"column":53},"end":{"line":35,"column":1}},"line":12},"1":{"name":"(anonymous_1)","decl":{"start":{"line":37,"column":25},"end":{"line":37,"column":26}},"loc":{"start":{"line":37,"column":51},"end":{"line":69,"column":1}},"line":37},"2":{"name":"(anonymous_2)","decl":{"start":{"line":70,"column":23},"end":{"line":70,"column":24}},"loc":{"start":{"line":70,"column":49},"end":{"line":115,"column":1}},"line":70},"3":{"name":"(anonymous_3)","decl":{"start":{"line":117,"column":16},"end":{"line":117,"column":17}},"loc":{"start":{"line":117,"column":42},"end":{"line":129,"column":1}},"line":117}},"branchMap":{"0":{"loc":{"start":{"line":89,"column":4},"end":{"line":90,"column":66}},"type":"if","locations":[{"start":{"line":89,"column":4},"end":{"line":90,"column":66}},{"start":{},"end":{}}],"line":89}},"s":{"0":8,"1":8,"2":8,"3":8,"4":8,"5":0,"6":0,"7":0,"8":0,"9":8,"10":0,"11":0,"12":0,"13":0,"14":0,"15":8,"16":0,"17":0,"18":0,"19":0,"20":0,"21":0,"22":0,"23":0,"24":0,"25":8,"26":0,"27":0,"28":0,"29":0,"30":8},"f":{"0":0,"1":0,"2":0,"3":0},"b":{"0":[0,0]},"_coverageSchema":"1a1c01bbd47fc00a2c39e90264f33305004495a9","hash":"72c6310de2c8c6095a157519eded24e5aba6c827"}
[...]
,"D:\\STUPEN\\latihan-kelas\\Finall-Project\\app\\models\\transaction.js": {"path":"D:\\STUPEN\\latihan-kelas\\Finall-Project\\app\\models\\transaction.js","statementMap":{"0":{"start":{"line":2,"column":18},"end":{"line":2,"column":38}},"1":{"start":{"line":3,"column":0},"end":{"line":48,"column":1}},"2":{"start":{"line":12,"column":6},"end":{"line":17,"column":8}},"3":{"start":{"line":18,"column":6},"end":{"line":23,"column":8}},"4":{"start":{"line":26,"column":2},"end":{"line":46,"column":3}},"5":{"start":{"line":47,"column":2},"end":{"line":47,"column":20}}},"fnMap":{"0":{"name":"(anonymous_0)","decl":{"start":{"line":3,"column":17},"end":{"line":3,"column":18}},"loc":{"start":{"line":3,"column":43},"end":{"line":48,"column":1}},"line":3},"1":{"name":"(anonymous_1)","decl":{"start":{"line":10,"column":4},"end":{"line":10,"column":5}},"loc":{"start":{"line":10,"column":29},"end":{"line":24,"column":5}},"line":10}},"branchMap":{},"s":{"0":8,"1":8,"2":8,"3":8,"4":8,"5":8},"f":{"0":8,"1":8},"b":{},"_coverageSchema":"1a1c01bbd47fc00a2c39e90264f33305004495a9","hash":"dc86cfb9830d0ef3a171110ec8da6ddf1f3fdc7c"}
,"D:\\STUPEN\\latihan-kelas\\Finall-Project\\app\\models\\user.js": {"path":"D:\\STUPEN\\latihan-kelas\\Finall-Project\\app\\models\\user.js","statementMap":{"0":{"start":{"line":2,"column":18},"end":{"line":2,"column":38}},"1":{"start":{"line":3,"column":0},"end":{"line":70,"column":1}},"2":{"start":{"line":6,"column":6},"end":{"line":11,"column":8}},"3":{"start":{"line":12,"column":6},"end":{"line":17,"column":8}},"4":{"start":{"line":18,"column":6},"end":{"line":23,"column":8}},"5":{"start":{"line":24,"column":6},"end":{"line":27,"column":8}},"6":{"start":{"line":28,"column":6},"end":{"line":33,"column":8}},"7":{"start":{"line":34,"column":6},"end":{"line":39,"column":8}},"8":{"start":{"line":40,"column":6},"end":{"line":45,"column":8}},"9":{"start":{"line":48,"column":2},"end":{"line":68,"column":3}},"10":{"start":{"line":69,"column":2},"end":{"line":69,"column":13}}},"fnMap":{"0":{"name":"(anonymous_0)","decl":{"start":{"line":3,"column":17},"end":{"line":3,"column":18}},"loc":{"start":{"line":3,"column":43},"end":{"line":70,"column":1}},"line":3},"1":{"name":"(anonymous_1)","decl":{"start":{"line":5,"column":4},"end":{"line":5,"column":5}},"loc":{"start":{"line":5,"column":29},"end":{"line":46,"column":5}},"line":5}},"branchMap":{},"s":{"0":8,"1":8,"2":8,"3":8,"4":8,"5":8,"6":8,"7":8,"8":8,"9":8,"10":8},"f":{"0":8,"1":8},"b":{},"_coverageSchema":"1a1c01bbd47fc00a2c39e90264f33305004495a9","hash":"365ed4434a170d31e22d5c66e2233fa39780a95a"}
,"D:\\STUPEN\\latihan-kelas\\Finall-Project\\app\\routes\\authRouter.js": {"path":"D:\\STUPEN\\latihan-kelas\\Finall-Project\\app\\routes\\authRouter.js","statementMap":{"0":{"start":{"line":1,"column":15},"end":{"line":1,"column":42}},"1":{"start":{"line":3,"column":13},"end":{"line":3,"column":52}},"2":{"start":{"line":4,"column":12},"end":{"line":4,"column":49}},"3":{"start":{"line":5,"column":15},"end":{"line":5,"column":47}},"4":{"start":{"line":6,"column":22},"end":{"line":6,"column":72}},"5":{"start":{"line":8,"column":0},"end":{"line":8,"column":52}},"6":{"start":{"line":10,"column":0},"end":{"line":10,"column":62}},"7":{"start":{"line":11,"column":0},"end":{"line":11,"column":41}},"8":{"start":{"line":12,"column":0},"end":{"line":12,"column":45}},"9":{"start":{"line":14,"column":0},"end":{"line":14,"column":50}},"10":{"start":{"line":15,"column":0},"end":{"line":15,"column":37}},"11":{"start":{"line":17,"column":0},"end":{"line":17,"column":45}},"12":{"start":{"line":18,"column":0},"end":{"line":18,"column":55}},"13":{"start":{"line":19,"column":0},"end":{"line":19,"column":64}},"14":{"start":{"line":21,"column":0},"end":{"line":21,"column":24}}},"fnMap":{},"branchMap":{},"s":{"0":8,"1":8,"2":8,"3":8,"4":8,"5":8,"6":8,"7":8,"8":8,"9":8,"10":8,"11":8,"12":8,"13":8,"14":8},"f":{},"b":{},"_coverageSchema":"1a1c01bbd47fc00a2c39e90264f33305004495a9","hash":"1618441d7ccefcefce0d4888695183f26f4f5800"}
,"D:\\STUPEN\\latihan-kelas\\Finall-Project\\app\\routes\\categoryRouter.js": {"path":"D:\\STUPEN\\latihan-kelas\\Finall-Project\\app\\routes\\categoryRouter.js","statementMap":{"0":{"start":{"line":1,"column":15},"end":{"line":1,"column":42}},"1":{"start":{"line":2,"column":15},"end":{"line":2,"column":47}},"2":{"start":{"line":3,"column":27},"end":{"line":3,"column":70}},"3":{"start":{"line":4,"column":24},"end":{"line":4,"column":65}},"4":{"start":{"line":5,"column":18},"end":{"line":5,"column":53}},"5":{"start":{"line":6,"column":21},"end":{"line":6,"column":53}},"6":{"start":{"line":8,"column":0},"end":{"line":8,"column":51}},"7":{"start":{"line":9,"column":0},"end":{"line":15,"column":2}},"8":{"start":{"line":16,"column":0},"end":{"line":16,"column":71}},"9":{"start":{"line":17,"column":0},"end":{"line":24,"column":2}},"10":{"start":{"line":25,"column":0},"end":{"line":31,"column":2}},"11":{"start":{"line":33,"column":0},"end":{"line":33,"column":24}}},"fnMap":{},"branchMap":{},"s":{"0":8,"1":8,"2":8,"3":8,"4":8,"5":8,"6":8,"7":8,"8":8,"9":8,"10":8,"11":8},"f":{},"b":{},"_coverageSchema":"1a1c01bbd47fc00a2c39e90264f33305004495a9","hash":"83c76abe50544b366ac76c8dab5ff8363514fcd6"}
,"D:\\STUPEN\\latihan-kelas\\Finall-Project\\app\\routes\\chapterRouter.js": {"path":"D:\\STUPEN\\latihan-kelas\\Finall-Project\\app\\routes\\chapterRouter.js","statementMap":{"0":{"start":{"line":1,"column":15},"end":{"line":1,"column":42}},"1":{"start":{"line":2,"column":15},"end":{"line":2,"column":47}},"2":{"start":{"line":4,"column":16},"end":{"line":4,"column":58}},"3":{"start":{"line":6,"column":0},"end":{"line":6,"column":48}},"4":{"start":{"line":7,"column":0},"end":{"line":7,"column":58}},"5":{"start":{"line":8,"column":0},"end":{"line":8,"column":48}},"6":{"start":{"line":9,"column":0},"end":{"line":9,"column":59}},"7":{"start":{"line":10,"column":0},"end":{"line":10,"column":60}},"8":{"start":{"line":12,"column":0},"end":{"line":12,"column":24}}},"fnMap":{},"branchMap":{},"s":{"0":8,"1":8,"2":8,"3":8,"4":8,"5":8,"6":8,"7":8,"8":8},"f":{},"b":{},"_coverageSchema":"1a1c01bbd47fc00a2c39e90264f33305004495a9","hash":"dc40338c8f3b736d2ccd37f6250a8f83804883a2"}
,"D:\\STUPEN\\latihan-kelas\\Finall-Project\\app\\routes\\contentRouter.js": {"path":"D:\\STUPEN\\latihan-kelas\\Finall-Project\\app\\routes\\contentRouter.js","statementMap":{"0":{"start":{"line":1,"column":15},"end":{"line":1,"column":42}},"1":{"start":{"line":3,"column":16},"end":{"line":3,"column":58}},"2":{"start":{"line":8,"column":0},"end":{"line":8,"column":36}},"3":{"start":{"line":10,"column":0},"end":{"line":10,"column":50}},"4":{"start":{"line":12,"column":0},"end":{"line":12,"column":64}},"5":{"start":{"line":14,"column":0},"end":{"line":14,"column":70}},"6":{"start":{"line":28,"column":0},"end":{"line":28,"column":82}},"7":{"start":{"line":30,"column":0},"end":{"line":30,"column":24}}},"fnMap":{},"branchMap":{},"s":{"0":8,"1":8,"2":8,"3":8,"4":8,"5":8,"6":8,"7":8},"f":{},"b":{},"_coverageSchema":"1a1c01bbd47fc00a2c39e90264f33305004495a9","hash":"727f41cd3af069cac8266cb8b48c208ea6e24906"}
,"D:\\STUPEN\\latihan-kelas\\Finall-Project\\app\\routes\\courseRouter.js": {"path":"D:\\STUPEN\\latihan-kelas\\Finall-Project\\app\\routes\\courseRouter.js","statementMap":{"0":{"start":{"line":1,"column":15},"end":{"line":1,"column":42}},"1":{"start":{"line":2,"column":15},"end":{"line":2,"column":47}},"2":{"start":{"line":3,"column":25},"end":{"line":3,"column":66}},"3":{"start":{"line":4,"column":22},"end":{"line":4,"column":61}},"4":{"start":{"line":5,"column":15},"end":{"line":5,"column":47}},"5":{"start":{"line":6,"column":18},"end":{"line":6,"column":53}},"6":{"start":{"line":7,"column":24},"end":{"line":7,"column":66}},"7":{"start":{"line":9,"column":0},"end":{"line":9,"column":46}},"8":{"start":{"line":10,"column":0},"end":{"line":17,"column":1}},"9":{"start":{"line":18,"column":0},"end":{"line":18,"column":72}},"10":{"start":{"line":19,"column":0},"end":{"line":27,"column":1}},"11":{"start":{"line":28,"column":0},"end":{"line":34,"column":1}},"12":{"start":{"line":36,"column":0},"end":{"line":36,"column":23}}},"fnMap":{},"branchMap":{},"s":{"0":8,"1":8,"2":8,"3":8,"4":8,"5":8,"6":8,"7":8,"8":8,"9":8,"10":8,"11":8,"12":8},"f":{},"b":{},"_coverageSchema":"1a1c01bbd47fc00a2c39e90264f33305004495a9","hash":"35725dcb2f4592194362d021a8c1187e5d491694"}
,"D:\\STUPEN\\latihan-kelas\\Finall-Project\\app\\routes\\courseUserRouter.js": {"path":"D:\\STUPEN\\latihan-kelas\\Finall-Project\\app\\routes\\courseUserRouter.js","statementMap":{"0":{"start":{"line":1,"column":15},"end":{"line":1,"column":42}},"1":{"start":{"line":2,"column":19},"end":{"line":2,"column":64}},"2":{"start":{"line":3,"column":21},"end":{"line":3,"column":53}},"3":{"start":{"line":4,"column":18},"end":{"line":4,"column":53}},"4":{"start":{"line":6,"column":0},"end":{"line":11,"column":1}},"5":{"start":{"line":12,"column":0},"end":{"line":17,"column":1}},"6":{"start":{"line":18,"column":0},"end":{"line":23,"column":1}},"7":{"start":{"line":24,"column":0},"end":{"line":29,"column":1}},"8":{"start":{"line":31,"column":0},"end":{"line":31,"column":23}}},"fnMap":{},"branchMap":{},"s":{"0":8,"1":8,"2":8,"3":8,"4":8,"5":8,"6":8,"7":8,"8":8},"f":{},"b":{},"_coverageSchema":"1a1c01bbd47fc00a2c39e90264f33305004495a9","hash":"340b7b325b21322144c949b275e313d743603244"}
,"D:\\STUPEN\\latihan-kelas\\Finall-Project\\app\\routes\\index.js": {"path":"D:\\STUPEN\\latihan-kelas\\Finall-Project\\app\\routes\\index.js","statementMap":{"0":{"start":{"line":1,"column":15},"end":{"line":1,"column":42}},"1":{"start":{"line":2,"column":18},"end":{"line":2,"column":47}},"2":{"start":{"line":3,"column":24},"end":{"line":3,"column":58}},"3":{"start":{"line":5,"column":0},"end":{"line":5,"column":41}},"4":{"start":{"line":6,"column":0},"end":{"line":6,"column":58}},"5":{"start":{"line":8,"column":13},"end":{"line":8,"column":36}},"6":{"start":{"line":9,"column":13},"end":{"line":9,"column":36}},"7":{"start":{"line":10,"column":19},"end":{"line":10,"column":48}},"8":{"start":{"line":11,"column":16},"end":{"line":11,"column":41}},"9":{"start":{"line":12,"column":16},"end":{"line":12,"column":42}},"10":{"start":{"line":13,"column":16},"end":{"line":13,"column":42}},"11":{"start":{"line":14,"column":17},"end":{"line":14,"column":44}},"12":{"start":{"line":15,"column":20},"end":{"line":15,"column":50}},"13":{"start":{"line":16,"column":21},"end":{"line":16,"column":52}},"14":{"start":{"line":18,"column":0},"end":{"line":18,"column":33}},"15":{"start":{"line":19,"column":0},"end":{"line":19,"column":33}},"16":{"start":{"line":20,"column":0},"end":{"line":20,"column":46}},"17":{"start":{"line":21,"column":0},"end":{"line":21,"column":38}},"18":{"start":{"line":22,"column":0},"end":{"line":22,"column":39}},"19":{"start":{"line":23,"column":0},"end":{"line":23,"column":39}},"20":{"start":{"line":24,"column":0},"end":{"line":24,"column":41}},"21":{"start":{"line":25,"column":0},"end":{"line":25,"column":47}},"22":{"start":{"line":26,"column":0},"end":{"line":26,"column":49}},"23":{"start":{"line":28,"column":0},"end":{"line":28,"column":24}}},"fnMap":{},"branchMap":{},"s":{"0":8,"1":8,"2":8,"3":8,"4":8,"5":8,"6":8,"7":8,"8":8,"9":8,"10":8,"11":8,"12":8,"13":8,"14":8,"15":8,"16":8,"17":8,"18":8,"19":8,"20":8,"21":8,"22":8,"23":8},"f":{},"b":{},"_coverageSchema":"1a1c01bbd47fc00a2c39e90264f33305004495a9","hash":"982639f73a30db0bca1ebfb62f9161e617479495"}
,"D:\\STUPEN\\latihan-kelas\\Finall-Project\\app\\routes\\notificationRouter.js": {"path":"D:\\STUPEN\\latihan-kelas\\Finall-Project\\app\\routes\\notificationRouter.js","statementMap":{"0":{"start":{"line":1,"column":15},"end":{"line":1,"column":42}},"1":{"start":{"line":2,"column":15},"end":{"line":2,"column":47}},"2":{"start":{"line":3,"column":18},"end":{"line":3,"column":53}},"3":{"start":{"line":4,"column":21},"end":{"line":4,"column":68}},"4":{"start":{"line":6,"column":0},"end":{"line":11,"column":1}},"5":{"start":{"line":12,"column":0},"end":{"line":12,"column":70}},"6":{"start":{"line":13,"column":0},"end":{"line":13,"column":75}},"7":{"start":{"line":14,"column":0},"end":{"line":14,"column":44}},"8":{"start":{"line":16,"column":0},"end":{"line":16,"column":23}}},"fnMap":{},"branchMap":{},"s":{"0":8,"1":8,"2":8,"3":8,"4":8,"5":8,"6":8,"7":8,"8":8},"f":{},"b":{},"_coverageSchema":"1a1c01bbd47fc00a2c39e90264f33305004495a9","hash":"ed9315e57eed3768e50e0545c03e898d7720726c"}
,"D:\\STUPEN\\latihan-kelas\\Finall-Project\\app\\routes\\transactionRouter.js": {"path":"D:\\STUPEN\\latihan-kelas\\Finall-Project\\app\\routes\\transactionRouter.js","statementMap":{"0":{"start":{"line":1,"column":15},"end":{"line":1,"column":42}},"1":{"start":{"line":3,"column":20},"end":{"line":3,"column":66}},"2":{"start":{"line":4,"column":15},"end":{"line":4,"column":47}},"3":{"start":{"line":5,"column":18},"end":{"line":5,"column":53}},"4":{"start":{"line":7,"column":0},"end":{"line":7,"column":62}},"5":{"start":{"line":8,"column":0},"end":{"line":8,"column":69}},"6":{"start":{"line":10,"column":0},"end":{"line":10,"column":77}},"7":{"start":{"line":11,"column":0},"end":{"line":11,"column":63}},"8":{"start":{"line":12,"column":0},"end":{"line":12,"column":63}},"9":{"start":{"line":14,"column":0},"end":{"line":14,"column":24}}},"fnMap":{},"branchMap":{},"s":{"0":8,"1":8,"2":8,"3":8,"4":8,"5":8,"6":8,"7":8,"8":8,"9":8},"f":{},"b":{},"_coverageSchema":"1a1c01bbd47fc00a2c39e90264f33305004495a9","hash":"a0f77f5e27d93b732ff3cf49865b53ba4b5d344a"}
,"D:\\STUPEN\\latihan-kelas\\Finall-Project\\app\\routes\\userRouter.js": {"path":"D:\\STUPEN\\latihan-kelas\\Finall-Project\\app\\routes\\userRouter.js","statementMap":{"0":{"start":{"line":1,"column":15},"end":{"line":1,"column":42}},"1":{"start":{"line":2,"column":15},"end":{"line":2,"column":47}},"2":{"start":{"line":3,"column":13},"end":{"line":3,"column":52}},"3":{"start":{"line":4,"column":21},"end":{"line":4,"column":53}},"4":{"start":{"line":5,"column":18},"end":{"line":5,"column":53}},"5":{"start":{"line":7,"column":0},"end":{"line":7,"column":31}},"6":{"start":{"line":8,"column":0},"end":{"line":8,"column":40}},"7":{"start":{"line":9,"column":0},"end":{"line":15,"column":2}},"8":{"start":{"line":16,"column":0},"end":{"line":21,"column":2}},"9":{"start":{"line":22,"column":0},"end":{"line":27,"column":2}},"10":{"start":{"line":29,"column":0},"end":{"line":29,"column":24}}},"fnMap":{},"branchMap":{},"s":{"0":8,"1":8,"2":8,"3":8,"4":8,"5":8,"6":8,"7":8,"8":8,"9":8,"10":8},"f":{},"b":{},"_coverageSchema":"1a1c01bbd47fc00a2c39e90264f33305004495a9","hash":"3090eced4f3b079c944b13dbd0b608030d3e1f3d"}
,"D:\\STUPEN\\latihan-kelas\\Finall-Project\\utils\\apiError.js": {"path":"D:\\STUPEN\\latihan-kelas\\Finall-Project\\utils\\apiError.js","statementMap":{"0":{"start":{"line":3,"column":4},"end":{"line":3,"column":18}},"1":{"start":{"line":5,"column":4},"end":{"line":5,"column":32}},"2":{"start":{"line":6,"column":4},"end":{"line":6,"column":70}},"3":{"start":{"line":8,"column":4},"end":{"line":8,"column":51}},"4":{"start":{"line":12,"column":0},"end":{"line":12,"column":25}}},"fnMap":{"0":{"name":"(anonymous_0)","decl":{"start":{"line":2,"column":2},"end":{"line":2,"column":3}},"loc":{"start":{"line":2,"column":35},"end":{"line":9,"column":3}},"line":2}},"branchMap":{"0":{"loc":{"start":{"line":6,"column":18},"end":{"line":6,"column":70}},"type":"cond-expr","locations":[{"start":{"line":6,"column":52},"end":{"line":6,"column":60}},{"start":{"line":6,"column":63},"end":{"line":6,"column":70}}],"line":6}},"s":{"0":58,"1":58,"2":58,"3":58,"4":8},"f":{"0":58},"b":{"0":[58,0]},"_coverageSchema":"1a1c01bbd47fc00a2c39e90264f33305004495a9","hash":"e2c1f527acace5534f5bf78c955d6c368b2371e7"}
,"D:\\STUPEN\\latihan-kelas\\Finall-Project\\utils\\generatedOTP.js": {"path":"D:\\STUPEN\\latihan-kelas\\Finall-Project\\utils\\generatedOTP.js","statementMap":{"0":{"start":{"line":1,"column":21},"end":{"line":7,"column":1}},"1":{"start":{"line":2,"column":2},"end":{"line":6,"column":3}},"2":{"start":{"line":3,"column":4},"end":{"line":3,"column":64}},"3":{"start":{"line":5,"column":4},"end":{"line":5,"column":16}},"4":{"start":{"line":9,"column":0},"end":{"line":9,"column":30}}},"fnMap":{"0":{"name":"(anonymous_0)","decl":{"start":{"line":1,"column":21},"end":{"line":1,"column":22}},"loc":{"start":{"line":1,"column":33},"end":{"line":7,"column":1}},"line":1}},"branchMap":{},"s":{"0":8,"1":7,"2":7,"3":0,"4":8},"f":{"0":7},"b":{},"_coverageSchema":"1a1c01bbd47fc00a2c39e90264f33305004495a9","hash":"ce5516135341ec3c5fa3b7be23e22aec157f88a3"}
,"D:\\STUPEN\\latihan-kelas\\Finall-Project\\utils\\scheduleDeletion.js": {"path":"D:\\STUPEN\\latihan-kelas\\Finall-Project\\utils\\scheduleDeletion.js","statementMap":{"0":{"start":{"line":1,"column":17},"end":{"line":1,"column":52}},"1":{"start":{"line":2,"column":16},"end":{"line":2,"column":40}},"2":{"start":{"line":4,"column":28},"end":{"line":13,"column":1}},"3":{"start":{"line":5,"column":4},"end":{"line":12,"column":14}},"4":{"start":{"line":6,"column":8},"end":{"line":11,"column":9}},"5":{"start":{"line":7,"column":12},"end":{"line":7,"column":56}},"6":{"start":{"line":8,"column":12},"end":{"line":8,"column":66}},"7":{"start":{"line":10,"column":12},"end":{"line":10,"column":56}},"8":{"start":{"line":15,"column":0},"end":{"line":15,"column":37}}},"fnMap":{"0":{"name":"(anonymous_0)","decl":{"start":{"line":4,"column":28},"end":{"line":4,"column":29}},"loc":{"start":{"line":4,"column":46},"end":{"line":13,"column":1}},"line":4},"1":{"name":"(anonymous_1)","decl":{"start":{"line":5,"column":15},"end":{"line":5,"column":16}},"loc":{"start":{"line":5,"column":27},"end":{"line":12,"column":5}},"line":5}},"branchMap":{},"s":{"0":8,"1":8,"2":8,"3":6,"4":0,"5":0,"6":0,"7":0,"8":8},"f":{"0":6,"1":0},"b":{},"_coverageSchema":"1a1c01bbd47fc00a2c39e90264f33305004495a9","hash":"b6f22a74a95b01780b4d37893102a4eed893d94e"}
,"D:\\STUPEN\\latihan-kelas\\Finall-Project\\utils\\sendEmail.js": {"path":"D:\\STUPEN\\latihan-kelas\\Finall-Project\\utils\\sendEmail.js","statementMap":{"0":{"start":{"line":1,"column":28},"end":{"line":1,"column":60}},"1":{"start":{"line":2,"column":15},"end":{"line":2,"column":32}},"2":{"start":{"line":3,"column":19},"end":{"line":3,"column":40}},"3":{"start":{"line":4,"column":20},"end":{"line":4,"column":45}},"4":{"start":{"line":5,"column":16},"end":{"line":5,"column":40}},"5":{"start":{"line":6,"column":19},"end":{"line":6,"column":42}},"6":{"start":{"line":7,"column":0},"end":{"line":7,"column":16}},"7":{"start":{"line":8,"column":38},"end":{"line":8,"column":49}},"8":{"start":{"line":10,"column":18},"end":{"line":20,"column":2}},"9":{"start":{"line":22,"column":18},"end":{"line":29,"column":1}},"10":{"start":{"line":23,"column":4},"end":{"line":28,"column":5}},"11":{"start":{"line":24,"column":8},"end":{"line":24,"column":48}},"12":{"start":{"line":25,"column":8},"end":{"line":25,"column":15}},"13":{"start":{"line":27,"column":8},"end":{"line":27,"column":18}},"14":{"start":{"line":31,"column":0},"end":{"line":31,"column":27}}},"fnMap":{"0":{"name":"(anonymous_0)","decl":{"start":{"line":22,"column":18},"end":{"line":22,"column":19}},"loc":{"start":{"line":22,"column":41},"end":{"line":29,"column":1}},"line":22}},"branchMap":{},"s":{"0":8,"1":8,"2":8,"3":8,"4":8,"5":8,"6":8,"7":8,"8":8,"9":8,"10":6,"11":6,"12":6,"13":0,"14":8},"f":{"0":6},"b":{},"_coverageSchema":"1a1c01bbd47fc00a2c39e90264f33305004495a9","hash":"80091837f13878697f122485426c1169910f2a6e"}
}
