TN:
SF:app\index.js
FN:18,(anonymous_0)
FNF:1
FNH:0
FNDA:0,(anonymous_0)
DA:1,2
DA:2,2
DA:3,2
DA:5,2
DA:6,2
DA:7,2
DA:9,2
DA:11,2
DA:12,2
DA:13,2
DA:15,2
DA:16,2
DA:18,2
DA:19,0
DA:22,2
DA:24,2
LF:16
LH:15
BRF:0
BRH:0
end_of_record
TN:
SF:app\controller\OtpConroller.js
FN:11,(anonymous_0)
FN:79,(anonymous_1)
FNF:2
FNH:0
FNDA:0,(anonymous_0)
FNDA:0,(anonymous_1)
DA:1,2
DA:2,2
DA:3,2
DA:5,2
DA:6,2
DA:7,2
DA:8,2
DA:9,2
DA:11,2
DA:12,0
DA:13,0
DA:14,0
DA:16,0
DA:23,0
DA:24,0
DA:27,0
DA:28,0
DA:31,0
DA:42,0
DA:48,0
DA:58,0
DA:64,0
DA:75,0
DA:79,2
DA:80,0
DA:81,0
DA:83,0
DA:90,0
DA:91,0
DA:94,0
DA:100,0
DA:101,0
DA:102,0
DA:103,0
DA:104,0
DA:108,0
DA:109,0
DA:111,0
DA:118,0
DA:119,0
DA:121,0
DA:134,0
DA:136,0
DA:145,0
DA:149,2
LF:45
LH:11
BRDA:23,0,0,0
BRDA:23,0,1,0
BRDA:27,1,0,0
BRDA:27,1,1,0
BRDA:90,2,0,0
BRDA:90,2,1,0
BRF:6
BRH:0
end_of_record
TN:
SF:app\controller\authController.js
FN:15,(anonymous_0)
FN:99,(anonymous_1)
FN:157,(anonymous_2)
FN:200,(anonymous_3)
FN:225,(anonymous_4)
FNF:5
FNH:3
FNDA:1,(anonymous_0)
FNDA:20,(anonymous_1)
FNDA:2,(anonymous_2)
FNDA:0,(anonymous_3)
FNDA:0,(anonymous_4)
DA:2,2
DA:3,2
DA:6,2
DA:7,2
DA:9,2
DA:10,2
DA:12,2
DA:13,2
DA:15,2
DA:16,1
DA:19,1
DA:21,1
DA:27,1
DA:28,0
DA:31,1
DA:32,1
DA:33,0
DA:38,1
DA:39,1
DA:41,1
DA:47,1
DA:53,1
DA:54,1
DA:55,1
DA:56,1
DA:57,1
DA:61,1
DA:63,1
DA:69,1
DA:70,1
DA:72,1
DA:85,1
DA:87,1
DA:95,0
DA:99,2
DA:100,20
DA:101,20
DA:103,20
DA:110,20
DA:111,0
DA:114,20
DA:115,20
DA:124,20
DA:125,0
DA:128,20
DA:134,20
DA:139,20
DA:150,0
DA:153,0
DA:157,2
DA:158,2
DA:159,2
DA:161,2
DA:168,2
DA:169,0
DA:172,2
DA:173,0
DA:176,2
DA:177,2
DA:187,2
DA:193,0
DA:196,0
DA:200,2
DA:201,0
DA:207,0
DA:208,0
DA:221,0
DA:225,2
DA:226,0
DA:227,0
DA:228,0
DA:230,0
DA:237,0
DA:238,0
DA:242,0
DA:243,0
DA:245,0
DA:257,0
DA:263,0
DA:268,0
DA:273,0
DA:277,2
LF:82
LH:54
BRDA:27,0,0,0
BRDA:27,0,1,1
BRDA:32,1,0,0
BRDA:32,1,1,1
BRDA:110,2,0,0
BRDA:110,2,1,20
BRDA:114,3,0,20
BRDA:114,3,1,0
BRDA:114,4,0,20
BRDA:114,4,1,20
BRDA:124,5,0,0
BRDA:124,5,1,20
BRDA:168,6,0,0
BRDA:168,6,1,2
BRDA:172,7,0,0
BRDA:172,7,1,2
BRDA:176,8,0,2
BRDA:176,8,1,0
BRDA:176,9,0,2
BRDA:176,9,1,2
BRDA:237,10,0,0
BRDA:237,10,1,0
BRF:22
BRH:12
end_of_record
TN:
SF:app\controller\categoryController.js
FN:6,(anonymous_0)
FN:21,(anonymous_1)
FN:36,(anonymous_2)
FN:63,(anonymous_3)
FN:96,(anonymous_4)
FNF:5
FNH:0
FNDA:0,(anonymous_0)
FNDA:0,(anonymous_1)
FNDA:0,(anonymous_2)
FNDA:0,(anonymous_3)
FNDA:0,(anonymous_4)
DA:1,2
DA:2,2
DA:3,2
DA:4,2
DA:6,2
DA:7,0
DA:8,0
DA:12,0
DA:17,0
DA:21,2
DA:22,0
DA:23,0
DA:27,0
DA:32,0
DA:36,2
DA:37,0
DA:38,0
DA:41,0
DA:42,0
DA:43,0
DA:44,0
DA:45,0
DA:49,0
DA:52,0
DA:54,0
DA:59,0
DA:63,2
DA:64,0
DA:65,0
DA:66,0
DA:67,0
DA:70,0
DA:71,0
DA:72,0
DA:73,0
DA:74,0
DA:78,0
DA:81,0
DA:86,0
DA:92,0
DA:96,2
DA:97,0
DA:98,0
DA:99,0
DA:100,0
DA:102,0
DA:107,0
DA:111,2
LF:48
LH:10
BRDA:42,0,0,0
BRDA:42,0,1,0
BRDA:71,1,0,0
BRDA:71,1,1,0
BRF:4
BRH:0
end_of_record
TN:
SF:app\controller\chapterController.js
FN:6,(anonymous_0)
FN:31,(anonymous_1)
FN:49,(anonymous_2)
FN:71,(anonymous_3)
FN:107,(anonymous_4)
FNF:5
FNH:0
FNDA:0,(anonymous_0)
FNDA:0,(anonymous_1)
FNDA:0,(anonymous_2)
FNDA:0,(anonymous_3)
FNDA:0,(anonymous_4)
DA:2,2
DA:3,2
DA:4,2
DA:6,2
DA:7,0
DA:8,0
DA:9,0
DA:11,0
DA:13,0
DA:15,0
DA:20,0
DA:27,0
DA:31,2
DA:32,0
DA:33,0
DA:37,0
DA:45,0
DA:49,2
DA:50,0
DA:51,0
DA:58,0
DA:60,0
DA:67,0
DA:71,2
DA:72,0
DA:73,0
DA:75,0
DA:81,0
DA:83,0
DA:85,0
DA:97,0
DA:103,0
DA:107,2
DA:108,0
DA:109,0
DA:115,0
DA:117,0
DA:121,0
DA:126,0
DA:130,2
LF:40
LH:9
BRDA:11,0,0,0
BRDA:11,0,1,0
BRDA:13,1,0,0
BRDA:13,1,1,0
BRDA:58,2,0,0
BRDA:58,2,1,0
BRDA:81,3,0,0
BRDA:81,3,1,0
BRDA:83,4,0,0
BRDA:83,4,1,0
BRDA:115,5,0,0
BRDA:115,5,1,0
BRF:12
BRH:0
end_of_record
TN:
SF:app\controller\contentController.js
FN:6,(anonymous_0)
FN:26,(anonymous_1)
FN:52,(anonymous_2)
FN:76,(anonymous_3)
FN:141,(anonymous_4)
FN:276,(anonymous_5)
FN:324,(anonymous_6)
FNF:7
FNH:0
FNDA:0,(anonymous_0)
FNDA:0,(anonymous_1)
FNDA:0,(anonymous_2)
FNDA:0,(anonymous_3)
FNDA:0,(anonymous_4)
FNDA:0,(anonymous_5)
FNDA:0,(anonymous_6)
DA:1,2
DA:2,2
DA:6,2
DA:7,0
DA:8,0
DA:12,0
DA:13,0
DA:16,0
DA:22,0
DA:26,2
DA:27,0
DA:28,0
DA:29,0
DA:36,0
DA:37,0
DA:42,0
DA:48,0
DA:52,2
DA:53,0
DA:54,0
DA:55,0
DA:57,0
DA:66,0
DA:72,0
DA:76,2
DA:77,0
DA:78,0
DA:79,0
DA:80,0
DA:81,0
DA:83,0
DA:89,0
DA:90,0
DA:93,0
DA:96,0
DA:99,0
DA:100,0
DA:101,0
DA:103,0
DA:105,0
DA:108,0
DA:109,0
DA:111,0
DA:114,0
DA:116,0
DA:121,0
DA:129,0
DA:137,0
DA:141,2
DA:142,0
DA:143,0
DA:144,0
DA:145,0
DA:153,0
DA:162,0
DA:163,0
DA:166,0
DA:168,0
DA:169,0
DA:170,0
DA:171,0
DA:172,0
DA:176,0
DA:189,0
DA:190,0
DA:191,0
DA:192,0
DA:193,0
DA:194,0
DA:199,0
DA:212,0
DA:213,0
DA:214,0
DA:215,0
DA:216,0
DA:220,0
DA:233,0
DA:234,0
DA:235,0
DA:236,0
DA:237,0
DA:242,0
DA:257,0
DA:267,0
DA:272,0
DA:276,2
DA:277,0
DA:278,0
DA:279,0
DA:287,0
DA:296,0
DA:297,0
DA:300,0
DA:315,0
DA:320,0
DA:324,2
DA:325,0
DA:326,0
DA:327,0
DA:333,0
DA:334,0
DA:337,0
DA:344,0
DA:350,0
DA:353,2
LF:105
LH:10
BRDA:12,0,0,0
BRDA:12,0,1,0
BRDA:36,1,0,0
BRDA:36,1,1,0
BRDA:89,2,0,0
BRDA:89,2,1,0
BRDA:108,3,0,0
BRDA:108,3,1,0
BRDA:162,4,0,0
BRDA:162,4,1,0
BRDA:166,5,0,0
BRDA:166,5,1,0
BRDA:168,6,0,0
BRDA:168,6,1,0
BRDA:189,7,0,0
BRDA:189,7,1,0
BRDA:212,8,0,0
BRDA:212,8,1,0
BRDA:212,9,0,0
BRDA:212,9,1,0
BRDA:296,10,0,0
BRDA:296,10,1,0
BRDA:333,11,0,0
BRDA:333,11,1,0
BRF:24
BRH:0
end_of_record
TN:
SF:app\controller\courseController.js
FN:16,(anonymous_0)
FN:102,(anonymous_1)
FN:104,(anonymous_2)
FN:105,(anonymous_3)
FN:109,(anonymous_4)
FN:110,(anonymous_5)
FN:120,(anonymous_6)
FN:144,(anonymous_7)
FN:159,(anonymous_8)
FN:196,(anonymous_9)
FN:197,(anonymous_10)
FN:202,(anonymous_11)
FN:207,(anonymous_12)
FN:219,(anonymous_13)
FN:221,(anonymous_14)
FN:223,(anonymous_15)
FN:272,(anonymous_16)
FN:318,(anonymous_17)
FN:365,(anonymous_18)
FN:382,(anonymous_19)
FNF:20
FNH:8
FNDA:5,(anonymous_0)
FNDA:30,(anonymous_1)
FNDA:110,(anonymous_2)
FNDA:330,(anonymous_3)
FNDA:110,(anonymous_4)
FNDA:330,(anonymous_5)
FNDA:110,(anonymous_6)
FNDA:30,(anonymous_7)
FNDA:0,(anonymous_8)
FNDA:0,(anonymous_9)
FNDA:0,(anonymous_10)
FNDA:0,(anonymous_11)
FNDA:0,(anonymous_12)
FNDA:0,(anonymous_13)
FNDA:0,(anonymous_14)
FNDA:0,(anonymous_15)
FNDA:0,(anonymous_16)
FNDA:0,(anonymous_17)
FNDA:0,(anonymous_18)
FNDA:0,(anonymous_19)
DA:2,2
DA:3,2
DA:12,2
DA:13,2
DA:14,2
DA:16,2
DA:17,5
DA:25,5
DA:27,5
DA:28,5
DA:30,5
DA:31,0
DA:34,5
DA:35,0
DA:38,5
DA:39,0
DA:40,0
DA:41,0
DA:43,0
DA:46,5
DA:47,0
DA:48,0
DA:49,0
DA:51,0
DA:54,5
DA:55,0
DA:58,5
DA:59,0
DA:62,5
DA:63,0
DA:64,0
DA:66,0
DA:69,5
DA:97,5
DA:98,0
DA:101,5
DA:103,30
DA:104,30
DA:105,330
DA:106,110
DA:109,30
DA:110,110
DA:111,330
DA:112,330
DA:113,330
DA:114,330
DA:115,330
DA:117,110
DA:120,110
DA:122,30
DA:128,30
DA:129,30
DA:131,30
DA:143,5
DA:144,5
DA:145,30
DA:146,30
DA:147,30
DA:150,5
DA:155,0
DA:159,2
DA:160,0
DA:161,0
DA:165,0
DA:188,0
DA:190,0
DA:196,0
DA:197,0
DA:198,0
DA:201,0
DA:203,0
DA:207,0
DA:208,0
DA:209,0
DA:210,0
DA:211,0
DA:212,0
DA:214,0
DA:217,0
DA:219,0
DA:221,0
DA:222,0
DA:223,0
DA:224,0
DA:225,0
DA:226,0
DA:227,0
DA:228,0
DA:230,0
DA:234,0
DA:235,0
DA:239,0
DA:242,0
DA:249,0
DA:251,0
DA:252,0
DA:255,0
DA:268,0
DA:272,2
DA:273,0
DA:276,0
DA:277,0
DA:278,0
DA:280,0
DA:281,0
DA:284,0
DA:285,0
DA:286,0
DA:290,0
DA:293,0
DA:295,0
DA:296,0
DA:299,0
DA:305,0
DA:310,0
DA:311,0
DA:312,0
DA:314,0
DA:318,2
DA:319,0
DA:320,0
DA:321,0
DA:324,0
DA:325,0
DA:326,0
DA:328,0
DA:329,0
DA:332,0
DA:333,0
DA:334,0
DA:338,0
DA:341,0
DA:343,0
DA:344,0
DA:347,0
DA:351,0
DA:357,0
DA:358,0
DA:359,0
DA:361,0
DA:365,2
DA:366,0
DA:367,0
DA:368,0
DA:369,0
DA:381,0
DA:383,0
DA:386,0
DA:387,0
DA:388,0
DA:390,0
DA:395,0
DA:399,2
LF:153
LH:48
BRDA:30,0,0,0
BRDA:30,0,1,5
BRDA:34,1,0,0
BRDA:34,1,1,5
BRDA:38,2,0,0
BRDA:38,2,1,5
BRDA:40,3,0,0
BRDA:40,3,1,0
BRDA:46,4,0,0
BRDA:46,4,1,5
BRDA:48,5,0,0
BRDA:48,5,1,0
BRDA:54,6,0,0
BRDA:54,6,1,5
BRDA:54,7,0,5
BRDA:54,7,1,0
BRDA:58,8,0,0
BRDA:58,8,1,5
BRDA:58,9,0,5
BRDA:58,9,1,5
BRDA:62,10,0,0
BRDA:62,10,1,5
BRDA:62,11,0,5
BRDA:62,11,1,0
BRDA:63,12,0,0
BRDA:63,12,1,0
BRDA:97,13,0,0
BRDA:97,13,1,5
BRDA:113,14,0,235
BRDA:113,14,1,95
BRDA:227,15,0,0
BRDA:227,15,1,0
BRDA:227,16,0,0
BRDA:227,16,1,0
BRDA:230,17,0,0
BRDA:230,17,1,0
BRDA:231,18,0,0
BRDA:231,18,1,0
BRDA:231,18,2,0
BRDA:231,18,3,0
BRDA:235,19,0,0
BRDA:235,19,1,0
BRDA:251,20,0,0
BRDA:251,20,1,0
BRDA:277,21,0,0
BRDA:277,21,1,0
BRDA:280,22,0,0
BRDA:280,22,1,0
BRDA:295,23,0,0
BRDA:295,23,1,0
BRDA:310,24,0,0
BRDA:310,24,1,0
BRDA:325,25,0,0
BRDA:325,25,1,0
BRDA:328,26,0,0
BRDA:328,26,1,0
BRDA:343,27,0,0
BRDA:343,27,1,0
BRDA:357,28,0,0
BRDA:357,28,1,0
BRF:60
BRH:14
end_of_record
TN:
SF:app\controller\courseUserController.js
FN:15,(anonymous_0)
FN:47,(anonymous_1)
FN:50,(anonymous_2)
FN:51,(anonymous_3)
FN:55,(anonymous_4)
FN:56,(anonymous_5)
FN:67,(anonymous_6)
FN:77,(anonymous_7)
FN:78,(anonymous_8)
FN:108,(anonymous_9)
FN:123,(anonymous_10)
FN:171,(anonymous_11)
FN:172,(anonymous_12)
FN:177,(anonymous_13)
FN:182,(anonymous_14)
FN:194,(anonymous_15)
FN:196,(anonymous_16)
FN:198,(anonymous_17)
FN:221,(anonymous_18)
FN:222,(anonymous_19)
FN:253,(anonymous_20)
FN:318,(anonymous_21)
FN:361,(anonymous_22)
FN:362,(anonymous_23)
FN:363,(anonymous_24)
FN:367,(anonymous_25)
FNF:26
FNH:22
FNDA:5,(anonymous_0)
FNDA:4,(anonymous_1)
FNDA:20,(anonymous_2)
FNDA:60,(anonymous_3)
FNDA:20,(anonymous_4)
FNDA:60,(anonymous_5)
FNDA:20,(anonymous_6)
FNDA:20,(anonymous_7)
FNDA:60,(anonymous_8)
FNDA:4,(anonymous_9)
FNDA:4,(anonymous_10)
FNDA:15,(anonymous_11)
FNDA:45,(anonymous_12)
FNDA:15,(anonymous_13)
FNDA:45,(anonymous_14)
FNDA:15,(anonymous_15)
FNDA:15,(anonymous_16)
FNDA:45,(anonymous_17)
FNDA:15,(anonymous_18)
FNDA:45,(anonymous_19)
FNDA:4,(anonymous_20)
FNDA:3,(anonymous_21)
FNDA:0,(anonymous_22)
FNDA:0,(anonymous_23)
FNDA:0,(anonymous_24)
FNDA:0,(anonymous_25)
DA:12,2
DA:13,2
DA:15,2
DA:16,5
DA:17,5
DA:18,5
DA:19,1
DA:20,1
DA:22,0
DA:24,4
DA:46,4
DA:48,4
DA:49,4
DA:50,4
DA:51,60
DA:52,20
DA:55,4
DA:56,20
DA:57,60
DA:58,60
DA:59,60
DA:60,60
DA:61,60
DA:63,20
DA:66,4
DA:67,20
DA:71,4
DA:77,4
DA:78,60
DA:79,20
DA:82,4
DA:86,4
DA:87,4
DA:89,4
DA:107,4
DA:108,4
DA:109,4
DA:110,4
DA:111,4
DA:114,4
DA:119,0
DA:123,2
DA:124,4
DA:125,4
DA:160,4
DA:161,1
DA:163,3
DA:165,3
DA:171,3
DA:172,45
DA:173,15
DA:176,3
DA:178,15
DA:182,15
DA:183,45
DA:184,45
DA:185,45
DA:186,45
DA:187,45
DA:189,15
DA:192,3
DA:194,15
DA:196,3
DA:197,15
DA:198,15
DA:199,45
DA:200,45
DA:201,45
DA:202,45
DA:203,3
DA:205,45
DA:206,39
DA:207,39
DA:209,45
DA:212,15
DA:218,3
DA:221,3
DA:222,45
DA:223,15
DA:226,3
DA:229,3
DA:230,3
DA:232,3
DA:249,0
DA:253,2
DA:254,4
DA:255,4
DA:256,4
DA:258,4
DA:262,4
DA:266,4
DA:270,4
DA:271,1
DA:274,3
DA:275,3
DA:277,3
DA:278,1
DA:281,2
DA:282,2
DA:289,0
DA:294,0
DA:303,0
DA:308,0
DA:314,0
DA:318,2
DA:319,3
DA:320,3
DA:321,3
DA:344,1
DA:345,1
DA:348,0
DA:350,0
DA:354,0
DA:355,0
DA:357,0
DA:358,0
DA:361,0
DA:362,0
DA:363,0
DA:364,0
DA:367,0
DA:369,0
DA:371,0
DA:372,0
DA:373,0
DA:376,0
DA:380,0
DA:384,0
DA:385,0
DA:392,0
DA:393,0
DA:400,0
DA:401,0
DA:410,0
DA:412,0
DA:413,0
DA:419,0
DA:422,0
DA:423,0
DA:431,0
DA:437,0
DA:442,2
DA:446,2
LF:143
LH:104
BRDA:18,0,0,1
BRDA:18,0,1,4
BRDA:19,1,0,1
BRDA:19,1,1,0
BRDA:59,2,0,0
BRDA:59,2,1,60
BRDA:160,3,0,1
BRDA:160,3,1,3
BRDA:202,4,0,3
BRDA:202,4,1,42
BRDA:205,5,0,39
BRDA:205,5,1,6
BRDA:270,6,0,1
BRDA:270,6,1,3
BRDA:277,7,0,1
BRDA:277,7,1,2
BRDA:277,8,0,3
BRDA:277,8,1,3
BRDA:281,9,0,2
BRDA:281,9,1,0
BRDA:344,10,0,1
BRDA:344,10,1,0
BRDA:357,11,0,0
BRDA:357,11,1,0
BRDA:357,12,0,0
BRDA:357,12,1,0
BRDA:371,13,0,0
BRDA:371,13,1,0
BRDA:373,14,0,0
BRDA:373,14,1,0
BRDA:384,15,0,0
BRDA:384,15,1,0
BRDA:392,16,0,0
BRDA:392,16,1,0
BRDA:400,17,0,0
BRDA:400,17,1,0
BRDA:412,18,0,0
BRDA:412,18,1,0
BRDA:422,19,0,0
BRDA:422,19,1,0
BRF:40
BRH:18
end_of_record
TN:
SF:app\controller\errorController.js
FN:1,(anonymous_0)
FNF:1
FNH:1
FNDA:21,(anonymous_0)
DA:1,2
DA:2,21
DA:3,21
DA:4,21
DA:5,21
DA:7,21
LF:6
LH:6
BRDA:3,0,0,21
BRDA:3,0,1,0
BRF:2
BRH:1
end_of_record
TN:
SF:app\controller\notificationController.js
FN:57,(anonymous_0)
FN:99,(anonymous_1)
FN:150,(anonymous_2)
FNF:3
FNH:0
FNDA:0,(anonymous_0)
FNDA:0,(anonymous_1)
FNDA:0,(anonymous_2)
DA:1,2
DA:8,2
DA:9,2
DA:10,2
DA:57,2
DA:58,0
DA:59,0
DA:89,0
DA:95,0
DA:99,2
DA:100,0
DA:101,0
DA:103,0
DA:141,0
DA:147,0
DA:150,2
DA:151,0
DA:152,0
DA:153,0
DA:155,0
DA:167,0
DA:168,0
DA:170,0
DA:182,0
DA:191,0
DA:202,2
LF:26
LH:8
BRDA:167,0,0,0
BRDA:167,0,1,0
BRF:2
BRH:0
end_of_record
TN:
SF:app\controller\transactionController.js
FN:9,(anonymous_0)
FN:114,(anonymous_1)
FN:157,(anonymous_2)
FN:191,(anonymous_3)
FN:204,(anonymous_4)
FN:246,(anonymous_5)
FNF:6
FNH:0
FNDA:0,(anonymous_0)
FNDA:0,(anonymous_1)
FNDA:0,(anonymous_2)
FNDA:0,(anonymous_3)
FNDA:0,(anonymous_4)
FNDA:0,(anonymous_5)
DA:1,2
DA:2,2
DA:3,2
DA:4,2
DA:5,2
DA:6,2
DA:7,2
DA:9,2
DA:10,0
DA:11,0
DA:13,0
DA:21,0
DA:29,0
DA:30,0
DA:33,0
DA:34,0
DA:42,0
DA:44,0
DA:45,0
DA:50,0
DA:51,0
DA:57,0
DA:58,0
DA:59,0
DA:60,0
DA:62,0
DA:68,0
DA:70,0
DA:90,0
DA:92,0
DA:103,0
DA:110,0
DA:114,2
DA:115,0
DA:123,0
DA:125,0
DA:127,0
DA:132,0
DA:133,0
DA:137,0
DA:140,0
DA:142,0
DA:149,0
DA:153,0
DA:157,2
DA:158,0
DA:159,0
DA:161,0
DA:163,0
DA:164,0
DA:167,0
DA:168,0
DA:171,0
DA:176,0
DA:177,0
DA:182,0
DA:187,0
DA:191,2
DA:192,0
DA:193,0
DA:200,0
DA:201,0
DA:204,0
DA:205,0
DA:237,0
DA:242,0
DA:246,2
DA:247,0
DA:248,0
DA:249,0
DA:253,0
DA:254,0
DA:262,0
DA:267,0
DA:271,2
LF:75
LH:13
BRDA:29,0,0,0
BRDA:29,0,1,0
BRDA:33,1,0,0
BRDA:33,1,1,0
BRDA:44,2,0,0
BRDA:44,2,1,0
BRDA:50,3,0,0
BRDA:50,3,1,0
BRDA:132,4,0,0
BRDA:132,4,1,0
BRDA:133,5,0,0
BRDA:133,5,1,0
BRDA:134,6,0,0
BRDA:134,6,1,0
BRDA:140,7,0,0
BRDA:140,7,1,0
BRDA:163,8,0,0
BRDA:163,8,1,0
BRDA:167,9,0,0
BRDA:167,9,1,0
BRDA:167,10,0,0
BRDA:167,10,1,0
BRDA:176,11,0,0
BRDA:176,11,1,0
BRDA:176,12,0,0
BRDA:176,12,1,0
BRDA:200,13,0,0
BRDA:200,13,1,0
BRDA:253,14,0,0
BRDA:253,14,1,0
BRF:30
BRH:0
end_of_record
TN:
SF:app\controller\userController.js
FN:9,(anonymous_0)
FN:21,(anonymous_1)
FN:42,(anonymous_2)
FN:85,(anonymous_3)
FN:117,(anonymous_4)
FNF:5
FNH:5
FNDA:1,(anonymous_0)
FNDA:2,(anonymous_1)
FNDA:2,(anonymous_2)
FNDA:2,(anonymous_3)
FNDA:3,(anonymous_4)
DA:2,2
DA:3,2
DA:5,2
DA:6,2
DA:7,2
DA:9,2
DA:10,1
DA:11,1
DA:12,1
DA:17,0
DA:21,2
DA:22,2
DA:23,2
DA:24,2
DA:28,2
DA:29,1
DA:32,1
DA:37,0
DA:42,2
DA:43,2
DA:44,2
DA:49,2
DA:50,2
DA:51,2
DA:54,2
DA:55,2
DA:56,1
DA:58,1
DA:59,0
DA:60,0
DA:61,0
DA:65,0
DA:68,1
DA:70,1
DA:76,0
DA:77,0
DA:78,0
DA:79,0
DA:81,0
DA:85,2
DA:86,2
DA:87,2
DA:93,2
DA:94,1
DA:97,1
DA:102,1
DA:108,1
DA:113,0
DA:117,2
DA:118,3
DA:119,3
DA:120,3
DA:122,3
DA:123,1
DA:130,2
DA:137,2
DA:139,2
DA:140,1
DA:146,1
DA:147,1
DA:150,1
DA:163,1
DA:170,0
DA:175,0
DA:180,1
DA:184,2
LF:66
LH:52
BRDA:28,0,0,1
BRDA:28,0,1,1
BRDA:55,1,0,1
BRDA:55,1,1,1
BRDA:58,2,0,0
BRDA:58,2,1,1
BRDA:76,3,0,0
BRDA:76,3,1,0
BRDA:93,4,0,1
BRDA:93,4,1,1
BRDA:122,5,0,1
BRDA:122,5,1,2
BRDA:139,6,0,1
BRDA:139,6,1,1
BRF:14
BRH:11
end_of_record
TN:
SF:app\libs\imagekit.js
FNF:0
FNH:0
DA:1,2
DA:2,2
DA:8,2
DA:10,2
DA:16,2
LF:5
LH:5
BRF:0
BRH:0
end_of_record
TN:
SF:app\middlewares\authMe.js
FN:5,(anonymous_0)
FNF:1
FNH:1
FNDA:31,(anonymous_0)
DA:1,2
DA:2,2
DA:3,2
DA:5,2
DA:6,31
DA:7,31
DA:9,31
DA:10,4
DA:13,27
DA:15,27
DA:16,27
DA:20,27
DA:21,27
DA:23,0
LF:14
LH:13
BRDA:9,0,0,4
BRDA:9,0,1,27
BRF:2
BRH:2
end_of_record
TN:
SF:app\middlewares\checkCategoryId.js
FN:4,(anonymous_0)
FNF:1
FNH:0
FNDA:0,(anonymous_0)
DA:1,2
DA:2,2
DA:4,2
DA:5,0
DA:6,0
DA:7,0
DA:8,0
DA:9,0
DA:11,0
DA:13,0
DA:17,2
LF:11
LH:4
BRDA:7,0,0,0
BRDA:7,0,1,0
BRF:2
BRH:0
end_of_record
TN:
SF:app\middlewares\checkCourseId.js
FN:4,(anonymous_0)
FNF:1
FNH:0
FNDA:0,(anonymous_0)
DA:1,2
DA:2,2
DA:4,2
DA:5,0
DA:6,0
DA:7,0
DA:8,0
DA:10,0
DA:12,0
DA:16,2
LF:10
LH:4
BRDA:7,0,0,0
BRDA:7,0,1,0
BRF:2
BRH:0
end_of_record
TN:
SF:app\middlewares\checkRole.js
FN:3,(anonymous_0)
FN:4,(anonymous_1)
FNF:2
FNH:2
FNDA:28,(anonymous_0)
FNDA:27,(anonymous_1)
DA:1,2
DA:3,2
DA:4,28
DA:5,27
DA:6,4
DA:13,23
DA:17,2
LF:7
LH:7
BRDA:5,0,0,4
BRDA:5,0,1,23
BRF:2
BRH:2
end_of_record
TN:
SF:app\middlewares\courseValidation.js
FN:4,(anonymous_0)
FNF:1
FNH:0
FNDA:0,(anonymous_0)
DA:1,2
DA:2,2
DA:4,2
DA:5,0
DA:7,0
DA:8,0
DA:9,0
DA:10,0
DA:13,0
DA:14,0
DA:17,0
DA:18,0
DA:21,0
DA:22,0
DA:25,0
DA:26,0
DA:29,0
DA:30,0
DA:33,0
DA:34,0
DA:37,0
DA:39,0
DA:40,0
DA:44,2
LF:24
LH:4
BRDA:9,0,0,0
BRDA:9,0,1,0
BRDA:13,1,0,0
BRDA:13,1,1,0
BRDA:17,2,0,0
BRDA:17,2,1,0
BRDA:18,3,0,0
BRDA:18,3,1,0
BRDA:21,4,0,0
BRDA:21,4,1,0
BRDA:21,5,0,0
BRDA:21,5,1,0
BRDA:25,6,0,0
BRDA:25,6,1,0
BRDA:25,7,0,0
BRDA:25,7,1,0
BRDA:29,8,0,0
BRDA:29,8,1,0
BRDA:29,9,0,0
BRDA:29,9,1,0
BRDA:33,10,0,0
BRDA:33,10,1,0
BRF:22
BRH:0
end_of_record
TN:
SF:app\middlewares\emailValidatorMiddleware.js
FN:3,(anonymous_0)
FN:13,(anonymous_1)
FNF:2
FNH:2
FNDA:1,(anonymous_0)
FNDA:1,(anonymous_1)
DA:1,2
DA:3,2
DA:4,1
DA:6,1
DA:7,0
DA:10,1
DA:13,2
DA:14,1
DA:15,1
DA:18,2
LF:10
LH:9
BRDA:6,0,0,0
BRDA:6,0,1,1
BRF:2
BRH:1
end_of_record
TN:
SF:app\middlewares\multer.js
FN:7,(anonymous_0)
FNF:1
FNH:0
FNDA:0,(anonymous_0)
DA:1,2
DA:2,2
DA:4,2
DA:5,2
DA:7,2
DA:8,0
DA:10,0
DA:11,0
DA:13,0
DA:16,2
LF:10
LH:6
BRDA:10,0,0,0
BRDA:10,0,1,0
BRF:2
BRH:0
end_of_record
TN:
SF:app\models\auth.js
FN:3,(anonymous_0)
FN:10,(anonymous_1)
FNF:2
FNH:2
FNDA:2,(anonymous_0)
FNDA:2,(anonymous_1)
DA:2,2
DA:3,2
DA:12,2
DA:19,2
DA:31,2
LF:5
LH:5
BRF:0
BRH:0
end_of_record
TN:
SF:app\models\category.js
FN:3,(anonymous_0)
FN:10,(anonymous_1)
FNF:2
FNH:2
FNDA:2,(anonymous_0)
FNDA:2,(anonymous_1)
DA:2,2
DA:3,2
DA:12,2
DA:20,2
DA:30,2
LF:5
LH:5
BRF:0
BRH:0
end_of_record
TN:
SF:app\models\chapter.js
FN:3,(anonymous_0)
FN:5,(anonymous_1)
FNF:2
FNH:2
FNDA:2,(anonymous_0)
FNDA:2,(anonymous_1)
DA:2,2
DA:3,2
DA:6,2
DA:9,2
DA:17,2
DA:27,2
LF:6
LH:6
BRF:0
BRH:0
end_of_record
TN:
SF:app\models\content.js
FN:3,(anonymous_0)
FN:10,(anonymous_1)
FNF:2
FNH:2
FNDA:2,(anonymous_0)
FNDA:2,(anonymous_1)
DA:2,2
DA:3,2
DA:12,2
DA:19,2
DA:32,2
LF:5
LH:5
BRF:0
BRH:0
end_of_record
TN:
SF:app\models\course.js
FN:3,(anonymous_0)
FN:5,(anonymous_1)
FNF:2
FNH:2
FNDA:2,(anonymous_0)
FNDA:2,(anonymous_1)
DA:2,2
DA:3,2
DA:6,2
DA:13,2
DA:20,2
DA:27,2
DA:33,2
DA:37,2
DA:45,2
DA:84,2
LF:10
LH:10
BRF:0
BRH:0
end_of_record
TN:
SF:app\models\courseuser.js
FN:3,(anonymous_0)
FN:5,(anonymous_1)
FNF:2
FNH:2
FNDA:2,(anonymous_0)
FNDA:2,(anonymous_1)
DA:2,2
DA:3,2
DA:6,2
DA:7,2
DA:11,2
DA:19,2
DA:38,2
LF:7
LH:7
BRF:0
BRH:0
end_of_record
TN:
SF:app\models\index.js
FN:27,(anonymous_0)
FN:33,(anonymous_1)
FN:41,(anonymous_2)
FNF:3
FNH:3
FNDA:24,(anonymous_0)
FNDA:22,(anonymous_1)
FNDA:22,(anonymous_2)
DA:3,2
DA:4,2
DA:5,2
DA:6,2
DA:8,2
DA:9,2
DA:10,2
DA:11,2
DA:14,2
DA:15,0
DA:17,2
DA:25,2
DA:28,24
DA:34,22
DA:38,22
DA:41,2
DA:42,22
DA:43,22
DA:47,2
DA:48,2
DA:50,2
LF:21
LH:20
BRDA:9,0,0,2
BRDA:9,0,1,0
BRDA:14,1,0,0
BRDA:14,1,1,2
BRDA:28,2,0,24
BRDA:28,2,1,24
BRDA:28,2,2,22
BRDA:28,2,3,22
BRDA:42,3,0,22
BRDA:42,3,1,0
BRF:10
BRH:7
end_of_record
TN:
SF:app\models\notification.js
FN:3,(anonymous_0)
FN:10,(anonymous_1)
FNF:2
FNH:2
FNDA:2,(anonymous_0)
FNDA:2,(anonymous_1)
DA:2,2
DA:3,2
DA:13,2
DA:16,2
DA:19,2
DA:22,2
DA:27,2
DA:44,2
LF:8
LH:8
BRF:0
BRH:0
end_of_record
TN:
SF:app\models\notificationread.js
FN:3,(anonymous_0)
FN:10,(anonymous_1)
FNF:2
FNH:2
FNDA:2,(anonymous_0)
FNDA:2,(anonymous_1)
DA:2,2
DA:3,2
DA:11,2
DA:14,2
DA:19,2
DA:30,2
LF:6
LH:6
BRF:0
BRH:0
end_of_record
TN:
SF:app\models\otp.js
FN:3,(anonymous_0)
FN:10,(anonymous_1)
FNF:2
FNH:2
FNDA:2,(anonymous_0)
FNDA:2,(anonymous_1)
DA:2,2
DA:3,2
DA:12,2
DA:19,2
DA:30,2
LF:5
LH:5
BRF:0
BRH:0
end_of_record
TN:
SF:app\models\transaction.js
FN:3,(anonymous_0)
FN:10,(anonymous_1)
FNF:2
FNH:2
FNDA:2,(anonymous_0)
FNDA:2,(anonymous_1)
DA:2,2
DA:3,2
DA:12,2
DA:18,2
DA:26,2
DA:47,2
LF:6
LH:6
BRF:0
BRH:0
end_of_record
TN:
SF:app\models\user.js
FN:3,(anonymous_0)
FN:5,(anonymous_1)
FNF:2
FNH:2
FNDA:2,(anonymous_0)
FNDA:2,(anonymous_1)
DA:2,2
DA:3,2
DA:6,2
DA:12,2
DA:18,2
DA:24,2
DA:28,2
DA:34,2
DA:40,2
DA:48,2
DA:69,2
LF:11
LH:11
BRF:0
BRH:0
end_of_record
TN:
SF:app\routes\authRouter.js
FNF:0
FNH:0
DA:1,2
DA:3,2
DA:4,2
DA:5,2
DA:6,2
DA:8,2
DA:10,2
DA:11,2
DA:12,2
DA:14,2
DA:15,2
DA:17,2
DA:18,2
DA:19,2
DA:21,2
LF:15
LH:15
BRF:0
BRH:0
end_of_record
TN:
SF:app\routes\categoryRouter.js
FNF:0
FNH:0
DA:1,2
DA:2,2
DA:3,2
DA:4,2
DA:5,2
DA:6,2
DA:8,2
DA:9,2
DA:16,2
DA:17,2
DA:25,2
DA:33,2
LF:12
LH:12
BRF:0
BRH:0
end_of_record
TN:
SF:app\routes\chapterRouter.js
FNF:0
FNH:0
DA:1,2
DA:2,2
DA:4,2
DA:6,2
DA:7,2
DA:8,2
DA:9,2
DA:10,2
DA:12,2
LF:9
LH:9
BRF:0
BRH:0
end_of_record
TN:
SF:app\routes\contentRouter.js
FNF:0
FNH:0
DA:1,2
DA:3,2
DA:4,2
DA:8,2
DA:9,2
DA:10,2
DA:11,2
DA:12,2
DA:32,2
LF:9
LH:9
BRF:0
BRH:0
end_of_record
TN:
SF:app\routes\courseRouter.js
FNF:0
FNH:0
DA:1,2
DA:2,2
DA:3,2
DA:4,2
DA:5,2
DA:6,2
DA:7,2
DA:9,2
DA:10,2
DA:18,2
DA:19,2
DA:28,2
DA:36,2
LF:13
LH:13
BRF:0
BRH:0
end_of_record
TN:
SF:app\routes\courseUserRouter.js
FNF:0
FNH:0
DA:1,2
DA:2,2
DA:3,2
DA:4,2
DA:6,2
DA:12,2
DA:18,2
DA:24,2
DA:31,2
LF:9
LH:9
BRF:0
BRH:0
end_of_record
TN:
SF:app\routes\index.js
FNF:0
FNH:0
DA:1,2
DA:2,2
DA:3,2
DA:5,2
DA:6,2
DA:8,2
DA:9,2
DA:10,2
DA:11,2
DA:12,2
DA:13,2
DA:14,2
DA:15,2
DA:16,2
DA:18,2
DA:19,2
DA:20,2
DA:21,2
DA:22,2
DA:23,2
DA:24,2
DA:25,2
DA:26,2
DA:28,2
LF:24
LH:24
BRF:0
BRH:0
end_of_record
TN:
SF:app\routes\notificationRouter.js
FNF:0
FNH:0
DA:1,2
DA:2,2
DA:3,2
DA:4,2
DA:6,2
DA:7,2
DA:8,2
DA:10,2
LF:8
LH:8
BRF:0
BRH:0
end_of_record
TN:
SF:app\routes\transactionRouter.js
FNF:0
FNH:0
DA:1,2
DA:3,2
DA:4,2
DA:5,2
DA:7,2
DA:8,2
DA:10,2
DA:11,2
DA:12,2
DA:14,2
LF:10
LH:10
BRF:0
BRH:0
end_of_record
TN:
SF:app\routes\userRouter.js
FNF:0
FNH:0
DA:1,2
DA:2,2
DA:3,2
DA:4,2
DA:5,2
DA:7,2
DA:8,2
DA:9,2
DA:16,2
DA:22,2
DA:29,2
LF:11
LH:11
BRF:0
BRH:0
end_of_record
TN:
SF:utils\apiError.js
FN:2,(anonymous_0)
FNF:1
FNH:1
FNDA:21,(anonymous_0)
DA:3,21
DA:5,21
DA:6,21
DA:8,21
DA:12,2
LF:5
LH:5
BRDA:6,0,0,18
BRDA:6,0,1,3
BRF:2
BRH:2
end_of_record
TN:
SF:utils\generatedOTP.js
FN:1,(anonymous_0)
FNF:1
FNH:1
FNDA:1,(anonymous_0)
DA:1,2
DA:2,1
DA:3,1
DA:5,0
DA:9,2
LF:5
LH:4
BRF:0
BRH:0
end_of_record
TN:
SF:utils\scheduleDeletion.js
FN:4,(anonymous_0)
FN:5,(anonymous_1)
FNF:2
FNH:1
FNDA:1,(anonymous_0)
FNDA:0,(anonymous_1)
DA:1,2
DA:2,2
DA:4,2
DA:5,1
DA:6,0
DA:7,0
DA:8,0
DA:10,0
DA:15,2
LF:9
LH:5
BRF:0
BRH:0
end_of_record
TN:
SF:utils\sendEmail.js
FN:22,(anonymous_0)
FNF:1
FNH:1
FNDA:1,(anonymous_0)
DA:1,2
DA:2,2
DA:3,2
DA:4,2
DA:5,2
DA:6,2
DA:7,2
DA:8,2
DA:10,2
DA:22,2
DA:23,1
DA:24,1
DA:25,1
DA:27,0
DA:31,2
LF:15
LH:14
BRF:0
BRH:0
end_of_record
