TN:
SF:app\index.js
FN:18,(anonymous_0)
FNF:1
FNH:0
FNDA:0,(anonymous_0)
DA:1,9
DA:2,9
DA:3,9
DA:5,9
DA:6,9
DA:7,9
DA:9,9
DA:11,9
DA:12,9
DA:13,9
DA:15,9
DA:16,9
DA:18,9
DA:19,0
DA:22,9
DA:24,9
LF:16
LH:15
BRF:0
BRH:0
end_of_record
TN:
SF:app\controller\OtpConroller.js
FN:12,(anonymous_0)
FN:80,(anonymous_1)
FNF:2
FNH:2
FNDA:3,(anonymous_0)
FNDA:5,(anonymous_1)
DA:1,9
DA:2,9
DA:3,9
DA:4,9
DA:6,9
DA:8,9
DA:9,9
DA:10,9
DA:12,9
DA:13,3
DA:14,3
DA:15,3
DA:17,3
DA:24,3
DA:25,1
DA:28,2
DA:29,2
DA:32,0
DA:43,0
DA:49,0
DA:59,0
DA:65,0
DA:76,0
DA:80,9
DA:81,5
DA:82,5
DA:84,5
DA:91,5
DA:92,1
DA:95,4
DA:101,4
DA:102,4
DA:103,4
DA:104,4
DA:107,4
DA:111,4
DA:112,4
DA:114,4
DA:121,4
DA:122,4
DA:124,4
DA:137,4
DA:139,4
DA:148,0
DA:152,9
LF:45
LH:38
BRDA:24,0,0,1
BRDA:24,0,1,2
BRDA:28,1,0,2
BRDA:28,1,1,0
BRDA:91,2,0,1
BRDA:91,2,1,4
BRF:6
BRH:5
end_of_record
TN:
SF:app\controller\authController.js
FN:14,(anonymous_0)
FN:98,(anonymous_1)
FN:156,(anonymous_2)
FN:199,(anonymous_3)
FN:224,(anonymous_4)
FNF:5
FNH:5
FNDA:4,(anonymous_0)
FNDA:41,(anonymous_1)
FNDA:40,(anonymous_2)
FNDA:1,(anonymous_3)
FNDA:2,(anonymous_4)
DA:1,9
DA:2,9
DA:5,9
DA:6,9
DA:8,9
DA:9,9
DA:11,9
DA:12,9
DA:14,9
DA:15,4
DA:18,4
DA:20,4
DA:26,4
DA:27,1
DA:30,3
DA:31,3
DA:32,1
DA:37,2
DA:38,2
DA:40,2
DA:46,2
DA:52,2
DA:53,2
DA:54,2
DA:55,2
DA:56,2
DA:60,2
DA:62,2
DA:68,2
DA:69,2
DA:71,2
DA:84,2
DA:86,2
DA:94,0
DA:98,9
DA:99,41
DA:100,41
DA:102,41
DA:109,41
DA:110,1
DA:113,40
DA:114,39
DA:123,39
DA:124,1
DA:127,38
DA:133,38
DA:138,38
DA:149,1
DA:152,0
DA:156,9
DA:157,40
DA:158,40
DA:160,40
DA:167,40
DA:168,1
DA:171,39
DA:172,1
DA:175,38
DA:176,37
DA:186,37
DA:192,1
DA:195,0
DA:199,9
DA:200,1
DA:206,1
DA:207,1
DA:220,0
DA:224,9
DA:225,2
DA:226,2
DA:227,2
DA:229,2
DA:236,2
DA:237,1
DA:241,1
DA:242,1
DA:244,1
DA:256,1
DA:262,1
DA:267,1
DA:272,0
DA:276,9
LF:82
LH:77
BRDA:26,0,0,1
BRDA:26,0,1,3
BRDA:31,1,0,1
BRDA:31,1,1,2
BRDA:109,2,0,1
BRDA:109,2,1,40
BRDA:113,3,0,39
BRDA:113,3,1,1
BRDA:113,4,0,40
BRDA:113,4,1,40
BRDA:123,5,0,1
BRDA:123,5,1,38
BRDA:167,6,0,1
BRDA:167,6,1,39
BRDA:171,7,0,1
BRDA:171,7,1,38
BRDA:175,8,0,37
BRDA:175,8,1,1
BRDA:175,9,0,38
BRDA:175,9,1,38
BRDA:236,10,0,1
BRDA:236,10,1,1
BRF:22
BRH:22
end_of_record
TN:
SF:app\controller\categoryController.js
FN:6,(anonymous_0)
FN:21,(anonymous_1)
FN:36,(anonymous_2)
FN:63,(anonymous_3)
FN:96,(anonymous_4)
FNF:5
FNH:5
FNDA:1,(anonymous_0)
FNDA:1,(anonymous_1)
FNDA:2,(anonymous_2)
FNDA:1,(anonymous_3)
FNDA:1,(anonymous_4)
DA:1,9
DA:2,9
DA:3,9
DA:4,9
DA:6,9
DA:7,1
DA:8,1
DA:12,1
DA:17,0
DA:21,9
DA:22,1
DA:23,1
DA:27,1
DA:32,0
DA:36,9
DA:37,2
DA:38,2
DA:41,2
DA:42,2
DA:43,0
DA:44,0
DA:45,0
DA:49,0
DA:52,2
DA:54,2
DA:59,0
DA:63,9
DA:64,1
DA:65,1
DA:66,1
DA:67,1
DA:70,1
DA:71,1
DA:72,0
DA:73,0
DA:74,0
DA:78,0
DA:81,1
DA:86,1
DA:92,0
DA:96,9
DA:97,1
DA:98,1
DA:99,1
DA:100,1
DA:102,1
DA:107,0
DA:111,9
LF:48
LH:35
BRDA:42,0,0,0
BRDA:42,0,1,2
BRDA:71,1,0,0
BRDA:71,1,1,1
BRF:4
BRH:2
end_of_record
TN:
SF:app\controller\chapterController.js
FN:6,(anonymous_0)
FN:31,(anonymous_1)
FN:49,(anonymous_2)
FN:71,(anonymous_3)
FN:107,(anonymous_4)
FNF:5
FNH:5
FNDA:4,(anonymous_0)
FNDA:1,(anonymous_1)
FNDA:1,(anonymous_2)
FNDA:1,(anonymous_3)
FNDA:1,(anonymous_4)
DA:2,9
DA:3,9
DA:4,9
DA:6,9
DA:7,4
DA:8,4
DA:9,4
DA:11,4
DA:13,3
DA:15,2
DA:20,2
DA:27,0
DA:31,9
DA:32,1
DA:33,1
DA:37,1
DA:45,0
DA:49,9
DA:50,1
DA:51,1
DA:58,1
DA:60,1
DA:67,0
DA:71,9
DA:72,1
DA:73,1
DA:75,1
DA:81,1
DA:83,1
DA:85,1
DA:97,1
DA:103,0
DA:107,9
DA:108,1
DA:109,1
DA:115,1
DA:117,1
DA:121,1
DA:126,0
DA:130,9
LF:40
LH:35
BRDA:11,0,0,1
BRDA:11,0,1,3
BRDA:13,1,0,1
BRDA:13,1,1,2
BRDA:58,2,0,0
BRDA:58,2,1,1
BRDA:81,3,0,0
BRDA:81,3,1,1
BRDA:83,4,0,0
BRDA:83,4,1,1
BRDA:115,5,0,0
BRDA:115,5,1,1
BRF:12
BRH:8
end_of_record
TN:
SF:app\controller\contentController.js
FN:6,(anonymous_0)
FN:26,(anonymous_1)
FN:52,(anonymous_2)
FN:276,(anonymous_3)
FN:324,(anonymous_4)
FNF:5
FNH:5
FNDA:2,(anonymous_0)
FNDA:2,(anonymous_1)
FNDA:1,(anonymous_2)
FNDA:2,(anonymous_3)
FNDA:2,(anonymous_4)
DA:1,9
DA:2,9
DA:6,9
DA:7,2
DA:8,2
DA:12,2
DA:13,1
DA:16,1
DA:22,0
DA:26,9
DA:27,2
DA:28,2
DA:29,2
DA:36,2
DA:37,1
DA:42,1
DA:48,0
DA:52,9
DA:53,1
DA:54,1
DA:55,1
DA:57,1
DA:66,1
DA:72,0
DA:276,9
DA:277,2
DA:278,2
DA:279,2
DA:287,2
DA:296,2
DA:297,1
DA:300,1
DA:315,1
DA:320,0
DA:324,9
DA:325,2
DA:326,2
DA:327,2
DA:333,2
DA:334,1
DA:337,1
DA:344,1
DA:350,0
DA:353,9
LF:44
LH:39
BRDA:12,0,0,1
BRDA:12,0,1,1
BRDA:36,1,0,1
BRDA:36,1,1,1
BRDA:296,2,0,1
BRDA:296,2,1,1
BRDA:333,3,0,1
BRDA:333,3,1,1
BRF:8
BRH:8
end_of_record
TN:
SF:app\controller\courseController.js
FN:16,(anonymous_0)
FN:102,(anonymous_1)
FN:104,(anonymous_2)
FN:105,(anonymous_3)
FN:109,(anonymous_4)
FN:110,(anonymous_5)
FN:120,(anonymous_6)
FN:144,(anonymous_7)
FN:159,(anonymous_8)
FN:196,(anonymous_9)
FN:197,(anonymous_10)
FN:202,(anonymous_11)
FN:207,(anonymous_12)
FN:219,(anonymous_13)
FN:221,(anonymous_14)
FN:223,(anonymous_15)
FN:272,(anonymous_16)
FN:318,(anonymous_17)
FN:365,(anonymous_18)
FN:382,(anonymous_19)
FNF:20
FNH:19
FNDA:16,(anonymous_0)
FNDA:109,(anonymous_1)
FNDA:273,(anonymous_2)
FNDA:858,(anonymous_3)
FNDA:273,(anonymous_4)
FNDA:858,(anonymous_5)
FNDA:273,(anonymous_6)
FNDA:109,(anonymous_7)
FNDA:1,(anonymous_8)
FNDA:4,(anonymous_9)
FNDA:15,(anonymous_10)
FNDA:4,(anonymous_11)
FNDA:15,(anonymous_12)
FNDA:4,(anonymous_13)
FNDA:4,(anonymous_14)
FNDA:15,(anonymous_15)
FNDA:3,(anonymous_16)
FNDA:2,(anonymous_17)
FNDA:1,(anonymous_18)
FNDA:0,(anonymous_19)
DA:2,9
DA:3,9
DA:12,9
DA:13,9
DA:14,9
DA:16,9
DA:17,16
DA:25,16
DA:27,16
DA:28,16
DA:30,16
DA:31,1
DA:34,16
DA:35,2
DA:38,16
DA:39,2
DA:40,2
DA:41,1
DA:43,1
DA:46,15
DA:47,1
DA:48,1
DA:49,0
DA:51,1
DA:54,15
DA:55,0
DA:58,15
DA:59,0
DA:62,15
DA:63,2
DA:64,1
DA:66,1
DA:69,14
DA:97,13
DA:98,0
DA:101,13
DA:103,109
DA:104,109
DA:105,858
DA:106,273
DA:109,109
DA:110,273
DA:111,858
DA:112,858
DA:113,858
DA:114,858
DA:115,858
DA:117,273
DA:120,273
DA:122,109
DA:128,109
DA:129,109
DA:131,109
DA:143,13
DA:144,13
DA:145,109
DA:146,109
DA:147,109
DA:150,13
DA:155,1
DA:159,9
DA:160,1
DA:161,1
DA:165,1
DA:188,1
DA:190,1
DA:196,1
DA:197,15
DA:198,4
DA:201,1
DA:203,4
DA:207,4
DA:208,15
DA:209,15
DA:210,15
DA:211,15
DA:212,15
DA:214,4
DA:217,1
DA:219,4
DA:221,1
DA:222,4
DA:223,4
DA:224,15
DA:225,15
DA:226,15
DA:227,15
DA:228,0
DA:230,15
DA:234,14
DA:235,14
DA:239,15
DA:242,4
DA:249,1
DA:251,1
DA:252,0
DA:255,1
DA:268,0
DA:272,9
DA:273,3
DA:276,3
DA:277,3
DA:278,0
DA:280,0
DA:281,0
DA:284,0
DA:285,0
DA:286,0
DA:290,0
DA:293,3
DA:295,3
DA:296,0
DA:299,3
DA:305,2
DA:310,1
DA:311,1
DA:312,1
DA:314,0
DA:318,9
DA:319,2
DA:320,2
DA:321,2
DA:324,2
DA:325,2
DA:326,0
DA:328,0
DA:329,0
DA:332,0
DA:333,0
DA:334,0
DA:338,0
DA:341,2
DA:343,2
DA:344,0
DA:347,2
DA:351,2
DA:357,0
DA:358,0
DA:359,0
DA:361,0
DA:365,9
DA:366,1
DA:367,1
DA:368,1
DA:369,1
DA:381,1
DA:383,0
DA:386,1
DA:387,1
DA:388,1
DA:390,1
DA:395,0
DA:399,9
LF:153
LH:123
BRDA:30,0,0,1
BRDA:30,0,1,15
BRDA:34,1,0,2
BRDA:34,1,1,14
BRDA:38,2,0,2
BRDA:38,2,1,14
BRDA:40,3,0,1
BRDA:40,3,1,1
BRDA:46,4,0,1
BRDA:46,4,1,14
BRDA:48,5,0,0
BRDA:48,5,1,1
BRDA:54,6,0,0
BRDA:54,6,1,15
BRDA:54,7,0,15
BRDA:54,7,1,2
BRDA:58,8,0,0
BRDA:58,8,1,15
BRDA:58,9,0,15
BRDA:58,9,1,13
BRDA:62,10,0,2
BRDA:62,10,1,13
BRDA:62,11,0,15
BRDA:62,11,1,2
BRDA:63,12,0,1
BRDA:63,12,1,1
BRDA:97,13,0,0
BRDA:97,13,1,13
BRDA:113,14,0,611
BRDA:113,14,1,247
BRDA:227,15,0,0
BRDA:227,15,1,15
BRDA:227,16,0,15
BRDA:227,16,1,0
BRDA:230,17,0,14
BRDA:230,17,1,1
BRDA:231,18,0,15
BRDA:231,18,1,15
BRDA:231,18,2,1
BRDA:231,18,3,0
BRDA:235,19,0,14
BRDA:235,19,1,0
BRDA:251,20,0,0
BRDA:251,20,1,1
BRDA:277,21,0,0
BRDA:277,21,1,3
BRDA:280,22,0,0
BRDA:280,22,1,0
BRDA:295,23,0,0
BRDA:295,23,1,3
BRDA:310,24,0,1
BRDA:310,24,1,0
BRDA:325,25,0,0
BRDA:325,25,1,2
BRDA:328,26,0,0
BRDA:328,26,1,0
BRDA:343,27,0,0
BRDA:343,27,1,2
BRDA:357,28,0,0
BRDA:357,28,1,0
BRF:60
BRH:40
end_of_record
TN:
SF:app\controller\courseUserController.js
FN:15,(anonymous_0)
FN:47,(anonymous_1)
FN:50,(anonymous_2)
FN:51,(anonymous_3)
FN:55,(anonymous_4)
FN:56,(anonymous_5)
FN:67,(anonymous_6)
FN:77,(anonymous_7)
FN:78,(anonymous_8)
FN:108,(anonymous_9)
FN:123,(anonymous_10)
FN:171,(anonymous_11)
FN:172,(anonymous_12)
FN:177,(anonymous_13)
FN:182,(anonymous_14)
FN:194,(anonymous_15)
FN:196,(anonymous_16)
FN:198,(anonymous_17)
FN:221,(anonymous_18)
FN:222,(anonymous_19)
FN:253,(anonymous_20)
FN:318,(anonymous_21)
FN:361,(anonymous_22)
FN:362,(anonymous_23)
FN:363,(anonymous_24)
FN:367,(anonymous_25)
FNF:26
FNH:26
FNDA:5,(anonymous_0)
FNDA:3,(anonymous_1)
FNDA:9,(anonymous_2)
FNDA:27,(anonymous_3)
FNDA:9,(anonymous_4)
FNDA:27,(anonymous_5)
FNDA:9,(anonymous_6)
FNDA:9,(anonymous_7)
FNDA:27,(anonymous_8)
FNDA:3,(anonymous_9)
FNDA:4,(anonymous_10)
FNDA:9,(anonymous_11)
FNDA:27,(anonymous_12)
FNDA:9,(anonymous_13)
FNDA:27,(anonymous_14)
FNDA:9,(anonymous_15)
FNDA:9,(anonymous_16)
FNDA:27,(anonymous_17)
FNDA:9,(anonymous_18)
FNDA:27,(anonymous_19)
FNDA:4,(anonymous_20)
FNDA:3,(anonymous_21)
FNDA:2,(anonymous_22)
FNDA:6,(anonymous_23)
FNDA:18,(anonymous_24)
FNDA:6,(anonymous_25)
DA:12,9
DA:13,9
DA:15,9
DA:16,5
DA:17,5
DA:18,5
DA:19,1
DA:20,1
DA:22,0
DA:24,4
DA:46,4
DA:48,3
DA:49,3
DA:50,3
DA:51,27
DA:52,9
DA:55,3
DA:56,9
DA:57,27
DA:58,27
DA:59,27
DA:60,27
DA:61,27
DA:63,9
DA:66,3
DA:67,9
DA:71,3
DA:77,3
DA:78,27
DA:79,9
DA:82,3
DA:86,3
DA:87,3
DA:89,3
DA:107,4
DA:108,4
DA:109,3
DA:110,3
DA:111,3
DA:114,4
DA:119,0
DA:123,9
DA:124,4
DA:125,4
DA:160,4
DA:161,1
DA:163,3
DA:165,3
DA:171,3
DA:172,27
DA:173,9
DA:176,3
DA:178,9
DA:182,9
DA:183,27
DA:184,27
DA:185,27
DA:186,27
DA:187,27
DA:189,9
DA:192,3
DA:194,9
DA:196,3
DA:197,9
DA:198,9
DA:199,27
DA:200,27
DA:201,27
DA:202,27
DA:203,1
DA:205,27
DA:206,23
DA:207,23
DA:209,27
DA:212,9
DA:218,3
DA:221,3
DA:222,27
DA:223,9
DA:226,3
DA:229,3
DA:230,3
DA:232,3
DA:249,0
DA:253,9
DA:254,4
DA:255,4
DA:256,4
DA:258,4
DA:262,4
DA:266,4
DA:270,4
DA:271,1
DA:274,3
DA:275,3
DA:277,3
DA:278,1
DA:281,2
DA:282,1
DA:289,1
DA:294,1
DA:303,1
DA:308,1
DA:314,0
DA:318,9
DA:319,3
DA:320,3
DA:321,3
DA:344,3
DA:345,1
DA:348,2
DA:350,2
DA:354,2
DA:355,2
DA:357,2
DA:358,0
DA:361,2
DA:362,2
DA:363,18
DA:364,6
DA:367,6
DA:369,2
DA:371,2
DA:372,1
DA:373,1
DA:376,1
DA:380,1
DA:384,1
DA:385,1
DA:392,0
DA:393,0
DA:400,0
DA:401,0
DA:410,2
DA:412,2
DA:413,1
DA:419,1
DA:422,1
DA:423,0
DA:431,0
DA:437,1
DA:442,0
DA:446,9
LF:143
LH:131
BRDA:18,0,0,1
BRDA:18,0,1,4
BRDA:19,1,0,1
BRDA:19,1,1,0
BRDA:59,2,0,15
BRDA:59,2,1,12
BRDA:160,3,0,1
BRDA:160,3,1,3
BRDA:202,4,0,1
BRDA:202,4,1,26
BRDA:205,5,0,23
BRDA:205,5,1,4
BRDA:270,6,0,1
BRDA:270,6,1,3
BRDA:277,7,0,1
BRDA:277,7,1,2
BRDA:277,8,0,3
BRDA:277,8,1,3
BRDA:281,9,0,1
BRDA:281,9,1,1
BRDA:344,10,0,1
BRDA:344,10,1,2
BRDA:357,11,0,0
BRDA:357,11,1,2
BRDA:357,12,0,2
BRDA:357,12,1,2
BRDA:371,13,0,1
BRDA:371,13,1,1
BRDA:373,14,0,0
BRDA:373,14,1,1
BRDA:384,15,0,1
BRDA:384,15,1,0
BRDA:392,16,0,0
BRDA:392,16,1,0
BRDA:400,17,0,0
BRDA:400,17,1,0
BRDA:412,18,0,1
BRDA:412,18,1,1
BRDA:422,19,0,0
BRDA:422,19,1,1
BRF:40
BRH:31
end_of_record
TN:
SF:app\controller\errorController.js
FN:1,(anonymous_0)
FNF:1
FNH:1
FNDA:61,(anonymous_0)
DA:1,9
DA:2,61
DA:3,61
DA:4,61
DA:5,61
DA:7,61
LF:6
LH:6
BRDA:3,0,0,61
BRDA:3,0,1,0
BRF:2
BRH:1
end_of_record
TN:
SF:app\controller\notificationController.js
FN:57,(anonymous_0)
FN:99,(anonymous_1)
FN:150,(anonymous_2)
FNF:3
FNH:3
FNDA:1,(anonymous_0)
FNDA:1,(anonymous_1)
FNDA:2,(anonymous_2)
DA:1,9
DA:2,9
DA:9,9
DA:10,9
DA:57,9
DA:58,1
DA:59,1
DA:89,1
DA:95,0
DA:99,9
DA:100,1
DA:101,1
DA:103,1
DA:141,1
DA:147,0
DA:150,9
DA:151,2
DA:152,2
DA:153,2
DA:155,2
DA:167,2
DA:169,1
DA:181,1
DA:190,0
DA:200,9
LF:25
LH:22
BRDA:167,0,0,1
BRDA:167,0,1,1
BRF:2
BRH:2
end_of_record
TN:
SF:app\controller\transactionController.js
FN:12,(anonymous_0)
FN:117,(anonymous_1)
FN:160,(anonymous_2)
FN:194,(anonymous_3)
FN:207,(anonymous_4)
FN:247,(anonymous_5)
FNF:6
FNH:6
FNDA:4,(anonymous_0)
FNDA:1,(anonymous_1)
FNDA:2,(anonymous_2)
FNDA:2,(anonymous_3)
FNDA:1,(anonymous_4)
FNDA:2,(anonymous_5)
DA:1,9
DA:2,9
DA:3,9
DA:6,9
DA:7,9
DA:8,9
DA:10,9
DA:12,9
DA:13,4
DA:14,4
DA:16,4
DA:24,4
DA:32,4
DA:33,1
DA:36,3
DA:37,1
DA:45,2
DA:47,2
DA:48,1
DA:53,1
DA:54,0
DA:60,1
DA:61,1
DA:62,1
DA:63,1
DA:65,1
DA:71,1
DA:73,1
DA:93,1
DA:95,1
DA:106,1
DA:113,0
DA:117,9
DA:118,1
DA:126,1
DA:128,1
DA:130,1
DA:135,1
DA:136,0
DA:140,0
DA:143,0
DA:145,0
DA:152,1
DA:156,0
DA:160,9
DA:161,2
DA:162,2
DA:164,2
DA:166,2
DA:167,0
DA:170,2
DA:171,0
DA:174,2
DA:179,2
DA:180,1
DA:185,1
DA:190,0
DA:194,9
DA:195,2
DA:196,2
DA:203,2
DA:204,1
DA:207,1
DA:238,1
DA:243,0
DA:247,9
DA:248,2
DA:249,2
DA:250,2
DA:254,2
DA:255,1
DA:263,1
DA:268,0
DA:272,9
LF:74
LH:62
BRDA:32,0,0,1
BRDA:32,0,1,3
BRDA:36,1,0,1
BRDA:36,1,1,2
BRDA:47,2,0,1
BRDA:47,2,1,1
BRDA:53,3,0,0
BRDA:53,3,1,1
BRDA:135,4,0,0
BRDA:135,4,1,1
BRDA:136,5,0,0
BRDA:136,5,1,0
BRDA:137,6,0,0
BRDA:137,6,1,0
BRDA:143,7,0,0
BRDA:143,7,1,0
BRDA:166,8,0,0
BRDA:166,8,1,2
BRDA:170,9,0,0
BRDA:170,9,1,2
BRDA:170,10,0,2
BRDA:170,10,1,0
BRDA:179,11,0,1
BRDA:179,11,1,1
BRDA:179,12,0,2
BRDA:179,12,1,2
BRDA:203,13,0,1
BRDA:203,13,1,1
BRDA:254,14,0,1
BRDA:254,14,1,1
BRF:30
BRH:19
end_of_record
TN:
SF:app\controller\userController.js
FN:11,(anonymous_0)
FN:23,(anonymous_1)
FN:44,(anonymous_2)
FN:87,(anonymous_3)
FN:119,(anonymous_4)
FNF:5
FNH:5
FNDA:1,(anonymous_0)
FNDA:2,(anonymous_1)
FNDA:2,(anonymous_2)
FNDA:2,(anonymous_3)
FNDA:3,(anonymous_4)
DA:2,9
DA:3,9
DA:7,9
DA:8,9
DA:9,9
DA:11,9
DA:12,1
DA:13,1
DA:14,1
DA:19,0
DA:23,9
DA:24,2
DA:25,2
DA:26,2
DA:30,2
DA:31,1
DA:34,1
DA:39,0
DA:44,9
DA:45,2
DA:46,2
DA:51,2
DA:52,2
DA:53,2
DA:56,2
DA:57,2
DA:58,1
DA:60,1
DA:61,0
DA:62,0
DA:63,0
DA:67,0
DA:70,1
DA:72,1
DA:78,0
DA:79,0
DA:80,0
DA:81,0
DA:83,0
DA:87,9
DA:88,2
DA:89,2
DA:95,2
DA:96,1
DA:99,1
DA:104,1
DA:110,1
DA:115,0
DA:119,9
DA:120,3
DA:121,3
DA:122,3
DA:124,3
DA:125,1
DA:132,2
DA:139,2
DA:140,2
DA:142,2
DA:143,1
DA:149,1
DA:150,1
DA:153,1
DA:166,1
DA:173,1
DA:178,1
DA:183,0
DA:187,9
LF:67
LH:54
BRDA:30,0,0,1
BRDA:30,0,1,1
BRDA:57,1,0,1
BRDA:57,1,1,1
BRDA:60,2,0,0
BRDA:60,2,1,1
BRDA:78,3,0,0
BRDA:78,3,1,0
BRDA:95,4,0,1
BRDA:95,4,1,1
BRDA:124,5,0,1
BRDA:124,5,1,2
BRDA:142,6,0,1
BRDA:142,6,1,1
BRF:14
BRH:11
end_of_record
TN:
SF:app\controller\welcomController.js
FN:1,(anonymous_0)
FNF:1
FNH:0
FNDA:0,(anonymous_0)
DA:1,9
DA:2,0
DA:57,9
LF:3
LH:2
BRF:0
BRH:0
end_of_record
TN:
SF:app\libs\imagekit.js
FNF:0
FNH:0
DA:1,9
DA:2,9
DA:8,9
DA:10,9
DA:16,9
LF:5
LH:5
BRF:0
BRH:0
end_of_record
TN:
SF:app\middlewares\authMe.js
FN:5,(anonymous_0)
FNF:1
FNH:1
FNDA:84,(anonymous_0)
DA:1,9
DA:2,9
DA:3,9
DA:5,9
DA:6,84
DA:7,84
DA:9,84
DA:10,8
DA:13,76
DA:15,76
DA:16,76
DA:20,76
DA:21,76
DA:23,0
LF:14
LH:13
BRDA:9,0,0,8
BRDA:9,0,1,76
BRF:2
BRH:2
end_of_record
TN:
SF:app\middlewares\checkCategoryId.js
FN:4,(anonymous_0)
FNF:1
FNH:1
FNDA:4,(anonymous_0)
DA:1,9
DA:2,9
DA:4,9
DA:5,4
DA:6,4
DA:7,4
DA:8,1
DA:9,1
DA:11,3
DA:13,0
DA:17,9
LF:11
LH:10
BRDA:7,0,0,1
BRDA:7,0,1,3
BRF:2
BRH:2
end_of_record
TN:
SF:app\middlewares\checkCourseId.js
FN:4,(anonymous_0)
FNF:1
FNH:1
FNDA:7,(anonymous_0)
DA:1,9
DA:2,9
DA:4,9
DA:5,7
DA:6,7
DA:7,7
DA:8,2
DA:10,5
DA:12,0
DA:16,9
LF:10
LH:9
BRDA:7,0,0,2
BRDA:7,0,1,5
BRF:2
BRH:2
end_of_record
TN:
SF:app\middlewares\checkRole.js
FN:3,(anonymous_0)
FN:3,(anonymous_1)
FNF:2
FNH:2
FNDA:126,(anonymous_0)
FNDA:45,(anonymous_1)
DA:1,9
DA:3,126
DA:4,45
DA:5,7
DA:12,38
DA:15,9
LF:6
LH:6
BRDA:4,0,0,7
BRDA:4,0,1,38
BRF:2
BRH:2
end_of_record
TN:
SF:app\middlewares\courseValidation.js
FN:4,(anonymous_0)
FNF:1
FNH:1
FNDA:7,(anonymous_0)
DA:1,9
DA:2,9
DA:4,9
DA:5,7
DA:7,7
DA:8,7
DA:9,7
DA:10,0
DA:13,7
DA:14,0
DA:17,7
DA:18,2
DA:21,7
DA:22,2
DA:25,5
DA:26,0
DA:29,5
DA:30,0
DA:33,5
DA:34,0
DA:37,5
DA:39,0
DA:40,0
DA:44,9
LF:24
LH:17
BRDA:9,0,0,0
BRDA:9,0,1,7
BRDA:13,1,0,0
BRDA:13,1,1,7
BRDA:17,2,0,2
BRDA:17,2,1,5
BRDA:18,3,0,2
BRDA:18,3,1,0
BRDA:21,4,0,2
BRDA:21,4,1,5
BRDA:21,5,0,7
BRDA:21,5,1,2
BRDA:25,6,0,0
BRDA:25,6,1,5
BRDA:25,7,0,5
BRDA:25,7,1,5
BRDA:29,8,0,0
BRDA:29,8,1,5
BRDA:29,9,0,5
BRDA:29,9,1,0
BRDA:33,10,0,0
BRDA:33,10,1,5
BRF:22
BRH:15
end_of_record
TN:
SF:app\middlewares\emailValidatorMiddleware.js
FN:3,(anonymous_0)
FN:8,(anonymous_1)
FNF:2
FNH:2
FNDA:5,(anonymous_0)
FNDA:5,(anonymous_1)
DA:1,9
DA:3,9
DA:4,5
DA:5,5
DA:8,9
DA:9,5
DA:11,5
DA:12,1
DA:15,4
DA:18,9
LF:10
LH:10
BRDA:11,0,0,1
BRDA:11,0,1,4
BRF:2
BRH:2
end_of_record
TN:
SF:app\middlewares\multer.js
FN:7,(anonymous_0)
FNF:1
FNH:0
FNDA:0,(anonymous_0)
DA:1,9
DA:2,9
DA:4,9
DA:5,9
DA:7,9
DA:8,0
DA:10,0
DA:11,0
DA:13,0
DA:16,9
LF:10
LH:6
BRDA:10,0,0,0
BRDA:10,0,1,0
BRF:2
BRH:0
end_of_record
TN:
SF:app\models\auth.js
FN:3,(anonymous_0)
FN:10,(anonymous_1)
FNF:2
FNH:2
FNDA:9,(anonymous_0)
FNDA:9,(anonymous_1)
DA:2,9
DA:3,9
DA:12,9
DA:19,9
DA:31,9
LF:5
LH:5
BRF:0
BRH:0
end_of_record
TN:
SF:app\models\category.js
FN:3,(anonymous_0)
FN:10,(anonymous_1)
FNF:2
FNH:2
FNDA:9,(anonymous_0)
FNDA:9,(anonymous_1)
DA:2,9
DA:3,9
DA:12,9
DA:20,9
DA:30,9
LF:5
LH:5
BRF:0
BRH:0
end_of_record
TN:
SF:app\models\chapter.js
FN:3,(anonymous_0)
FN:5,(anonymous_1)
FNF:2
FNH:2
FNDA:9,(anonymous_0)
FNDA:9,(anonymous_1)
DA:2,9
DA:3,9
DA:6,9
DA:9,9
DA:17,9
DA:27,9
LF:6
LH:6
BRF:0
BRH:0
end_of_record
TN:
SF:app\models\content.js
FN:3,(anonymous_0)
FN:10,(anonymous_1)
FNF:2
FNH:2
FNDA:9,(anonymous_0)
FNDA:9,(anonymous_1)
DA:2,9
DA:3,9
DA:12,9
DA:19,9
DA:32,9
LF:5
LH:5
BRF:0
BRH:0
end_of_record
TN:
SF:app\models\course.js
FN:3,(anonymous_0)
FN:5,(anonymous_1)
FNF:2
FNH:2
FNDA:9,(anonymous_0)
FNDA:9,(anonymous_1)
DA:2,9
DA:3,9
DA:6,9
DA:13,9
DA:20,9
DA:27,9
DA:33,9
DA:37,9
DA:45,9
DA:84,9
LF:10
LH:10
BRF:0
BRH:0
end_of_record
TN:
SF:app\models\courseuser.js
FN:3,(anonymous_0)
FN:5,(anonymous_1)
FNF:2
FNH:2
FNDA:9,(anonymous_0)
FNDA:9,(anonymous_1)
DA:2,9
DA:3,9
DA:6,9
DA:7,9
DA:11,9
DA:19,9
DA:38,9
LF:7
LH:7
BRF:0
BRH:0
end_of_record
TN:
SF:app\models\index.js
FN:27,(anonymous_0)
FN:33,(anonymous_1)
FN:41,(anonymous_2)
FNF:3
FNH:3
FNDA:108,(anonymous_0)
FNDA:99,(anonymous_1)
FNDA:99,(anonymous_2)
DA:3,9
DA:4,9
DA:5,9
DA:6,9
DA:8,9
DA:9,9
DA:10,9
DA:11,9
DA:14,9
DA:15,0
DA:17,9
DA:25,9
DA:28,108
DA:34,99
DA:38,99
DA:41,9
DA:42,99
DA:43,99
DA:47,9
DA:48,9
DA:50,9
LF:21
LH:20
BRDA:9,0,0,9
BRDA:9,0,1,0
BRDA:14,1,0,0
BRDA:14,1,1,9
BRDA:28,2,0,108
BRDA:28,2,1,108
BRDA:28,2,2,99
BRDA:28,2,3,99
BRDA:42,3,0,99
BRDA:42,3,1,0
BRF:10
BRH:7
end_of_record
TN:
SF:app\models\notification.js
FN:3,(anonymous_0)
FN:10,(anonymous_1)
FNF:2
FNH:2
FNDA:9,(anonymous_0)
FNDA:9,(anonymous_1)
DA:2,9
DA:3,9
DA:13,9
DA:16,9
DA:19,9
DA:22,9
DA:27,9
DA:44,9
LF:8
LH:8
BRF:0
BRH:0
end_of_record
TN:
SF:app\models\notificationread.js
FN:3,(anonymous_0)
FN:10,(anonymous_1)
FNF:2
FNH:2
FNDA:9,(anonymous_0)
FNDA:9,(anonymous_1)
DA:2,9
DA:3,9
DA:11,9
DA:14,9
DA:19,9
DA:30,9
LF:6
LH:6
BRF:0
BRH:0
end_of_record
TN:
SF:app\models\otp.js
FN:3,(anonymous_0)
FN:10,(anonymous_1)
FNF:2
FNH:2
FNDA:9,(anonymous_0)
FNDA:9,(anonymous_1)
DA:2,9
DA:3,9
DA:12,9
DA:19,9
DA:30,9
LF:5
LH:5
BRF:0
BRH:0
end_of_record
TN:
SF:app\models\transaction.js
FN:3,(anonymous_0)
FN:10,(anonymous_1)
FNF:2
FNH:2
FNDA:9,(anonymous_0)
FNDA:9,(anonymous_1)
DA:2,9
DA:3,9
DA:12,9
DA:18,9
DA:26,9
DA:47,9
LF:6
LH:6
BRF:0
BRH:0
end_of_record
TN:
SF:app\models\user.js
FN:3,(anonymous_0)
FN:5,(anonymous_1)
FNF:2
FNH:2
FNDA:9,(anonymous_0)
FNDA:9,(anonymous_1)
DA:2,9
DA:3,9
DA:6,9
DA:12,9
DA:18,9
DA:24,9
DA:28,9
DA:34,9
DA:40,9
DA:48,9
DA:69,9
LF:11
LH:11
BRF:0
BRH:0
end_of_record
TN:
SF:app\routes\authRouter.js
FNF:0
FNH:0
DA:1,9
DA:3,9
DA:4,9
DA:5,9
DA:6,9
DA:8,9
DA:10,9
DA:11,9
DA:12,9
DA:14,9
DA:15,9
DA:17,9
DA:18,9
DA:19,9
DA:21,9
LF:15
LH:15
BRF:0
BRH:0
end_of_record
TN:
SF:app\routes\categoryRouter.js
FNF:0
FNH:0
DA:1,9
DA:2,9
DA:3,9
DA:4,9
DA:5,9
DA:6,9
DA:8,9
DA:9,9
DA:16,9
DA:17,9
DA:25,9
DA:33,9
LF:12
LH:12
BRF:0
BRH:0
end_of_record
TN:
SF:app\routes\chapterRouter.js
FNF:0
FNH:0
DA:1,9
DA:2,9
DA:4,9
DA:6,9
DA:7,9
DA:8,9
DA:9,9
DA:10,9
DA:12,9
LF:9
LH:9
BRF:0
BRH:0
end_of_record
TN:
SF:app\routes\contentRouter.js
FNF:0
FNH:0
DA:1,9
DA:3,9
DA:4,9
DA:8,9
DA:9,9
DA:10,9
DA:11,9
DA:12,9
DA:32,9
LF:9
LH:9
BRF:0
BRH:0
end_of_record
TN:
SF:app\routes\courseRouter.js
FNF:0
FNH:0
DA:1,9
DA:2,9
DA:3,9
DA:4,9
DA:5,9
DA:6,9
DA:7,9
DA:9,9
DA:10,9
DA:18,9
DA:19,9
DA:28,9
DA:36,9
LF:13
LH:13
BRF:0
BRH:0
end_of_record
TN:
SF:app\routes\courseUserRouter.js
FNF:0
FNH:0
DA:1,9
DA:2,9
DA:3,9
DA:4,9
DA:6,9
DA:12,9
DA:18,9
DA:24,9
DA:31,9
LF:9
LH:9
BRF:0
BRH:0
end_of_record
TN:
SF:app\routes\index.js
FNF:0
FNH:0
DA:1,9
DA:2,9
DA:3,9
DA:5,9
DA:6,9
DA:8,9
DA:9,9
DA:10,9
DA:11,9
DA:12,9
DA:13,9
DA:14,9
DA:15,9
DA:16,9
DA:17,9
DA:19,9
DA:20,9
DA:21,9
DA:22,9
DA:23,9
DA:24,9
DA:25,9
DA:26,9
DA:27,9
DA:30,9
LF:25
LH:25
BRF:0
BRH:0
end_of_record
TN:
SF:app\routes\notificationRouter.js
FNF:0
FNH:0
DA:1,9
DA:2,9
DA:3,9
DA:5,9
DA:6,9
DA:7,9
DA:9,9
LF:7
LH:7
BRF:0
BRH:0
end_of_record
TN:
SF:app\routes\transactionRouter.js
FNF:0
FNH:0
DA:1,9
DA:3,9
DA:4,9
DA:5,9
DA:7,9
DA:8,9
DA:10,9
DA:11,9
DA:12,9
DA:14,9
LF:10
LH:10
BRF:0
BRH:0
end_of_record
TN:
SF:app\routes\userRouter.js
FNF:0
FNH:0
DA:1,9
DA:2,9
DA:3,9
DA:4,9
DA:5,9
DA:7,9
DA:8,9
DA:9,9
DA:16,9
DA:22,9
DA:29,9
LF:11
LH:11
BRF:0
BRH:0
end_of_record
TN:
SF:utils\apiError.js
FN:2,(anonymous_0)
FNF:1
FNH:1
FNDA:61,(anonymous_0)
DA:3,61
DA:5,61
DA:6,61
DA:8,61
DA:12,9
LF:5
LH:5
BRDA:6,0,0,60
BRDA:6,0,1,1
BRF:2
BRH:2
end_of_record
TN:
SF:utils\generatedOTP.js
FN:1,(anonymous_0)
FNF:1
FNH:1
FNDA:7,(anonymous_0)
DA:1,9
DA:2,7
DA:3,7
DA:4,7
DA:6,0
DA:10,9
LF:6
LH:5
BRF:0
BRH:0
end_of_record
TN:
SF:utils\scheduleDeletion.js
FN:3,(anonymous_0)
FN:4,(anonymous_1)
FNF:2
FNH:1
FNDA:6,(anonymous_0)
FNDA:0,(anonymous_1)
DA:1,9
DA:3,9
DA:4,6
DA:5,0
DA:6,0
DA:7,0
DA:9,0
DA:14,9
LF:8
LH:4
BRF:0
BRH:0
end_of_record
TN:
SF:utils\sendEmail.js
FN:19,(anonymous_0)
FNF:1
FNH:1
FNDA:6,(anonymous_0)
DA:1,9
DA:2,9
DA:4,9
DA:5,9
DA:7,9
DA:19,9
DA:20,6
DA:21,6
DA:23,0
DA:27,9
LF:10
LH:9
BRF:0
BRH:0
end_of_record
